<?xml version="1.0" encoding="UTF-8"?>
<robot generator="Robot 7.3.2 (Python 3.12.6 on win32)" generated="2025-09-23T16:32:36.671456" rpa="false" schemaversion="5">
<suite id="s1" name="Test Cep" source="c:\workspace\Projeto_via_cep\tests\test_cep.robot">
<test id="s1-t1" name="Executar teste em amostra" line="7">
<kw name="Testar CEP" owner="keywords">
<if>
<branch type="IF" condition="$situacao == 'valido'">
<kw name="Teste tempo CEP válido" owner="keywords">
<kw name="Get CEP" owner="request">
<kw name="Replace String" owner="String">
<msg time="2025-09-23T16:32:37.583409" level="INFO">${endpoint} = ws/01001000/json</msg>
<var>${endpoint}</var>
<arg>${ENDPOINT_CONSULTA_CEP}</arg>
<arg>:cep:</arg>
<arg>${cep}</arg>
<doc>Replaces ``search_for`` in the given ``string`` with ``replace_with``.</doc>
<status status="PASS" start="2025-09-23T16:32:37.583409" elapsed="0.002002"/>
</kw>
<kw name="GET" owner="RequestsLibrary">
<msg time="2025-09-23T16:32:37.958233" level="INFO">GET Request : url=http://viacep.com.br/ws/01001000/json 
 path_url=/ws/01001000/json 
 headers={'User-Agent': 'python-requests/2.32.5', 'Accept-Encoding': 'gzip, deflate', 'Accept': '*/*', 'Connection': 'keep-alive'} 
 body=None 
 </msg>
<msg time="2025-09-23T16:32:37.958233" level="INFO">GET Response : url=http://viacep.com.br/ws/01001000/json 
 status=200, reason=OK 
 headers={'Server': 'nginx/1.22.0', 'Date': 'Tue, 23 Sep 2025 19:32:22 GMT', 'Content-Type': 'application/json; charset=utf-8', 'Transfer-Encoding': 'chunked', 'Connection': 'keep-alive', 'Expires': 'Tue, 23 Sep 2025 20:32:22 GMT', 'Cache-Control': 'max-age=3600, public', 'Pragma': 'public', 'Access-Control-Allow-Origin': '*', 'Access-Control-Allow-Methods': 'GET', 'Access-Control-Allow-Headers': 'Content-Type, X-Request-With, X-Requested-By', 'Access-Control-Allow-Credentials': 'true', 'Access-Control-Max-Age': '86400'} 
 body={
  "cep": "01001-000",
  "logradouro": "Praça da Sé",
  "complemento": "lado ímpar",
  "unidade": "",
  "bairro": "Sé",
  "localidade": "São Paulo",
  "uf": "SP",
  "estado": "São Paulo",
  "regiao": "Sudeste",
  "ibge": "3550308",
  "gia": "1004",
  "ddd": "11",
  "siafi": "7107"
} 
 </msg>
<msg time="2025-09-23T16:32:37.959234" level="INFO">${response} = &lt;Response [200]&gt;</msg>
<var>${response}</var>
<arg>url=${BASE_URL}/${endpoint}</arg>
<arg>expected_status=any</arg>
<doc>Sends a GET request.</doc>
<status status="PASS" start="2025-09-23T16:32:37.586422" elapsed="0.372812"/>
</kw>
<kw name="Set Variable" owner="BuiltIn">
<msg time="2025-09-23T16:32:37.960230" level="INFO">${status} = 200</msg>
<var>${status}</var>
<arg>${response.status_code}</arg>
<doc>Returns the given values which can then be assigned to a variables.</doc>
<status status="PASS" start="2025-09-23T16:32:37.959234" elapsed="0.000996"/>
</kw>
<kw name="Set Variable" owner="BuiltIn">
<msg time="2025-09-23T16:32:37.961234" level="INFO">${url_utilizada} = http://viacep.com.br/ws/01001000/json</msg>
<var>${url_utilizada}</var>
<arg>${response.url}</arg>
<doc>Returns the given values which can then be assigned to a variables.</doc>
<status status="PASS" start="2025-09-23T16:32:37.960230" elapsed="0.001004"/>
</kw>
<kw name="Set Variable" owner="BuiltIn">
<msg time="2025-09-23T16:32:37.962233" level="INFO">${metodo} = GET</msg>
<var>${metodo}</var>
<arg>${response.request.method}</arg>
<doc>Returns the given values which can then be assigned to a variables.</doc>
<status status="PASS" start="2025-09-23T16:32:37.961234" elapsed="0.000999"/>
</kw>
<kw name="Set Variable" owner="BuiltIn">
<msg time="2025-09-23T16:32:37.963233" level="INFO">${headers} = {'User-Agent': 'python-requests/2.32.5', 'Accept-Encoding': 'gzip, deflate', 'Accept': '*/*', 'Connection': 'keep-alive'}</msg>
<var>${headers}</var>
<arg>${response.request.headers}</arg>
<doc>Returns the given values which can then be assigned to a variables.</doc>
<status status="PASS" start="2025-09-23T16:32:37.962233" elapsed="0.001000"/>
</kw>
<return>
<value>${response}</value>
<value>${status}</value>
<value>${url_utilizada}</value>
<value>${metodo}</value>
<value>${headers}</value>
<status status="PASS" start="2025-09-23T16:32:37.963233" elapsed="0.000000"/>
</return>
<msg time="2025-09-23T16:32:37.964232" level="INFO">${response} = &lt;Response [200]&gt;</msg>
<msg time="2025-09-23T16:32:37.965237" level="INFO">${status} = 200</msg>
<msg time="2025-09-23T16:32:37.965237" level="INFO">${url} = http://viacep.com.br/ws/01001000/json</msg>
<msg time="2025-09-23T16:32:37.965237" level="INFO">${metodo} = GET</msg>
<msg time="2025-09-23T16:32:37.965237" level="INFO">${headers} = {'User-Agent': 'python-requests/2.32.5', 'Accept-Encoding': 'gzip, deflate', 'Accept': '*/*', 'Connection': 'keep-alive'}</msg>
<var>${response}</var>
<var>${status}</var>
<var>${url}</var>
<var>${metodo}</var>
<var>${headers}</var>
<arg>${cep}</arg>
<status status="PASS" start="2025-09-23T16:32:37.582409" elapsed="0.383822"/>
</kw>
<kw name="Evaluate" owner="BuiltIn">
<msg time="2025-09-23T16:32:37.966231" level="INFO">${secs} = 0.366876</msg>
<var>${secs}</var>
<arg>$response.elapsed.total_seconds()</arg>
<doc>Evaluates the given expression in Python and returns the result.</doc>
<status status="PASS" start="2025-09-23T16:32:37.966231" elapsed="0.001010"/>
</kw>
<kw name="Evaluate" owner="BuiltIn">
<msg time="2025-09-23T16:32:37.967241" level="INFO">${tempo_ms} = 367</msg>
<var>${tempo_ms}</var>
<arg>int(round($secs * 1000))</arg>
<doc>Evaluates the given expression in Python and returns the result.</doc>
<status status="PASS" start="2025-09-23T16:32:37.967241" elapsed="0.000000"/>
</kw>
<kw name="Should Be True" owner="BuiltIn">
<arg>$secs &lt; 2</arg>
<arg>msg=Tempo de resposta ${secs}s &gt;= 2s</arg>
<doc>Fails if the given condition is not true.</doc>
<status status="PASS" start="2025-09-23T16:32:37.967241" elapsed="0.000994"/>
</kw>
<kw name="Gerar PDF deste teste" owner="gerar_pdf" type="TEARDOWN">
<kw name="Create Directory" owner="OperatingSystem">
<msg time="2025-09-23T16:32:37.969236" level="INFO" html="true">Directory '&lt;a href="file://C:\workspace\Projeto_via_cep\output\pdf"&gt;C:\workspace\Projeto_via_cep\output\pdf&lt;/a&gt;' already exists.</msg>
<arg>output/pdf</arg>
<doc>Creates the specified directory.</doc>
<status status="PASS" start="2025-09-23T16:32:37.969236" elapsed="0.001003"/>
</kw>
<kw name="Replace String" owner="String">
<msg time="2025-09-23T16:32:37.971232" level="INFO">${safe} = Tempo-CEP-válido-01001000</msg>
<var>${safe}</var>
<arg>${nome}</arg>
<arg>${SPACE}</arg>
<arg>-</arg>
<doc>Replaces ``search_for`` in the given ``string`` with ``replace_with``.</doc>
<status status="PASS" start="2025-09-23T16:32:37.971232" elapsed="0.000000"/>
</kw>
<kw name="Set Variable" owner="BuiltIn">
<msg time="2025-09-23T16:32:37.972236" level="INFO">${out} = output/pdf/Tempo-CEP-válido-01001000.pdf</msg>
<var>${out}</var>
<arg>output/pdf/${safe}.pdf</arg>
<doc>Returns the given values which can then be assigned to a variables.</doc>
<status status="PASS" start="2025-09-23T16:32:37.971232" elapsed="0.001004"/>
</kw>
<kw name="Gerar PDF com log" owner="gerar_pdf">
<if>
<branch type="IF" condition="$out is None">
<kw name="Get Current Date" owner="DateTime">
<var>${ts}</var>
<arg>result_format=%Y%m%d-%H%M%S</arg>
<doc>Returns current local or UTC time with an optional increment.</doc>
<status status="NOT RUN" start="2025-09-23T16:32:37.974231" elapsed="0.000000"/>
</kw>
<kw name="Replace String" owner="String">
<var>${safe}</var>
<arg>${nome_consulta}</arg>
<arg>${SPACE}</arg>
<arg>-</arg>
<doc>Replaces ``search_for`` in the given ``string`` with ``replace_with``.</doc>
<status status="NOT RUN" start="2025-09-23T16:32:37.974231" elapsed="0.000000"/>
</kw>
<kw name="Set Variable" owner="BuiltIn">
<var>${out}</var>
<arg>output/pdf/${ts}_${safe}.pdf</arg>
<doc>Returns the given values which can then be assigned to a variables.</doc>
<status status="NOT RUN" start="2025-09-23T16:32:37.974231" elapsed="0.000000"/>
</kw>
<status status="NOT RUN" start="2025-09-23T16:32:37.973233" elapsed="0.001998"/>
</branch>
<status status="PASS" start="2025-09-23T16:32:37.973233" elapsed="0.001998"/>
</if>
<kw name="Create List" owner="BuiltIn">
<msg time="2025-09-23T16:32:37.975231" level="INFO">@{parts} = [ ]</msg>
<var>@{parts}</var>
<doc>Returns a list containing given items.</doc>
<status status="PASS" start="2025-09-23T16:32:37.975231" elapsed="0.001000"/>
</kw>
<kw name="Append To List" owner="Collections">
<arg>${parts}</arg>
<arg>&lt;div style="max-width:820px;margin:0 auto;font-family:Arial,Helvetica,sans-serif;"&gt;</arg>
<doc>Adds ``values`` to the end of ``list``.</doc>
<status status="PASS" start="2025-09-23T16:32:37.976231" elapsed="0.000000"/>
</kw>
<kw name="Append To List" owner="Collections">
<arg>${parts}</arg>
<arg>&lt;h2 style="text-align:center;color:#a00"&gt;==== Consulta: ${nome_consulta} ====&lt;/h2&gt;</arg>
<doc>Adds ``values`` to the end of ``list``.</doc>
<status status="PASS" start="2025-09-23T16:32:37.976231" elapsed="0.001006"/>
</kw>
<kw name="Run Keyword If" owner="BuiltIn">
<kw name="Append To List" owner="Collections">
<arg>${parts}</arg>
<arg>&lt;p style="text-align:center"&gt;&lt;b&gt;Status:&lt;/b&gt; ${status}&lt;/p&gt;</arg>
<doc>Adds ``values`` to the end of ``list``.</doc>
<status status="PASS" start="2025-09-23T16:32:37.978233" elapsed="0.000000"/>
</kw>
<arg>$status is not None</arg>
<arg>Append To List</arg>
<arg>${parts}</arg>
<arg>&lt;p style="text-align:center"&gt;&lt;b&gt;Status:&lt;/b&gt; ${status}&lt;/p&gt;</arg>
<doc>Runs the given keyword with the given arguments, if ``condition`` is true.</doc>
<status status="PASS" start="2025-09-23T16:32:37.977237" elapsed="0.000996"/>
</kw>
<kw name="Run Keyword If" owner="BuiltIn">
<kw name="Append To List" owner="Collections">
<arg>${parts}</arg>
<arg>&lt;p style="text-align:center"&gt;&lt;b&gt;URL:&lt;/b&gt; ${url_utilizada}&lt;/p&gt;</arg>
<doc>Adds ``values`` to the end of ``list``.</doc>
<status status="PASS" start="2025-09-23T16:32:37.979231" elapsed="0.000000"/>
</kw>
<arg>$url_utilizada is not None</arg>
<arg>Append To List</arg>
<arg>${parts}</arg>
<arg>&lt;p style="text-align:center"&gt;&lt;b&gt;URL:&lt;/b&gt; ${url_utilizada}&lt;/p&gt;</arg>
<doc>Runs the given keyword with the given arguments, if ``condition`` is true.</doc>
<status status="PASS" start="2025-09-23T16:32:37.978233" elapsed="0.000998"/>
</kw>
<kw name="Run Keyword If" owner="BuiltIn">
<kw name="Append To List" owner="Collections">
<arg>${parts}</arg>
<arg>&lt;p style="text-align:center"&gt;&lt;b&gt;Método:&lt;/b&gt; ${metodo}&lt;/p&gt;</arg>
<doc>Adds ``values`` to the end of ``list``.</doc>
<status status="PASS" start="2025-09-23T16:32:37.980231" elapsed="0.000000"/>
</kw>
<arg>$metodo is not None</arg>
<arg>Append To List</arg>
<arg>${parts}</arg>
<arg>&lt;p style="text-align:center"&gt;&lt;b&gt;Método:&lt;/b&gt; ${metodo}&lt;/p&gt;</arg>
<doc>Runs the given keyword with the given arguments, if ``condition`` is true.</doc>
<status status="PASS" start="2025-09-23T16:32:37.979231" elapsed="0.001000"/>
</kw>
<kw name="Run Keyword If" owner="BuiltIn">
<kw name="Append To List" owner="Collections">
<arg>${parts}</arg>
<arg>&lt;p style="text-align:center"&gt;&lt;b&gt;Tempo de resposta:&lt;/b&gt; ${tempo_ms} ms&lt;/p&gt;</arg>
<doc>Adds ``values`` to the end of ``list``.</doc>
<status status="PASS" start="2025-09-23T16:32:37.981232" elapsed="0.000000"/>
</kw>
<arg>$tempo_ms is not None</arg>
<arg>Append To List</arg>
<arg>${parts}</arg>
<arg>&lt;p style="text-align:center"&gt;&lt;b&gt;Tempo de resposta:&lt;/b&gt; ${tempo_ms} ms&lt;/p&gt;</arg>
<doc>Runs the given keyword with the given arguments, if ``condition`` is true.</doc>
<status status="PASS" start="2025-09-23T16:32:37.980231" elapsed="0.001001"/>
</kw>
<if>
<branch type="IF" condition="$headers is not None">
<kw name="Evaluate" owner="BuiltIn">
<msg time="2025-09-23T16:32:37.982232" level="INFO">${is_response} = False</msg>
<var>${is_response}</var>
<arg>hasattr($headers, "status_code") and hasattr($headers, "request")</arg>
<doc>Evaluates the given expression in Python and returns the result.</doc>
<status status="PASS" start="2025-09-23T16:32:37.982232" elapsed="0.000000"/>
</kw>
<if>
<branch type="IF" condition="${is_response}">
<kw name="Set Variable" owner="BuiltIn">
<var>${hdrs}</var>
<arg>${headers.request.headers}</arg>
<doc>Returns the given values which can then be assigned to a variables.</doc>
<status status="NOT RUN" start="2025-09-23T16:32:37.983232" elapsed="0.000000"/>
</kw>
<status status="NOT RUN" start="2025-09-23T16:32:37.982232" elapsed="0.001000"/>
</branch>
<branch type="ELSE">
<kw name="Set Variable" owner="BuiltIn">
<msg time="2025-09-23T16:32:37.983232" level="INFO">${hdrs} = {'User-Agent': 'python-requests/2.32.5', 'Accept-Encoding': 'gzip, deflate', 'Accept': '*/*', 'Connection': 'keep-alive'}</msg>
<var>${hdrs}</var>
<arg>${headers}</arg>
<doc>Returns the given values which can then be assigned to a variables.</doc>
<status status="PASS" start="2025-09-23T16:32:37.983232" elapsed="0.000000"/>
</kw>
<status status="PASS" start="2025-09-23T16:32:37.983232" elapsed="0.000000"/>
</branch>
<status status="PASS" start="2025-09-23T16:32:37.982232" elapsed="0.001999"/>
</if>
<kw name="Run Keyword And Ignore Error" owner="BuiltIn">
<kw name="Evaluate" owner="BuiltIn">
<arg>__import__("json").dumps(dict($hdrs), ensure_ascii=False, indent=2)</arg>
<doc>Evaluates the given expression in Python and returns the result.</doc>
<status status="PASS" start="2025-09-23T16:32:37.984231" elapsed="0.000000"/>
</kw>
<msg time="2025-09-23T16:32:37.984231" level="INFO">${ok} = PASS</msg>
<msg time="2025-09-23T16:32:37.985232" level="INFO">${pretty} = {
  "User-Agent": "python-requests/2.32.5",
  "Accept-Encoding": "gzip, deflate",
  "Accept": "*/*",
  "Connection": "keep-alive"
}</msg>
<var>${ok}</var>
<var>${pretty}</var>
<arg>Evaluate</arg>
<arg>__import__("json").dumps(dict($hdrs), ensure_ascii=False, indent=2)</arg>
<doc>Runs the given keyword with the given arguments and ignores possible error.</doc>
<status status="PASS" start="2025-09-23T16:32:37.984231" elapsed="0.001001"/>
</kw>
<kw name="Run Keyword If" owner="BuiltIn">
<kw name="Append To List" owner="Collections">
<arg>${parts}</arg>
<arg>&lt;h3&gt;Headers&lt;/h3&gt;&lt;pre style="background:#f5f5f5;padding:8px;border-radius:6px;white-space:pre-wrap;text-align:left"&gt;${pretty}&lt;/pre&gt;</arg>
<doc>Adds ``values`` to the end of ``list``.</doc>
<status status="PASS" start="2025-09-23T16:32:37.985232" elapsed="0.000000"/>
</kw>
<arg>'${ok}'=='PASS'</arg>
<arg>Append To List</arg>
<arg>${parts}</arg>
<arg>&lt;h3&gt;Headers&lt;/h3&gt;&lt;pre style="background:#f5f5f5;padding:8px;border-radius:6px;white-space:pre-wrap;text-align:left"&gt;${pretty}&lt;/pre&gt;</arg>
<doc>Runs the given keyword with the given arguments, if ``condition`` is true.</doc>
<status status="PASS" start="2025-09-23T16:32:37.985232" elapsed="0.000999"/>
</kw>
<kw name="Run Keyword If" owner="BuiltIn">
<arg>'${ok}'!='PASS'</arg>
<arg>Append To List</arg>
<arg>${parts}</arg>
<arg>&lt;h3&gt;Headers&lt;/h3&gt;&lt;pre style="background:#f5f5f5;padding:8px;border-radius:6px;white-space:pre-wrap;text-align:left"&gt;${hdrs}&lt;/pre&gt;</arg>
<doc>Runs the given keyword with the given arguments, if ``condition`` is true.</doc>
<status status="PASS" start="2025-09-23T16:32:37.986231" elapsed="0.001001"/>
</kw>
<status status="PASS" start="2025-09-23T16:32:37.981232" elapsed="0.006000"/>
</branch>
<status status="PASS" start="2025-09-23T16:32:37.981232" elapsed="0.006000"/>
</if>
<if>
<branch type="IF" condition="$response is not None">
<kw name="Evaluate" owner="BuiltIn">
<msg time="2025-09-23T16:32:37.988241" level="INFO">${has_text} = True</msg>
<var>${has_text}</var>
<arg>hasattr($response, "text")</arg>
<doc>Evaluates the given expression in Python and returns the result.</doc>
<status status="PASS" start="2025-09-23T16:32:37.987232" elapsed="0.001009"/>
</kw>
<kw name="Run Keyword If" owner="BuiltIn">
<kw name="Set Variable" owner="BuiltIn">
<arg>${response.text}</arg>
<doc>Returns the given values which can then be assigned to a variables.</doc>
<status status="PASS" start="2025-09-23T16:32:37.989241" elapsed="0.000999"/>
</kw>
<msg time="2025-09-23T16:32:37.990240" level="INFO">${text} = {
  "cep": "01001-000",
  "logradouro": "Praça da Sé",
  "complemento": "lado ímpar",
  "unidade": "",
  "bairro": "Sé",
  "localidade": "São Paulo",
  "uf": "SP",
  "estado": "São Paulo",
  "regiao":...</msg>
<var>${text}</var>
<arg>${has_text}</arg>
<arg>Set Variable</arg>
<arg>${response.text}</arg>
<arg>ELSE</arg>
<arg>Set Variable</arg>
<arg>${response}</arg>
<doc>Runs the given keyword with the given arguments, if ``condition`` is true.</doc>
<status status="PASS" start="2025-09-23T16:32:37.988241" elapsed="0.001999"/>
</kw>
<kw name="Run Keyword And Ignore Error" owner="BuiltIn">
<kw name="Evaluate" owner="BuiltIn">
<arg>__import__("json").loads($text)</arg>
<doc>Evaluates the given expression in Python and returns the result.</doc>
<status status="PASS" start="2025-09-23T16:32:37.991258" elapsed="0.000000"/>
</kw>
<msg time="2025-09-23T16:32:37.992242" level="INFO">${ok} = PASS</msg>
<msg time="2025-09-23T16:32:37.992242" level="INFO">${maybe_json} = {'cep': '01001-000', 'logradouro': 'Praça da Sé', 'complemento': 'lado ímpar', 'unidade': '', 'bairro': 'Sé', 'localidade': 'São Paulo', 'uf': 'SP', 'estado': 'São Paulo', 'regiao': 'Sudeste', 'ibge':...</msg>
<var>${ok}</var>
<var>${maybe_json}</var>
<arg>Evaluate</arg>
<arg>__import__("json").loads($text)</arg>
<doc>Runs the given keyword with the given arguments and ignores possible error.</doc>
<status status="PASS" start="2025-09-23T16:32:37.991258" elapsed="0.000984"/>
</kw>
<kw name="Run Keyword If" owner="BuiltIn">
<kw name="Evaluate" owner="BuiltIn">
<arg>__import__("json").dumps($maybe_json, ensure_ascii=False, indent=2)</arg>
<doc>Evaluates the given expression in Python and returns the result.</doc>
<status status="PASS" start="2025-09-23T16:32:37.992242" elapsed="0.000997"/>
</kw>
<msg time="2025-09-23T16:32:37.993239" level="INFO">${resp_txt} = {
  "cep": "01001-000",
  "logradouro": "Praça da Sé",
  "complemento": "lado ímpar",
  "unidade": "",
  "bairro": "Sé",
  "localidade": "São Paulo",
  "uf": "SP",
  "estado": "São Paulo",
  "regiao":...</msg>
<var>${resp_txt}</var>
<arg>'${ok}'=='PASS'</arg>
<arg>Evaluate</arg>
<arg>__import__("json").dumps($maybe_json, ensure_ascii=False, indent=2)</arg>
<arg>ELSE</arg>
<arg>Set Variable</arg>
<arg>${text}</arg>
<doc>Runs the given keyword with the given arguments, if ``condition`` is true.</doc>
<status status="PASS" start="2025-09-23T16:32:37.992242" elapsed="0.000997"/>
</kw>
<kw name="Append To List" owner="Collections">
<arg>${parts}</arg>
<arg>&lt;h3&gt;Response&lt;/h3&gt;&lt;pre style="background:#f5f5f5;padding:8px;border-radius:6px;white-space:pre-wrap;text-align:left"&gt;${resp_txt}&lt;/pre&gt;</arg>
<doc>Adds ``values`` to the end of ``list``.</doc>
<status status="PASS" start="2025-09-23T16:32:37.993239" elapsed="0.000999"/>
</kw>
<status status="PASS" start="2025-09-23T16:32:37.987232" elapsed="0.007006"/>
</branch>
<status status="PASS" start="2025-09-23T16:32:37.987232" elapsed="0.007006"/>
</if>
<kw name="Append To List" owner="Collections">
<arg>${parts}</arg>
<arg>&lt;p style="text-align:center"&gt;Fim do log&lt;/p&gt;</arg>
<doc>Adds ``values`` to the end of ``list``.</doc>
<status status="PASS" start="2025-09-23T16:32:37.994238" elapsed="0.000000"/>
</kw>
<kw name="Append To List" owner="Collections">
<arg>${parts}</arg>
<arg>&lt;/div&gt;</arg>
<doc>Adds ``values`` to the end of ``list``.</doc>
<status status="PASS" start="2025-09-23T16:32:37.995241" elapsed="0.000000"/>
</kw>
<kw name="Catenate" owner="BuiltIn">
<msg time="2025-09-23T16:32:37.995241" level="INFO">${html} = &lt;div style="max-width:820px;margin:0 auto;font-family:Arial,Helvetica,sans-serif;"&gt;
&lt;h2 style="text-align:center;color:#a00"&gt;==== Consulta: Tempo CEP válido 01001000 ====&lt;/h2&gt;
&lt;p style="text-align:cen...</msg>
<var>${html}</var>
<arg>SEPARATOR=\n</arg>
<arg>@{parts}</arg>
<doc>Catenates the given items together and returns the resulted string.</doc>
<status status="PASS" start="2025-09-23T16:32:37.995241" elapsed="0.001001"/>
</kw>
<kw name="Html To Pdf" owner="RPA.PDF">
<msg time="2025-09-23T16:32:37.997249" level="INFO">Writing output to file C:\workspace\Projeto_via_cep\output\pdf\Tempo-CEP-válido-01001000.pdf</msg>
<msg time="2025-09-23T16:32:38.079519" level="INFO">maxp pruned</msg>
<msg time="2025-09-23T16:32:38.080518" level="INFO">cmap pruned</msg>
<msg time="2025-09-23T16:32:38.081518" level="INFO">post pruned</msg>
<msg time="2025-09-23T16:32:38.084524" level="INFO">GDEF dropped</msg>
<msg time="2025-09-23T16:32:38.084524" level="INFO">GPOS dropped</msg>
<msg time="2025-09-23T16:32:38.084524" level="INFO">GSUB dropped</msg>
<msg time="2025-09-23T16:32:38.084524" level="INFO">glyf pruned</msg>
<msg time="2025-09-23T16:32:38.085516" level="INFO">Added gid0 to subset</msg>
<msg time="2025-09-23T16:32:38.085516" level="INFO">Added first four glyphs to subset</msg>
<msg time="2025-09-23T16:32:38.086521" level="INFO">Closing glyph list over 'glyf': 44 glyphs before</msg>
<msg time="2025-09-23T16:32:38.086521" level="INFO">Glyph names: ['.notdef', '.null', 'uni0020', 'uni002E', 'uni002F', 'uni0030', 'uni0031', 'uni0032', 'uni0033', 'uni0036', 'uni0037', 'uni003A', 'uni003D', 'uni0041', 'uni0043', 'uni0045', 'uni0046', 'uni0047', 'uni0048', 'uni0050', 'uni0052', 'uni0054', 'uni0061', 'uni0062', 'uni0063', 'uni0064', 'uni0065', 'uni0067', 'uni0068', 'uni0069', 'uni006A', 'uni006C', 'uni006D', 'uni006E', 'uni006F', 'uni0070', 'uni0072', 'uni0073', 'uni0074', 'uni0075', 'uni0076', 'uni0077', 'uni00C4', 'uni00E1']</msg>
<msg time="2025-09-23T16:32:38.086521" level="INFO">Glyph IDs:   [0, 1, 2, 3, 73, 95, 137, 141, 161, 374, 382, 409, 504, 505, 575, 582, 594, 612, 650, 660, 679, 707, 723, 752, 759, 775, 827, 837, 867, 884, 899, 932, 936, 1294, 1295, 1296, 1298, 1302, 1303, 1357, 1404, 1407, 1426, 1681]</msg>
<msg time="2025-09-23T16:32:38.086521" level="INFO">Closed glyph list over 'glyf': 45 glyphs after</msg>
<msg time="2025-09-23T16:32:38.087513" level="INFO">Glyph names: ['.notdef', '.null', 'uni0020', 'uni002E', 'uni002F', 'uni0030', 'uni0031', 'uni0032', 'uni0033', 'uni0036', 'uni0037', 'uni003A', 'uni003D', 'uni0041', 'uni0043', 'uni0045', 'uni0046', 'uni0047', 'uni0048', 'uni0050', 'uni0052', 'uni0054', 'uni0061', 'uni0062', 'uni0063', 'uni0064', 'uni0065', 'uni0067', 'uni0068', 'uni0069', 'uni006A', 'uni006C', 'uni006D', 'uni006E', 'uni006F', 'uni0070', 'uni0072', 'uni0073', 'uni0074', 'uni0075', 'uni0076', 'uni0077', 'uni00B4', 'uni00C4', 'uni00E1']</msg>
<msg time="2025-09-23T16:32:38.087513" level="INFO">Glyph IDs:   [0, 1, 2, 3, 73, 95, 137, 141, 161, 374, 382, 409, 504, 505, 575, 582, 594, 612, 650, 660, 679, 707, 723, 752, 759, 775, 827, 837, 867, 884, 899, 932, 936, 1294, 1295, 1296, 1298, 1302, 1303, 1357, 1404, 1407, 1426, 1636, 1681]</msg>
<msg time="2025-09-23T16:32:38.087513" level="INFO">Retaining 45 glyphs</msg>
<msg time="2025-09-23T16:32:38.087513" level="INFO">head subsetting not needed</msg>
<msg time="2025-09-23T16:32:38.088513" level="INFO">hhea subsetting not needed</msg>
<msg time="2025-09-23T16:32:38.088513" level="INFO">maxp subsetting not needed</msg>
<msg time="2025-09-23T16:32:38.088513" level="INFO">OS/2 subsetting not needed</msg>
<msg time="2025-09-23T16:32:38.088513" level="INFO">hmtx subsetted</msg>
<msg time="2025-09-23T16:32:38.089513" level="INFO">cmap subsetted</msg>
<msg time="2025-09-23T16:32:38.089513" level="INFO">prep subsetting not needed</msg>
<msg time="2025-09-23T16:32:38.090513" level="INFO">loca subsetting not needed</msg>
<msg time="2025-09-23T16:32:38.090513" level="INFO">post subsetted</msg>
<msg time="2025-09-23T16:32:38.090513" level="INFO">gasp subsetting not needed</msg>
<msg time="2025-09-23T16:32:38.090513" level="INFO">STAT subsetting not needed</msg>
<msg time="2025-09-23T16:32:38.090513" level="INFO">name subsetting not needed</msg>
<msg time="2025-09-23T16:32:38.091518" level="INFO">glyf subsetted</msg>
<msg time="2025-09-23T16:32:38.092518" level="INFO">head pruned</msg>
<msg time="2025-09-23T16:32:38.092518" level="INFO">OS/2 Unicode ranges pruned: [0, 1]</msg>
<msg time="2025-09-23T16:32:38.092518" level="INFO">OS/2 CodePage ranges pruned: [0]</msg>
<msg time="2025-09-23T16:32:38.093517" level="INFO">glyf pruned</msg>
<msg time="2025-09-23T16:32:38.094518" level="INFO">name pruned</msg>
<msg time="2025-09-23T16:32:38.112515" level="INFO">maxp pruned</msg>
<msg time="2025-09-23T16:32:38.113515" level="INFO">cmap pruned</msg>
<msg time="2025-09-23T16:32:38.113515" level="INFO">post pruned</msg>
<msg time="2025-09-23T16:32:38.113515" level="INFO">GDEF dropped</msg>
<msg time="2025-09-23T16:32:38.113515" level="INFO">GPOS dropped</msg>
<msg time="2025-09-23T16:32:38.113515" level="INFO">GSUB dropped</msg>
<msg time="2025-09-23T16:32:38.113515" level="INFO">glyf pruned</msg>
<msg time="2025-09-23T16:32:38.114514" level="INFO">Added gid0 to subset</msg>
<msg time="2025-09-23T16:32:38.114514" level="INFO">Added first four glyphs to subset</msg>
<msg time="2025-09-23T16:32:38.114514" level="INFO">Closing glyph list over 'glyf': 23 glyphs before</msg>
<msg time="2025-09-23T16:32:38.115514" level="INFO">Glyph names: ['.notdef', '.null', 'uni0020', 'uni003A', 'uni0041', 'uni004C', 'uni004D', 'uni0052', 'uni0053', 'uni0054', 'uni0055', 'uni0061', 'uni0064', 'uni0065', 'uni006D', 'uni006F', 'uni0070', 'uni0072', 'uni0073', 'uni0074', 'uni0075', 'uni00C4', 'uni00E9']</msg>
<msg time="2025-09-23T16:32:38.115514" level="INFO">Glyph IDs:   [0, 1, 2, 3, 280, 291, 382, 395, 409, 421, 504, 594, 612, 616, 752, 775, 827, 837, 867, 884, 899, 1407, 1681]</msg>
<msg time="2025-09-23T16:32:38.115514" level="INFO">Closed glyph list over 'glyf': 24 glyphs after</msg>
<msg time="2025-09-23T16:32:38.115514" level="INFO">Glyph names: ['.notdef', '.null', 'uni0020', 'uni003A', 'uni0041', 'uni004C', 'uni004D', 'uni0052', 'uni0053', 'uni0054', 'uni0055', 'uni0061', 'uni0064', 'uni0065', 'uni006D', 'uni006F', 'uni0070', 'uni0072', 'uni0073', 'uni0074', 'uni0075', 'uni00B4', 'uni00C4', 'uni00E9']</msg>
<msg time="2025-09-23T16:32:38.116530" level="INFO">Glyph IDs:   [0, 1, 2, 3, 280, 291, 382, 395, 409, 421, 504, 594, 612, 616, 752, 775, 827, 837, 867, 884, 899, 1407, 1636, 1681]</msg>
<msg time="2025-09-23T16:32:38.116530" level="INFO">Retaining 24 glyphs</msg>
<msg time="2025-09-23T16:32:38.116530" level="INFO">head subsetting not needed</msg>
<msg time="2025-09-23T16:32:38.116530" level="INFO">hhea subsetting not needed</msg>
<msg time="2025-09-23T16:32:38.117512" level="INFO">maxp subsetting not needed</msg>
<msg time="2025-09-23T16:32:38.117512" level="INFO">OS/2 subsetting not needed</msg>
<msg time="2025-09-23T16:32:38.117512" level="INFO">hmtx subsetted</msg>
<msg time="2025-09-23T16:32:38.118512" level="INFO">cmap subsetted</msg>
<msg time="2025-09-23T16:32:38.118512" level="INFO">prep subsetting not needed</msg>
<msg time="2025-09-23T16:32:38.118512" level="INFO">loca subsetting not needed</msg>
<msg time="2025-09-23T16:32:38.119512" level="INFO">post subsetted</msg>
<msg time="2025-09-23T16:32:38.119512" level="INFO">gasp subsetting not needed</msg>
<msg time="2025-09-23T16:32:38.119512" level="INFO">STAT subsetting not needed</msg>
<msg time="2025-09-23T16:32:38.119512" level="INFO">name subsetting not needed</msg>
<msg time="2025-09-23T16:32:38.120512" level="INFO">glyf subsetted</msg>
<msg time="2025-09-23T16:32:38.120512" level="INFO">head pruned</msg>
<msg time="2025-09-23T16:32:38.121522" level="INFO">OS/2 Unicode ranges pruned: [0, 1]</msg>
<msg time="2025-09-23T16:32:38.121522" level="INFO">OS/2 CodePage ranges pruned: [0]</msg>
<msg time="2025-09-23T16:32:38.121522" level="INFO">glyf pruned</msg>
<msg time="2025-09-23T16:32:38.123517" level="INFO">name pruned</msg>
<msg time="2025-09-23T16:32:38.136515" level="INFO">maxp pruned</msg>
<msg time="2025-09-23T16:32:38.137515" level="INFO">cmap pruned</msg>
<msg time="2025-09-23T16:32:38.137515" level="INFO">post pruned</msg>
<msg time="2025-09-23T16:32:38.137515" level="INFO">GDEF dropped</msg>
<msg time="2025-09-23T16:32:38.138514" level="INFO">GPOS dropped</msg>
<msg time="2025-09-23T16:32:38.138514" level="INFO">GSUB dropped</msg>
<msg time="2025-09-23T16:32:38.138514" level="INFO">glyf pruned</msg>
<msg time="2025-09-23T16:32:38.141516" level="INFO">Added gid0 to subset</msg>
<msg time="2025-09-23T16:32:38.141516" level="INFO">Added first four glyphs to subset</msg>
<msg time="2025-09-23T16:32:38.141516" level="INFO">Closing glyph list over 'glyf': 4 glyphs before</msg>
<msg time="2025-09-23T16:32:38.141516" level="INFO">Glyph names: ['.notdef', '.null', 'uni0020', 'uni00A0']</msg>
<msg time="2025-09-23T16:32:38.141516" level="INFO">Glyph IDs:   [0, 1, 2, 3]</msg>
<msg time="2025-09-23T16:32:38.141516" level="INFO">Closed glyph list over 'glyf': 4 glyphs after</msg>
<msg time="2025-09-23T16:32:38.142523" level="INFO">Glyph names: ['.notdef', '.null', 'uni0020', 'uni00A0']</msg>
<msg time="2025-09-23T16:32:38.142523" level="INFO">Glyph IDs:   [0, 1, 2, 3]</msg>
<msg time="2025-09-23T16:32:38.142523" level="INFO">Retaining 4 glyphs</msg>
<msg time="2025-09-23T16:32:38.142523" level="INFO">head subsetting not needed</msg>
<msg time="2025-09-23T16:32:38.142523" level="INFO">hhea subsetting not needed</msg>
<msg time="2025-09-23T16:32:38.143516" level="INFO">maxp subsetting not needed</msg>
<msg time="2025-09-23T16:32:38.143516" level="INFO">OS/2 subsetting not needed</msg>
<msg time="2025-09-23T16:32:38.144529" level="INFO">hmtx subsetted</msg>
<msg time="2025-09-23T16:32:38.145516" level="INFO">cmap subsetted</msg>
<msg time="2025-09-23T16:32:38.145516" level="INFO">loca subsetting not needed</msg>
<msg time="2025-09-23T16:32:38.146522" level="INFO">post subsetted</msg>
<msg time="2025-09-23T16:32:38.146522" level="INFO">name subsetting not needed</msg>
<msg time="2025-09-23T16:32:38.147517" level="INFO">glyf subsetted</msg>
<msg time="2025-09-23T16:32:38.147517" level="INFO">head pruned</msg>
<msg time="2025-09-23T16:32:38.148516" level="INFO">OS/2 Unicode ranges pruned: [0]</msg>
<msg time="2025-09-23T16:32:38.148516" level="INFO">OS/2 CodePage ranges pruned: [0]</msg>
<msg time="2025-09-23T16:32:38.148516" level="INFO">glyf pruned</msg>
<msg time="2025-09-23T16:32:38.149516" level="INFO">name pruned</msg>
<msg time="2025-09-23T16:32:38.156515" level="INFO">maxp pruned</msg>
<msg time="2025-09-23T16:32:38.156515" level="INFO">cmap pruned</msg>
<msg time="2025-09-23T16:32:38.157514" level="INFO">post pruned</msg>
<msg time="2025-09-23T16:32:38.157514" level="INFO">GDEF dropped</msg>
<msg time="2025-09-23T16:32:38.157514" level="INFO">GPOS dropped</msg>
<msg time="2025-09-23T16:32:38.157514" level="INFO">GSUB dropped</msg>
<msg time="2025-09-23T16:32:38.158541" level="INFO">glyf pruned</msg>
<msg time="2025-09-23T16:32:38.161515" level="INFO">Added gid0 to subset</msg>
<msg time="2025-09-23T16:32:38.161515" level="INFO">Added first four glyphs to subset</msg>
<msg time="2025-09-23T16:32:38.161515" level="INFO">Closing glyph list over 'glyf': 4 glyphs before</msg>
<msg time="2025-09-23T16:32:38.161515" level="INFO">Glyph names: ['.notdef', '.null', 'uni0020', 'uni00A0']</msg>
<msg time="2025-09-23T16:32:38.161515" level="INFO">Glyph IDs:   [0, 1, 2, 3]</msg>
<msg time="2025-09-23T16:32:38.162514" level="INFO">Closed glyph list over 'glyf': 4 glyphs after</msg>
<msg time="2025-09-23T16:32:38.162514" level="INFO">Glyph names: ['.notdef', '.null', 'uni0020', 'uni00A0']</msg>
<msg time="2025-09-23T16:32:38.162514" level="INFO">Glyph IDs:   [0, 1, 2, 3]</msg>
<msg time="2025-09-23T16:32:38.162514" level="INFO">Retaining 4 glyphs</msg>
<msg time="2025-09-23T16:32:38.163514" level="INFO">head subsetting not needed</msg>
<msg time="2025-09-23T16:32:38.163514" level="INFO">hhea subsetting not needed</msg>
<msg time="2025-09-23T16:32:38.163514" level="INFO">maxp subsetting not needed</msg>
<msg time="2025-09-23T16:32:38.163514" level="INFO">OS/2 subsetting not needed</msg>
<msg time="2025-09-23T16:32:38.164514" level="INFO">hmtx subsetted</msg>
<msg time="2025-09-23T16:32:38.165515" level="INFO">cmap subsetted</msg>
<msg time="2025-09-23T16:32:38.165515" level="INFO">loca subsetting not needed</msg>
<msg time="2025-09-23T16:32:38.165515" level="INFO">post subsetted</msg>
<msg time="2025-09-23T16:32:38.165515" level="INFO">name subsetting not needed</msg>
<msg time="2025-09-23T16:32:38.166513" level="INFO">glyf subsetted</msg>
<msg time="2025-09-23T16:32:38.166513" level="INFO">head pruned</msg>
<msg time="2025-09-23T16:32:38.166513" level="INFO">OS/2 Unicode ranges pruned: [0]</msg>
<msg time="2025-09-23T16:32:38.166513" level="INFO">OS/2 CodePage ranges pruned: [0]</msg>
<msg time="2025-09-23T16:32:38.167513" level="INFO">glyf pruned</msg>
<msg time="2025-09-23T16:32:38.167513" level="INFO">name pruned</msg>
<arg>${html}</arg>
<arg>${out}</arg>
<doc>Generate a PDF file from HTML content.</doc>
<status status="PASS" start="2025-09-23T16:32:37.996242" elapsed="0.182274"/>
</kw>
<return>
<value>${out}</value>
<status status="PASS" start="2025-09-23T16:32:38.179516" elapsed="0.000000"/>
</return>
<msg time="2025-09-23T16:32:38.180516" level="INFO">${pdf} = output/pdf/Tempo-CEP-válido-01001000.pdf</msg>
<var>${pdf}</var>
<arg>nome_consulta=${nome}</arg>
<arg>response=${response}</arg>
<arg>status=${status}</arg>
<arg>url_utilizada=${url}</arg>
<arg>metodo=${metodo}</arg>
<arg>headers=${headers}</arg>
<arg>out=${out}</arg>
<arg>tempo_ms=${tempo_ms}</arg>
<status status="PASS" start="2025-09-23T16:32:37.972236" elapsed="0.208280"/>
</kw>
<kw name="Log To Console" owner="BuiltIn">
<arg>PDF gerado: ${pdf}</arg>
<doc>Logs the given message to the console.</doc>
<status status="PASS" start="2025-09-23T16:32:38.181515" elapsed="0.001001"/>
</kw>
<arg>Tempo CEP válido ${cep}</arg>
<arg>${response}</arg>
<arg>${status}</arg>
<arg>${url}</arg>
<arg>${metodo}</arg>
<arg>${headers}</arg>
<arg>${tempo_ms}</arg>
<status status="PASS" start="2025-09-23T16:32:37.968235" elapsed="0.214281"/>
</kw>
<arg>${cep}</arg>
<status status="PASS" start="2025-09-23T16:32:37.581409" elapsed="0.601107"/>
</kw>
<status status="PASS" start="2025-09-23T16:32:37.581409" elapsed="0.601107"/>
</branch>
<branch type="ELSE IF" condition="$situacao == 'invalido'">
<kw name="Teste CEP inexistente" owner="keywords">
<arg>${cep}</arg>
<status status="NOT RUN" start="2025-09-23T16:32:38.183516" elapsed="0.000000"/>
</kw>
<status status="NOT RUN" start="2025-09-23T16:32:38.182516" elapsed="0.001000"/>
</branch>
<branch type="ELSE IF" condition="$situacao == 'malformado'">
<kw name="Teste tempo CEP malformado" owner="keywords">
<arg>${cep}</arg>
<status status="NOT RUN" start="2025-09-23T16:32:38.184514" elapsed="0.000000"/>
</kw>
<status status="NOT RUN" start="2025-09-23T16:32:38.183516" elapsed="0.000998"/>
</branch>
<status status="PASS" start="2025-09-23T16:32:37.581409" elapsed="0.603105"/>
</if>
<arg>01001000</arg>
<arg>valido</arg>
<status status="PASS" start="2025-09-23T16:32:37.580410" elapsed="0.604104"/>
</kw>
<kw name="Testar CEP" owner="keywords">
<if>
<branch type="IF" condition="$situacao == 'valido'">
<kw name="Teste tempo CEP válido" owner="keywords">
<kw name="Get CEP" owner="request">
<kw name="Replace String" owner="String">
<msg time="2025-09-23T16:32:38.187519" level="INFO">${endpoint} = ws/30140071/json</msg>
<var>${endpoint}</var>
<arg>${ENDPOINT_CONSULTA_CEP}</arg>
<arg>:cep:</arg>
<arg>${cep}</arg>
<doc>Replaces ``search_for`` in the given ``string`` with ``replace_with``.</doc>
<status status="PASS" start="2025-09-23T16:32:38.187519" elapsed="0.000998"/>
</kw>
<kw name="GET" owner="RequestsLibrary">
<msg time="2025-09-23T16:32:38.699038" level="INFO">GET Request : url=http://viacep.com.br/ws/30140071/json 
 path_url=/ws/30140071/json 
 headers={'User-Agent': 'python-requests/2.32.5', 'Accept-Encoding': 'gzip, deflate', 'Accept': '*/*', 'Connection': 'keep-alive'} 
 body=None 
 </msg>
<msg time="2025-09-23T16:32:38.699038" level="INFO">GET Response : url=http://viacep.com.br/ws/30140071/json 
 status=200, reason=OK 
 headers={'Server': 'nginx/1.22.0', 'Date': 'Tue, 23 Sep 2025 19:32:22 GMT', 'Content-Type': 'application/json; charset=utf-8', 'Transfer-Encoding': 'chunked', 'Connection': 'keep-alive', 'Expires': 'Tue, 23 Sep 2025 20:32:22 GMT', 'Cache-Control': 'max-age=3600, public', 'Pragma': 'public', 'Access-Control-Allow-Origin': '*', 'Access-Control-Allow-Methods': 'GET', 'Access-Control-Allow-Headers': 'Content-Type, X-Request-With, X-Requested-By', 'Access-Control-Allow-Credentials': 'true', 'Access-Control-Max-Age': '86400'} 
 body={
  "cep": "30140-071",
  "logradouro": "Rua dos Aimorés",
  "complemento": "de 971/972 a 1399/1400",
  "unidade": "",
  "bairro": "Boa Viagem",
  "localidade": "Belo Horizonte",
  "uf": "MG",
  "estado": "Minas Gerais",
  "regiao": "Sudeste",
  "ibge": "3106200",
  "gia": "",
  "ddd": "31",
  "siafi": "4123"
} 
 </msg>
<msg time="2025-09-23T16:32:38.700064" level="INFO">${response} = &lt;Response [200]&gt;</msg>
<var>${response}</var>
<arg>url=${BASE_URL}/${endpoint}</arg>
<arg>expected_status=any</arg>
<doc>Sends a GET request.</doc>
<status status="PASS" start="2025-09-23T16:32:38.188517" elapsed="0.511547"/>
</kw>
<kw name="Set Variable" owner="BuiltIn">
<msg time="2025-09-23T16:32:38.700064" level="INFO">${status} = 200</msg>
<var>${status}</var>
<arg>${response.status_code}</arg>
<doc>Returns the given values which can then be assigned to a variables.</doc>
<status status="PASS" start="2025-09-23T16:32:38.700064" elapsed="0.001001"/>
</kw>
<kw name="Set Variable" owner="BuiltIn">
<msg time="2025-09-23T16:32:38.702036" level="INFO">${url_utilizada} = http://viacep.com.br/ws/30140071/json</msg>
<var>${url_utilizada}</var>
<arg>${response.url}</arg>
<doc>Returns the given values which can then be assigned to a variables.</doc>
<status status="PASS" start="2025-09-23T16:32:38.701065" elapsed="0.000971"/>
</kw>
<kw name="Set Variable" owner="BuiltIn">
<msg time="2025-09-23T16:32:38.702036" level="INFO">${metodo} = GET</msg>
<var>${metodo}</var>
<arg>${response.request.method}</arg>
<doc>Returns the given values which can then be assigned to a variables.</doc>
<status status="PASS" start="2025-09-23T16:32:38.702036" elapsed="0.001003"/>
</kw>
<kw name="Set Variable" owner="BuiltIn">
<msg time="2025-09-23T16:32:38.703039" level="INFO">${headers} = {'User-Agent': 'python-requests/2.32.5', 'Accept-Encoding': 'gzip, deflate', 'Accept': '*/*', 'Connection': 'keep-alive'}</msg>
<var>${headers}</var>
<arg>${response.request.headers}</arg>
<doc>Returns the given values which can then be assigned to a variables.</doc>
<status status="PASS" start="2025-09-23T16:32:38.703039" elapsed="0.000000"/>
</kw>
<return>
<value>${response}</value>
<value>${status}</value>
<value>${url_utilizada}</value>
<value>${metodo}</value>
<value>${headers}</value>
<status status="PASS" start="2025-09-23T16:32:38.703039" elapsed="0.000995"/>
</return>
<msg time="2025-09-23T16:32:38.704034" level="INFO">${response} = &lt;Response [200]&gt;</msg>
<msg time="2025-09-23T16:32:38.704034" level="INFO">${status} = 200</msg>
<msg time="2025-09-23T16:32:38.704034" level="INFO">${url} = http://viacep.com.br/ws/30140071/json</msg>
<msg time="2025-09-23T16:32:38.704034" level="INFO">${metodo} = GET</msg>
<msg time="2025-09-23T16:32:38.704034" level="INFO">${headers} = {'User-Agent': 'python-requests/2.32.5', 'Accept-Encoding': 'gzip, deflate', 'Accept': '*/*', 'Connection': 'keep-alive'}</msg>
<var>${response}</var>
<var>${status}</var>
<var>${url}</var>
<var>${metodo}</var>
<var>${headers}</var>
<arg>${cep}</arg>
<status status="PASS" start="2025-09-23T16:32:38.187519" elapsed="0.516515"/>
</kw>
<kw name="Evaluate" owner="BuiltIn">
<msg time="2025-09-23T16:32:38.705041" level="INFO">${secs} = 0.509183</msg>
<var>${secs}</var>
<arg>$response.elapsed.total_seconds()</arg>
<doc>Evaluates the given expression in Python and returns the result.</doc>
<status status="PASS" start="2025-09-23T16:32:38.705041" elapsed="0.000000"/>
</kw>
<kw name="Evaluate" owner="BuiltIn">
<msg time="2025-09-23T16:32:38.706036" level="INFO">${tempo_ms} = 509</msg>
<var>${tempo_ms}</var>
<arg>int(round($secs * 1000))</arg>
<doc>Evaluates the given expression in Python and returns the result.</doc>
<status status="PASS" start="2025-09-23T16:32:38.706036" elapsed="0.000000"/>
</kw>
<kw name="Should Be True" owner="BuiltIn">
<arg>$secs &lt; 2</arg>
<arg>msg=Tempo de resposta ${secs}s &gt;= 2s</arg>
<doc>Fails if the given condition is not true.</doc>
<status status="PASS" start="2025-09-23T16:32:38.706036" elapsed="0.001002"/>
</kw>
<kw name="Gerar PDF deste teste" owner="gerar_pdf" type="TEARDOWN">
<kw name="Create Directory" owner="OperatingSystem">
<msg time="2025-09-23T16:32:38.708034" level="INFO" html="true">Directory '&lt;a href="file://C:\workspace\Projeto_via_cep\output\pdf"&gt;C:\workspace\Projeto_via_cep\output\pdf&lt;/a&gt;' already exists.</msg>
<arg>output/pdf</arg>
<doc>Creates the specified directory.</doc>
<status status="PASS" start="2025-09-23T16:32:38.708034" elapsed="0.000000"/>
</kw>
<kw name="Replace String" owner="String">
<msg time="2025-09-23T16:32:38.709035" level="INFO">${safe} = Tempo-CEP-válido-30140071</msg>
<var>${safe}</var>
<arg>${nome}</arg>
<arg>${SPACE}</arg>
<arg>-</arg>
<doc>Replaces ``search_for`` in the given ``string`` with ``replace_with``.</doc>
<status status="PASS" start="2025-09-23T16:32:38.708034" elapsed="0.001001"/>
</kw>
<kw name="Set Variable" owner="BuiltIn">
<msg time="2025-09-23T16:32:38.710036" level="INFO">${out} = output/pdf/Tempo-CEP-válido-30140071.pdf</msg>
<var>${out}</var>
<arg>output/pdf/${safe}.pdf</arg>
<doc>Returns the given values which can then be assigned to a variables.</doc>
<status status="PASS" start="2025-09-23T16:32:38.709035" elapsed="0.001001"/>
</kw>
<kw name="Gerar PDF com log" owner="gerar_pdf">
<if>
<branch type="IF" condition="$out is None">
<kw name="Get Current Date" owner="DateTime">
<var>${ts}</var>
<arg>result_format=%Y%m%d-%H%M%S</arg>
<doc>Returns current local or UTC time with an optional increment.</doc>
<status status="NOT RUN" start="2025-09-23T16:32:38.712034" elapsed="0.000000"/>
</kw>
<kw name="Replace String" owner="String">
<var>${safe}</var>
<arg>${nome_consulta}</arg>
<arg>${SPACE}</arg>
<arg>-</arg>
<doc>Replaces ``search_for`` in the given ``string`` with ``replace_with``.</doc>
<status status="NOT RUN" start="2025-09-23T16:32:38.713039" elapsed="0.000000"/>
</kw>
<kw name="Set Variable" owner="BuiltIn">
<var>${out}</var>
<arg>output/pdf/${ts}_${safe}.pdf</arg>
<doc>Returns the given values which can then be assigned to a variables.</doc>
<status status="NOT RUN" start="2025-09-23T16:32:38.713039" elapsed="0.000993"/>
</kw>
<status status="NOT RUN" start="2025-09-23T16:32:38.712034" elapsed="0.001998"/>
</branch>
<status status="PASS" start="2025-09-23T16:32:38.712034" elapsed="0.001998"/>
</if>
<kw name="Create List" owner="BuiltIn">
<msg time="2025-09-23T16:32:38.714032" level="INFO">@{parts} = [ ]</msg>
<var>@{parts}</var>
<doc>Returns a list containing given items.</doc>
<status status="PASS" start="2025-09-23T16:32:38.714032" elapsed="0.000000"/>
</kw>
<kw name="Append To List" owner="Collections">
<arg>${parts}</arg>
<arg>&lt;div style="max-width:820px;margin:0 auto;font-family:Arial,Helvetica,sans-serif;"&gt;</arg>
<doc>Adds ``values`` to the end of ``list``.</doc>
<status status="PASS" start="2025-09-23T16:32:38.714032" elapsed="0.001006"/>
</kw>
<kw name="Append To List" owner="Collections">
<arg>${parts}</arg>
<arg>&lt;h2 style="text-align:center;color:#a00"&gt;==== Consulta: ${nome_consulta} ====&lt;/h2&gt;</arg>
<doc>Adds ``values`` to the end of ``list``.</doc>
<status status="PASS" start="2025-09-23T16:32:38.716033" elapsed="0.000000"/>
</kw>
<kw name="Run Keyword If" owner="BuiltIn">
<kw name="Append To List" owner="Collections">
<arg>${parts}</arg>
<arg>&lt;p style="text-align:center"&gt;&lt;b&gt;Status:&lt;/b&gt; ${status}&lt;/p&gt;</arg>
<doc>Adds ``values`` to the end of ``list``.</doc>
<status status="PASS" start="2025-09-23T16:32:38.717041" elapsed="0.000000"/>
</kw>
<arg>$status is not None</arg>
<arg>Append To List</arg>
<arg>${parts}</arg>
<arg>&lt;p style="text-align:center"&gt;&lt;b&gt;Status:&lt;/b&gt; ${status}&lt;/p&gt;</arg>
<doc>Runs the given keyword with the given arguments, if ``condition`` is true.</doc>
<status status="PASS" start="2025-09-23T16:32:38.716033" elapsed="0.001008"/>
</kw>
<kw name="Run Keyword If" owner="BuiltIn">
<kw name="Append To List" owner="Collections">
<arg>${parts}</arg>
<arg>&lt;p style="text-align:center"&gt;&lt;b&gt;URL:&lt;/b&gt; ${url_utilizada}&lt;/p&gt;</arg>
<doc>Adds ``values`` to the end of ``list``.</doc>
<status status="PASS" start="2025-09-23T16:32:38.718032" elapsed="0.000000"/>
</kw>
<arg>$url_utilizada is not None</arg>
<arg>Append To List</arg>
<arg>${parts}</arg>
<arg>&lt;p style="text-align:center"&gt;&lt;b&gt;URL:&lt;/b&gt; ${url_utilizada}&lt;/p&gt;</arg>
<doc>Runs the given keyword with the given arguments, if ``condition`` is true.</doc>
<status status="PASS" start="2025-09-23T16:32:38.717041" elapsed="0.000991"/>
</kw>
<kw name="Run Keyword If" owner="BuiltIn">
<kw name="Append To List" owner="Collections">
<arg>${parts}</arg>
<arg>&lt;p style="text-align:center"&gt;&lt;b&gt;Método:&lt;/b&gt; ${metodo}&lt;/p&gt;</arg>
<doc>Adds ``values`` to the end of ``list``.</doc>
<status status="PASS" start="2025-09-23T16:32:38.718032" elapsed="0.000999"/>
</kw>
<arg>$metodo is not None</arg>
<arg>Append To List</arg>
<arg>${parts}</arg>
<arg>&lt;p style="text-align:center"&gt;&lt;b&gt;Método:&lt;/b&gt; ${metodo}&lt;/p&gt;</arg>
<doc>Runs the given keyword with the given arguments, if ``condition`` is true.</doc>
<status status="PASS" start="2025-09-23T16:32:38.718032" elapsed="0.000999"/>
</kw>
<kw name="Run Keyword If" owner="BuiltIn">
<kw name="Append To List" owner="Collections">
<arg>${parts}</arg>
<arg>&lt;p style="text-align:center"&gt;&lt;b&gt;Tempo de resposta:&lt;/b&gt; ${tempo_ms} ms&lt;/p&gt;</arg>
<doc>Adds ``values`` to the end of ``list``.</doc>
<status status="PASS" start="2025-09-23T16:32:38.719031" elapsed="0.000000"/>
</kw>
<arg>$tempo_ms is not None</arg>
<arg>Append To List</arg>
<arg>${parts}</arg>
<arg>&lt;p style="text-align:center"&gt;&lt;b&gt;Tempo de resposta:&lt;/b&gt; ${tempo_ms} ms&lt;/p&gt;</arg>
<doc>Runs the given keyword with the given arguments, if ``condition`` is true.</doc>
<status status="PASS" start="2025-09-23T16:32:38.719031" elapsed="0.001000"/>
</kw>
<if>
<branch type="IF" condition="$headers is not None">
<kw name="Evaluate" owner="BuiltIn">
<msg time="2025-09-23T16:32:38.720031" level="INFO">${is_response} = False</msg>
<var>${is_response}</var>
<arg>hasattr($headers, "status_code") and hasattr($headers, "request")</arg>
<doc>Evaluates the given expression in Python and returns the result.</doc>
<status status="PASS" start="2025-09-23T16:32:38.720031" elapsed="0.001001"/>
</kw>
<if>
<branch type="IF" condition="${is_response}">
<kw name="Set Variable" owner="BuiltIn">
<var>${hdrs}</var>
<arg>${headers.request.headers}</arg>
<doc>Returns the given values which can then be assigned to a variables.</doc>
<status status="NOT RUN" start="2025-09-23T16:32:38.721032" elapsed="0.000000"/>
</kw>
<status status="NOT RUN" start="2025-09-23T16:32:38.721032" elapsed="0.000000"/>
</branch>
<branch type="ELSE">
<kw name="Set Variable" owner="BuiltIn">
<msg time="2025-09-23T16:32:38.722040" level="INFO">${hdrs} = {'User-Agent': 'python-requests/2.32.5', 'Accept-Encoding': 'gzip, deflate', 'Accept': '*/*', 'Connection': 'keep-alive'}</msg>
<var>${hdrs}</var>
<arg>${headers}</arg>
<doc>Returns the given values which can then be assigned to a variables.</doc>
<status status="PASS" start="2025-09-23T16:32:38.722040" elapsed="0.000000"/>
</kw>
<status status="PASS" start="2025-09-23T16:32:38.721032" elapsed="0.001008"/>
</branch>
<status status="PASS" start="2025-09-23T16:32:38.721032" elapsed="0.001008"/>
</if>
<kw name="Run Keyword And Ignore Error" owner="BuiltIn">
<kw name="Evaluate" owner="BuiltIn">
<arg>__import__("json").dumps(dict($hdrs), ensure_ascii=False, indent=2)</arg>
<doc>Evaluates the given expression in Python and returns the result.</doc>
<status status="PASS" start="2025-09-23T16:32:38.723035" elapsed="0.001014"/>
</kw>
<msg time="2025-09-23T16:32:38.724049" level="INFO">${ok} = PASS</msg>
<msg time="2025-09-23T16:32:38.724049" level="INFO">${pretty} = {
  "User-Agent": "python-requests/2.32.5",
  "Accept-Encoding": "gzip, deflate",
  "Accept": "*/*",
  "Connection": "keep-alive"
}</msg>
<var>${ok}</var>
<var>${pretty}</var>
<arg>Evaluate</arg>
<arg>__import__("json").dumps(dict($hdrs), ensure_ascii=False, indent=2)</arg>
<doc>Runs the given keyword with the given arguments and ignores possible error.</doc>
<status status="PASS" start="2025-09-23T16:32:38.723035" elapsed="0.001014"/>
</kw>
<kw name="Run Keyword If" owner="BuiltIn">
<kw name="Append To List" owner="Collections">
<arg>${parts}</arg>
<arg>&lt;h3&gt;Headers&lt;/h3&gt;&lt;pre style="background:#f5f5f5;padding:8px;border-radius:6px;white-space:pre-wrap;text-align:left"&gt;${pretty}&lt;/pre&gt;</arg>
<doc>Adds ``values`` to the end of ``list``.</doc>
<status status="PASS" start="2025-09-23T16:32:38.725043" elapsed="0.000000"/>
</kw>
<arg>'${ok}'=='PASS'</arg>
<arg>Append To List</arg>
<arg>${parts}</arg>
<arg>&lt;h3&gt;Headers&lt;/h3&gt;&lt;pre style="background:#f5f5f5;padding:8px;border-radius:6px;white-space:pre-wrap;text-align:left"&gt;${pretty}&lt;/pre&gt;</arg>
<doc>Runs the given keyword with the given arguments, if ``condition`` is true.</doc>
<status status="PASS" start="2025-09-23T16:32:38.725043" elapsed="0.000000"/>
</kw>
<kw name="Run Keyword If" owner="BuiltIn">
<arg>'${ok}'!='PASS'</arg>
<arg>Append To List</arg>
<arg>${parts}</arg>
<arg>&lt;h3&gt;Headers&lt;/h3&gt;&lt;pre style="background:#f5f5f5;padding:8px;border-radius:6px;white-space:pre-wrap;text-align:left"&gt;${hdrs}&lt;/pre&gt;</arg>
<doc>Runs the given keyword with the given arguments, if ``condition`` is true.</doc>
<status status="PASS" start="2025-09-23T16:32:38.726036" elapsed="0.000000"/>
</kw>
<status status="PASS" start="2025-09-23T16:32:38.720031" elapsed="0.006005"/>
</branch>
<status status="PASS" start="2025-09-23T16:32:38.720031" elapsed="0.006005"/>
</if>
<if>
<branch type="IF" condition="$response is not None">
<kw name="Evaluate" owner="BuiltIn">
<msg time="2025-09-23T16:32:38.727039" level="INFO">${has_text} = True</msg>
<var>${has_text}</var>
<arg>hasattr($response, "text")</arg>
<doc>Evaluates the given expression in Python and returns the result.</doc>
<status status="PASS" start="2025-09-23T16:32:38.726036" elapsed="0.001003"/>
</kw>
<kw name="Run Keyword If" owner="BuiltIn">
<kw name="Set Variable" owner="BuiltIn">
<arg>${response.text}</arg>
<doc>Returns the given values which can then be assigned to a variables.</doc>
<status status="PASS" start="2025-09-23T16:32:38.727039" elapsed="0.000997"/>
</kw>
<msg time="2025-09-23T16:32:38.728036" level="INFO">${text} = {
  "cep": "30140-071",
  "logradouro": "Rua dos Aimorés",
  "complemento": "de 971/972 a 1399/1400",
  "unidade": "",
  "bairro": "Boa Viagem",
  "localidade": "Belo Horizonte",
  "uf": "MG",
  "esta...</msg>
<var>${text}</var>
<arg>${has_text}</arg>
<arg>Set Variable</arg>
<arg>${response.text}</arg>
<arg>ELSE</arg>
<arg>Set Variable</arg>
<arg>${response}</arg>
<doc>Runs the given keyword with the given arguments, if ``condition`` is true.</doc>
<status status="PASS" start="2025-09-23T16:32:38.727039" elapsed="0.000997"/>
</kw>
<kw name="Run Keyword And Ignore Error" owner="BuiltIn">
<kw name="Evaluate" owner="BuiltIn">
<arg>__import__("json").loads($text)</arg>
<doc>Evaluates the given expression in Python and returns the result.</doc>
<status status="PASS" start="2025-09-23T16:32:38.729041" elapsed="0.000000"/>
</kw>
<msg time="2025-09-23T16:32:38.729041" level="INFO">${ok} = PASS</msg>
<msg time="2025-09-23T16:32:38.730036" level="INFO">${maybe_json} = {'cep': '30140-071', 'logradouro': 'Rua dos Aimorés', 'complemento': 'de 971/972 a 1399/1400', 'unidade': '', 'bairro': 'Boa Viagem', 'localidade': 'Belo Horizonte', 'uf': 'MG', 'estado': 'Minas Gerai...</msg>
<var>${ok}</var>
<var>${maybe_json}</var>
<arg>Evaluate</arg>
<arg>__import__("json").loads($text)</arg>
<doc>Runs the given keyword with the given arguments and ignores possible error.</doc>
<status status="PASS" start="2025-09-23T16:32:38.728036" elapsed="0.002000"/>
</kw>
<kw name="Run Keyword If" owner="BuiltIn">
<kw name="Evaluate" owner="BuiltIn">
<arg>__import__("json").dumps($maybe_json, ensure_ascii=False, indent=2)</arg>
<doc>Evaluates the given expression in Python and returns the result.</doc>
<status status="PASS" start="2025-09-23T16:32:38.731036" elapsed="0.000000"/>
</kw>
<msg time="2025-09-23T16:32:38.731036" level="INFO">${resp_txt} = {
  "cep": "30140-071",
  "logradouro": "Rua dos Aimorés",
  "complemento": "de 971/972 a 1399/1400",
  "unidade": "",
  "bairro": "Boa Viagem",
  "localidade": "Belo Horizonte",
  "uf": "MG",
  "esta...</msg>
<var>${resp_txt}</var>
<arg>'${ok}'=='PASS'</arg>
<arg>Evaluate</arg>
<arg>__import__("json").dumps($maybe_json, ensure_ascii=False, indent=2)</arg>
<arg>ELSE</arg>
<arg>Set Variable</arg>
<arg>${text}</arg>
<doc>Runs the given keyword with the given arguments, if ``condition`` is true.</doc>
<status status="PASS" start="2025-09-23T16:32:38.730036" elapsed="0.001000"/>
</kw>
<kw name="Append To List" owner="Collections">
<arg>${parts}</arg>
<arg>&lt;h3&gt;Response&lt;/h3&gt;&lt;pre style="background:#f5f5f5;padding:8px;border-radius:6px;white-space:pre-wrap;text-align:left"&gt;${resp_txt}&lt;/pre&gt;</arg>
<doc>Adds ``values`` to the end of ``list``.</doc>
<status status="PASS" start="2025-09-23T16:32:38.732034" elapsed="0.000000"/>
</kw>
<status status="PASS" start="2025-09-23T16:32:38.726036" elapsed="0.005998"/>
</branch>
<status status="PASS" start="2025-09-23T16:32:38.726036" elapsed="0.005998"/>
</if>
<kw name="Append To List" owner="Collections">
<arg>${parts}</arg>
<arg>&lt;p style="text-align:center"&gt;Fim do log&lt;/p&gt;</arg>
<doc>Adds ``values`` to the end of ``list``.</doc>
<status status="PASS" start="2025-09-23T16:32:38.732034" elapsed="0.001024"/>
</kw>
<kw name="Append To List" owner="Collections">
<arg>${parts}</arg>
<arg>&lt;/div&gt;</arg>
<doc>Adds ``values`` to the end of ``list``.</doc>
<status status="PASS" start="2025-09-23T16:32:38.733058" elapsed="0.000000"/>
</kw>
<kw name="Catenate" owner="BuiltIn">
<msg time="2025-09-23T16:32:38.733058" level="INFO">${html} = &lt;div style="max-width:820px;margin:0 auto;font-family:Arial,Helvetica,sans-serif;"&gt;
&lt;h2 style="text-align:center;color:#a00"&gt;==== Consulta: Tempo CEP válido 30140071 ====&lt;/h2&gt;
&lt;p style="text-align:cen...</msg>
<var>${html}</var>
<arg>SEPARATOR=\n</arg>
<arg>@{parts}</arg>
<doc>Catenates the given items together and returns the resulted string.</doc>
<status status="PASS" start="2025-09-23T16:32:38.733058" elapsed="0.000976"/>
</kw>
<kw name="Html To Pdf" owner="RPA.PDF">
<msg time="2025-09-23T16:32:38.735033" level="INFO">Writing output to file C:\workspace\Projeto_via_cep\output\pdf\Tempo-CEP-válido-30140071.pdf</msg>
<msg time="2025-09-23T16:32:38.894098" level="INFO">maxp pruned</msg>
<msg time="2025-09-23T16:32:38.895099" level="INFO">cmap pruned</msg>
<msg time="2025-09-23T16:32:38.895099" level="INFO">post pruned</msg>
<msg time="2025-09-23T16:32:38.895099" level="INFO">GDEF dropped</msg>
<msg time="2025-09-23T16:32:38.895099" level="INFO">GPOS dropped</msg>
<msg time="2025-09-23T16:32:38.895099" level="INFO">GSUB dropped</msg>
<msg time="2025-09-23T16:32:38.896099" level="INFO">glyf pruned</msg>
<msg time="2025-09-23T16:32:38.897106" level="INFO">Added gid0 to subset</msg>
<msg time="2025-09-23T16:32:38.897106" level="INFO">Added first four glyphs to subset</msg>
<msg time="2025-09-23T16:32:38.898101" level="INFO">Closing glyph list over 'glyf': 46 glyphs before</msg>
<msg time="2025-09-23T16:32:38.898101" level="INFO">Glyph names: ['.notdef', '.null', 'uni0020', 'uni002E', 'uni002F', 'uni0030', 'uni0031', 'uni0032', 'uni0033', 'uni0034', 'uni0035', 'uni0037', 'uni0039', 'uni003A', 'uni003D', 'uni0041', 'uni0043', 'uni0045', 'uni0046', 'uni0047', 'uni0048', 'uni0050', 'uni0052', 'uni0054', 'uni0061', 'uni0062', 'uni0063', 'uni0064', 'uni0065', 'uni0067', 'uni0068', 'uni0069', 'uni006A', 'uni006C', 'uni006D', 'uni006E', 'uni006F', 'uni0070', 'uni0072', 'uni0073', 'uni0074', 'uni0075', 'uni0076', 'uni0077', 'uni00C4', 'uni00E1']</msg>
<msg time="2025-09-23T16:32:38.898101" level="INFO">Glyph IDs:   [0, 1, 2, 3, 73, 95, 137, 141, 161, 374, 382, 409, 504, 505, 575, 582, 594, 612, 650, 660, 679, 707, 723, 752, 759, 775, 827, 837, 867, 884, 899, 932, 936, 1294, 1295, 1296, 1298, 1299, 1300, 1303, 1305, 1357, 1404, 1407, 1426, 1681]</msg>
<msg time="2025-09-23T16:32:38.899108" level="INFO">Closed glyph list over 'glyf': 47 glyphs after</msg>
<msg time="2025-09-23T16:32:38.899108" level="INFO">Glyph names: ['.notdef', '.null', 'uni0020', 'uni002E', 'uni002F', 'uni0030', 'uni0031', 'uni0032', 'uni0033', 'uni0034', 'uni0035', 'uni0037', 'uni0039', 'uni003A', 'uni003D', 'uni0041', 'uni0043', 'uni0045', 'uni0046', 'uni0047', 'uni0048', 'uni0050', 'uni0052', 'uni0054', 'uni0061', 'uni0062', 'uni0063', 'uni0064', 'uni0065', 'uni0067', 'uni0068', 'uni0069', 'uni006A', 'uni006C', 'uni006D', 'uni006E', 'uni006F', 'uni0070', 'uni0072', 'uni0073', 'uni0074', 'uni0075', 'uni0076', 'uni0077', 'uni00B4', 'uni00C4', 'uni00E1']</msg>
<msg time="2025-09-23T16:32:38.899108" level="INFO">Glyph IDs:   [0, 1, 2, 3, 73, 95, 137, 141, 161, 374, 382, 409, 504, 505, 575, 582, 594, 612, 650, 660, 679, 707, 723, 752, 759, 775, 827, 837, 867, 884, 899, 932, 936, 1294, 1295, 1296, 1298, 1299, 1300, 1303, 1305, 1357, 1404, 1407, 1426, 1636, 1681]</msg>
<msg time="2025-09-23T16:32:38.899108" level="INFO">Retaining 47 glyphs</msg>
<msg time="2025-09-23T16:32:38.900098" level="INFO">head subsetting not needed</msg>
<msg time="2025-09-23T16:32:38.900098" level="INFO">hhea subsetting not needed</msg>
<msg time="2025-09-23T16:32:38.900098" level="INFO">maxp subsetting not needed</msg>
<msg time="2025-09-23T16:32:38.900098" level="INFO">OS/2 subsetting not needed</msg>
<msg time="2025-09-23T16:32:38.901096" level="INFO">hmtx subsetted</msg>
<msg time="2025-09-23T16:32:38.902099" level="INFO">cmap subsetted</msg>
<msg time="2025-09-23T16:32:38.902099" level="INFO">prep subsetting not needed</msg>
<msg time="2025-09-23T16:32:38.902099" level="INFO">loca subsetting not needed</msg>
<msg time="2025-09-23T16:32:38.902099" level="INFO">post subsetted</msg>
<msg time="2025-09-23T16:32:38.903105" level="INFO">gasp subsetting not needed</msg>
<msg time="2025-09-23T16:32:38.903105" level="INFO">STAT subsetting not needed</msg>
<msg time="2025-09-23T16:32:38.903105" level="INFO">name subsetting not needed</msg>
<msg time="2025-09-23T16:32:38.904098" level="INFO">glyf subsetted</msg>
<msg time="2025-09-23T16:32:38.905116" level="INFO">head pruned</msg>
<msg time="2025-09-23T16:32:38.905116" level="INFO">OS/2 Unicode ranges pruned: [0, 1]</msg>
<msg time="2025-09-23T16:32:38.905116" level="INFO">OS/2 CodePage ranges pruned: [0]</msg>
<msg time="2025-09-23T16:32:38.906098" level="INFO">glyf pruned</msg>
<msg time="2025-09-23T16:32:38.907099" level="INFO">name pruned</msg>
<msg time="2025-09-23T16:32:38.919100" level="INFO">maxp pruned</msg>
<msg time="2025-09-23T16:32:38.920099" level="INFO">cmap pruned</msg>
<msg time="2025-09-23T16:32:38.920099" level="INFO">post pruned</msg>
<msg time="2025-09-23T16:32:38.920099" level="INFO">GDEF dropped</msg>
<msg time="2025-09-23T16:32:38.920099" level="INFO">GPOS dropped</msg>
<msg time="2025-09-23T16:32:38.920099" level="INFO">GSUB dropped</msg>
<msg time="2025-09-23T16:32:38.921097" level="INFO">glyf pruned</msg>
<msg time="2025-09-23T16:32:38.921097" level="INFO">Added gid0 to subset</msg>
<msg time="2025-09-23T16:32:38.921097" level="INFO">Added first four glyphs to subset</msg>
<msg time="2025-09-23T16:32:38.922098" level="INFO">Closing glyph list over 'glyf': 23 glyphs before</msg>
<msg time="2025-09-23T16:32:38.922098" level="INFO">Glyph names: ['.notdef', '.null', 'uni0020', 'uni003A', 'uni0041', 'uni004C', 'uni004D', 'uni0052', 'uni0053', 'uni0054', 'uni0055', 'uni0061', 'uni0064', 'uni0065', 'uni006D', 'uni006F', 'uni0070', 'uni0072', 'uni0073', 'uni0074', 'uni0075', 'uni00C4', 'uni00E9']</msg>
<msg time="2025-09-23T16:32:38.922098" level="INFO">Glyph IDs:   [0, 1, 2, 3, 280, 291, 382, 395, 409, 421, 504, 594, 612, 616, 752, 775, 827, 837, 867, 884, 899, 1407, 1681]</msg>
<msg time="2025-09-23T16:32:38.922098" level="INFO">Closed glyph list over 'glyf': 24 glyphs after</msg>
<msg time="2025-09-23T16:32:38.922098" level="INFO">Glyph names: ['.notdef', '.null', 'uni0020', 'uni003A', 'uni0041', 'uni004C', 'uni004D', 'uni0052', 'uni0053', 'uni0054', 'uni0055', 'uni0061', 'uni0064', 'uni0065', 'uni006D', 'uni006F', 'uni0070', 'uni0072', 'uni0073', 'uni0074', 'uni0075', 'uni00B4', 'uni00C4', 'uni00E9']</msg>
<msg time="2025-09-23T16:32:38.923098" level="INFO">Glyph IDs:   [0, 1, 2, 3, 280, 291, 382, 395, 409, 421, 504, 594, 612, 616, 752, 775, 827, 837, 867, 884, 899, 1407, 1636, 1681]</msg>
<msg time="2025-09-23T16:32:38.923098" level="INFO">Retaining 24 glyphs</msg>
<msg time="2025-09-23T16:32:38.923098" level="INFO">head subsetting not needed</msg>
<msg time="2025-09-23T16:32:38.923098" level="INFO">hhea subsetting not needed</msg>
<msg time="2025-09-23T16:32:38.924100" level="INFO">maxp subsetting not needed</msg>
<msg time="2025-09-23T16:32:38.924100" level="INFO">OS/2 subsetting not needed</msg>
<msg time="2025-09-23T16:32:38.924100" level="INFO">hmtx subsetted</msg>
<msg time="2025-09-23T16:32:38.925099" level="INFO">cmap subsetted</msg>
<msg time="2025-09-23T16:32:38.926098" level="INFO">prep subsetting not needed</msg>
<msg time="2025-09-23T16:32:38.926098" level="INFO">loca subsetting not needed</msg>
<msg time="2025-09-23T16:32:38.926098" level="INFO">post subsetted</msg>
<msg time="2025-09-23T16:32:38.926098" level="INFO">gasp subsetting not needed</msg>
<msg time="2025-09-23T16:32:38.926098" level="INFO">STAT subsetting not needed</msg>
<msg time="2025-09-23T16:32:38.927102" level="INFO">name subsetting not needed</msg>
<msg time="2025-09-23T16:32:38.928105" level="INFO">glyf subsetted</msg>
<msg time="2025-09-23T16:32:38.928105" level="INFO">head pruned</msg>
<msg time="2025-09-23T16:32:38.928105" level="INFO">OS/2 Unicode ranges pruned: [0, 1]</msg>
<msg time="2025-09-23T16:32:38.928105" level="INFO">OS/2 CodePage ranges pruned: [0]</msg>
<msg time="2025-09-23T16:32:38.929104" level="INFO">glyf pruned</msg>
<msg time="2025-09-23T16:32:38.930103" level="INFO">name pruned</msg>
<msg time="2025-09-23T16:32:38.939099" level="INFO">maxp pruned</msg>
<msg time="2025-09-23T16:32:38.939099" level="INFO">cmap pruned</msg>
<msg time="2025-09-23T16:32:38.939099" level="INFO">post pruned</msg>
<msg time="2025-09-23T16:32:38.940100" level="INFO">GDEF dropped</msg>
<msg time="2025-09-23T16:32:38.940100" level="INFO">GPOS dropped</msg>
<msg time="2025-09-23T16:32:38.940100" level="INFO">GSUB dropped</msg>
<msg time="2025-09-23T16:32:38.940100" level="INFO">glyf pruned</msg>
<msg time="2025-09-23T16:32:38.942096" level="INFO">Added gid0 to subset</msg>
<msg time="2025-09-23T16:32:38.943097" level="INFO">Added first four glyphs to subset</msg>
<msg time="2025-09-23T16:32:38.943097" level="INFO">Closing glyph list over 'glyf': 4 glyphs before</msg>
<msg time="2025-09-23T16:32:38.943097" level="INFO">Glyph names: ['.notdef', '.null', 'uni0020', 'uni00A0']</msg>
<msg time="2025-09-23T16:32:38.943097" level="INFO">Glyph IDs:   [0, 1, 2, 3]</msg>
<msg time="2025-09-23T16:32:38.943097" level="INFO">Closed glyph list over 'glyf': 4 glyphs after</msg>
<msg time="2025-09-23T16:32:38.943097" level="INFO">Glyph names: ['.notdef', '.null', 'uni0020', 'uni00A0']</msg>
<msg time="2025-09-23T16:32:38.944096" level="INFO">Glyph IDs:   [0, 1, 2, 3]</msg>
<msg time="2025-09-23T16:32:38.944096" level="INFO">Retaining 4 glyphs</msg>
<msg time="2025-09-23T16:32:38.944096" level="INFO">head subsetting not needed</msg>
<msg time="2025-09-23T16:32:38.944096" level="INFO">hhea subsetting not needed</msg>
<msg time="2025-09-23T16:32:38.945111" level="INFO">maxp subsetting not needed</msg>
<msg time="2025-09-23T16:32:38.945111" level="INFO">OS/2 subsetting not needed</msg>
<msg time="2025-09-23T16:32:38.945111" level="INFO">hmtx subsetted</msg>
<msg time="2025-09-23T16:32:38.946099" level="INFO">cmap subsetted</msg>
<msg time="2025-09-23T16:32:38.946099" level="INFO">loca subsetting not needed</msg>
<msg time="2025-09-23T16:32:38.946099" level="INFO">post subsetted</msg>
<msg time="2025-09-23T16:32:38.946099" level="INFO">name subsetting not needed</msg>
<msg time="2025-09-23T16:32:38.947097" level="INFO">glyf subsetted</msg>
<msg time="2025-09-23T16:32:38.947097" level="INFO">head pruned</msg>
<msg time="2025-09-23T16:32:38.948113" level="INFO">OS/2 Unicode ranges pruned: [0]</msg>
<msg time="2025-09-23T16:32:38.948113" level="INFO">OS/2 CodePage ranges pruned: [0]</msg>
<msg time="2025-09-23T16:32:38.948113" level="INFO">glyf pruned</msg>
<msg time="2025-09-23T16:32:38.948113" level="INFO">name pruned</msg>
<msg time="2025-09-23T16:32:38.954099" level="INFO">maxp pruned</msg>
<msg time="2025-09-23T16:32:38.954099" level="INFO">cmap pruned</msg>
<msg time="2025-09-23T16:32:38.954099" level="INFO">post pruned</msg>
<msg time="2025-09-23T16:32:38.954099" level="INFO">GDEF dropped</msg>
<msg time="2025-09-23T16:32:38.955097" level="INFO">GPOS dropped</msg>
<msg time="2025-09-23T16:32:38.955097" level="INFO">GSUB dropped</msg>
<msg time="2025-09-23T16:32:38.955097" level="INFO">glyf pruned</msg>
<msg time="2025-09-23T16:32:38.957095" level="INFO">Added gid0 to subset</msg>
<msg time="2025-09-23T16:32:38.957095" level="INFO">Added first four glyphs to subset</msg>
<msg time="2025-09-23T16:32:38.957095" level="INFO">Closing glyph list over 'glyf': 4 glyphs before</msg>
<msg time="2025-09-23T16:32:38.958095" level="INFO">Glyph names: ['.notdef', '.null', 'uni0020', 'uni00A0']</msg>
<msg time="2025-09-23T16:32:38.958095" level="INFO">Glyph IDs:   [0, 1, 2, 3]</msg>
<msg time="2025-09-23T16:32:38.958095" level="INFO">Closed glyph list over 'glyf': 4 glyphs after</msg>
<msg time="2025-09-23T16:32:38.958095" level="INFO">Glyph names: ['.notdef', '.null', 'uni0020', 'uni00A0']</msg>
<msg time="2025-09-23T16:32:38.958095" level="INFO">Glyph IDs:   [0, 1, 2, 3]</msg>
<msg time="2025-09-23T16:32:38.958095" level="INFO">Retaining 4 glyphs</msg>
<msg time="2025-09-23T16:32:38.959097" level="INFO">head subsetting not needed</msg>
<msg time="2025-09-23T16:32:38.959097" level="INFO">hhea subsetting not needed</msg>
<msg time="2025-09-23T16:32:38.959097" level="INFO">maxp subsetting not needed</msg>
<msg time="2025-09-23T16:32:38.959097" level="INFO">OS/2 subsetting not needed</msg>
<msg time="2025-09-23T16:32:38.959097" level="INFO">hmtx subsetted</msg>
<msg time="2025-09-23T16:32:38.960096" level="INFO">cmap subsetted</msg>
<msg time="2025-09-23T16:32:38.960096" level="INFO">loca subsetting not needed</msg>
<msg time="2025-09-23T16:32:38.961109" level="INFO">post subsetted</msg>
<msg time="2025-09-23T16:32:38.961109" level="INFO">name subsetting not needed</msg>
<msg time="2025-09-23T16:32:38.962097" level="INFO">glyf subsetted</msg>
<msg time="2025-09-23T16:32:38.962097" level="INFO">head pruned</msg>
<msg time="2025-09-23T16:32:38.962097" level="INFO">OS/2 Unicode ranges pruned: [0]</msg>
<msg time="2025-09-23T16:32:38.962097" level="INFO">OS/2 CodePage ranges pruned: [0]</msg>
<msg time="2025-09-23T16:32:38.963096" level="INFO">glyf pruned</msg>
<msg time="2025-09-23T16:32:38.963096" level="INFO">name pruned</msg>
<arg>${html}</arg>
<arg>${out}</arg>
<doc>Generate a PDF file from HTML content.</doc>
<status status="PASS" start="2025-09-23T16:32:38.734034" elapsed="0.238067"/>
</kw>
<return>
<value>${out}</value>
<status status="PASS" start="2025-09-23T16:32:38.972101" elapsed="0.000000"/>
</return>
<msg time="2025-09-23T16:32:38.973106" level="INFO">${pdf} = output/pdf/Tempo-CEP-válido-30140071.pdf</msg>
<var>${pdf}</var>
<arg>nome_consulta=${nome}</arg>
<arg>response=${response}</arg>
<arg>status=${status}</arg>
<arg>url_utilizada=${url}</arg>
<arg>metodo=${metodo}</arg>
<arg>headers=${headers}</arg>
<arg>out=${out}</arg>
<arg>tempo_ms=${tempo_ms}</arg>
<status status="PASS" start="2025-09-23T16:32:38.711059" elapsed="0.262047"/>
</kw>
<kw name="Log To Console" owner="BuiltIn">
<arg>PDF gerado: ${pdf}</arg>
<doc>Logs the given message to the console.</doc>
<status status="PASS" start="2025-09-23T16:32:38.973106" elapsed="0.000993"/>
</kw>
<arg>Tempo CEP válido ${cep}</arg>
<arg>${response}</arg>
<arg>${status}</arg>
<arg>${url}</arg>
<arg>${metodo}</arg>
<arg>${headers}</arg>
<arg>${tempo_ms}</arg>
<status status="PASS" start="2025-09-23T16:32:38.707038" elapsed="0.267061"/>
</kw>
<arg>${cep}</arg>
<status status="PASS" start="2025-09-23T16:32:38.186515" elapsed="0.787584"/>
</kw>
<status status="PASS" start="2025-09-23T16:32:38.186515" elapsed="0.787584"/>
</branch>
<branch type="ELSE IF" condition="$situacao == 'invalido'">
<kw name="Teste CEP inexistente" owner="keywords">
<arg>${cep}</arg>
<status status="NOT RUN" start="2025-09-23T16:32:38.974099" elapsed="0.000998"/>
</kw>
<status status="NOT RUN" start="2025-09-23T16:32:38.974099" elapsed="0.000998"/>
</branch>
<branch type="ELSE IF" condition="$situacao == 'malformado'">
<kw name="Teste tempo CEP malformado" owner="keywords">
<arg>${cep}</arg>
<status status="NOT RUN" start="2025-09-23T16:32:38.975097" elapsed="0.000000"/>
</kw>
<status status="NOT RUN" start="2025-09-23T16:32:38.975097" elapsed="0.000000"/>
</branch>
<status status="PASS" start="2025-09-23T16:32:38.186515" elapsed="0.788582"/>
</if>
<arg>30140071</arg>
<arg>valido</arg>
<status status="PASS" start="2025-09-23T16:32:38.185516" elapsed="0.789581"/>
</kw>
<kw name="Testar CEP" owner="keywords">
<if>
<branch type="IF" condition="$situacao == 'valido'">
<kw name="Teste tempo CEP válido" owner="keywords">
<kw name="Get CEP" owner="request">
<kw name="Replace String" owner="String">
<msg time="2025-09-23T16:32:38.978105" level="INFO">${endpoint} = ws/70040900/json</msg>
<var>${endpoint}</var>
<arg>${ENDPOINT_CONSULTA_CEP}</arg>
<arg>:cep:</arg>
<arg>${cep}</arg>
<doc>Replaces ``search_for`` in the given ``string`` with ``replace_with``.</doc>
<status status="PASS" start="2025-09-23T16:32:38.978105" elapsed="0.000000"/>
</kw>
<kw name="GET" owner="RequestsLibrary">
<msg time="2025-09-23T16:32:39.304098" level="INFO">GET Request : url=http://viacep.com.br/ws/70040900/json 
 path_url=/ws/70040900/json 
 headers={'User-Agent': 'python-requests/2.32.5', 'Accept-Encoding': 'gzip, deflate', 'Accept': '*/*', 'Connection': 'keep-alive'} 
 body=None 
 </msg>
<msg time="2025-09-23T16:32:39.304098" level="INFO">GET Response : url=http://viacep.com.br/ws/70040900/json 
 status=200, reason=OK 
 headers={'Server': 'nginx/1.22.0', 'Date': 'Tue, 23 Sep 2025 19:32:23 GMT', 'Content-Type': 'application/json; charset=utf-8', 'Transfer-Encoding': 'chunked', 'Connection': 'keep-alive', 'Access-Control-Allow-Origin': '*', 'Access-Control-Allow-Methods': 'GET', 'Access-Control-Allow-Headers': 'Content-Type, X-Request-With, X-Requested-By', 'Access-Control-Allow-Credentials': 'true', 'Access-Control-Max-Age': '86400', 'Strict-Transport-Security': 'max-age=63072000'} 
 body={
  "erro": "true"
} 
 </msg>
<msg time="2025-09-23T16:32:39.304098" level="INFO">${response} = &lt;Response [200]&gt;</msg>
<var>${response}</var>
<arg>url=${BASE_URL}/${endpoint}</arg>
<arg>expected_status=any</arg>
<doc>Sends a GET request.</doc>
<status status="PASS" start="2025-09-23T16:32:38.978105" elapsed="0.326994"/>
</kw>
<kw name="Set Variable" owner="BuiltIn">
<msg time="2025-09-23T16:32:39.305099" level="INFO">${status} = 200</msg>
<var>${status}</var>
<arg>${response.status_code}</arg>
<doc>Returns the given values which can then be assigned to a variables.</doc>
<status status="PASS" start="2025-09-23T16:32:39.305099" elapsed="0.001000"/>
</kw>
<kw name="Set Variable" owner="BuiltIn">
<msg time="2025-09-23T16:32:39.307094" level="INFO">${url_utilizada} = http://viacep.com.br/ws/70040900/json</msg>
<var>${url_utilizada}</var>
<arg>${response.url}</arg>
<doc>Returns the given values which can then be assigned to a variables.</doc>
<status status="PASS" start="2025-09-23T16:32:39.306099" elapsed="0.000995"/>
</kw>
<kw name="Set Variable" owner="BuiltIn">
<msg time="2025-09-23T16:32:39.308094" level="INFO">${metodo} = GET</msg>
<var>${metodo}</var>
<arg>${response.request.method}</arg>
<doc>Returns the given values which can then be assigned to a variables.</doc>
<status status="PASS" start="2025-09-23T16:32:39.307094" elapsed="0.001000"/>
</kw>
<kw name="Set Variable" owner="BuiltIn">
<msg time="2025-09-23T16:32:39.308094" level="INFO">${headers} = {'User-Agent': 'python-requests/2.32.5', 'Accept-Encoding': 'gzip, deflate', 'Accept': '*/*', 'Connection': 'keep-alive'}</msg>
<var>${headers}</var>
<arg>${response.request.headers}</arg>
<doc>Returns the given values which can then be assigned to a variables.</doc>
<status status="PASS" start="2025-09-23T16:32:39.308094" elapsed="0.000000"/>
</kw>
<return>
<value>${response}</value>
<value>${status}</value>
<value>${url_utilizada}</value>
<value>${metodo}</value>
<value>${headers}</value>
<status status="PASS" start="2025-09-23T16:32:39.309093" elapsed="0.000000"/>
</return>
<msg time="2025-09-23T16:32:39.309093" level="INFO">${response} = &lt;Response [200]&gt;</msg>
<msg time="2025-09-23T16:32:39.309093" level="INFO">${status} = 200</msg>
<msg time="2025-09-23T16:32:39.309093" level="INFO">${url} = http://viacep.com.br/ws/70040900/json</msg>
<msg time="2025-09-23T16:32:39.309093" level="INFO">${metodo} = GET</msg>
<msg time="2025-09-23T16:32:39.310098" level="INFO">${headers} = {'User-Agent': 'python-requests/2.32.5', 'Accept-Encoding': 'gzip, deflate', 'Accept': '*/*', 'Connection': 'keep-alive'}</msg>
<var>${response}</var>
<var>${status}</var>
<var>${url}</var>
<var>${metodo}</var>
<var>${headers}</var>
<arg>${cep}</arg>
<status status="PASS" start="2025-09-23T16:32:38.977098" elapsed="0.333000"/>
</kw>
<kw name="Evaluate" owner="BuiltIn">
<msg time="2025-09-23T16:32:39.311096" level="INFO">${secs} = 0.324171</msg>
<var>${secs}</var>
<arg>$response.elapsed.total_seconds()</arg>
<doc>Evaluates the given expression in Python and returns the result.</doc>
<status status="PASS" start="2025-09-23T16:32:39.310098" elapsed="0.000998"/>
</kw>
<kw name="Evaluate" owner="BuiltIn">
<msg time="2025-09-23T16:32:39.312099" level="INFO">${tempo_ms} = 324</msg>
<var>${tempo_ms}</var>
<arg>int(round($secs * 1000))</arg>
<doc>Evaluates the given expression in Python and returns the result.</doc>
<status status="PASS" start="2025-09-23T16:32:39.311096" elapsed="0.001003"/>
</kw>
<kw name="Should Be True" owner="BuiltIn">
<arg>$secs &lt; 2</arg>
<arg>msg=Tempo de resposta ${secs}s &gt;= 2s</arg>
<doc>Fails if the given condition is not true.</doc>
<status status="PASS" start="2025-09-23T16:32:39.312099" elapsed="0.000998"/>
</kw>
<kw name="Gerar PDF deste teste" owner="gerar_pdf" type="TEARDOWN">
<kw name="Create Directory" owner="OperatingSystem">
<msg time="2025-09-23T16:32:39.314095" level="INFO" html="true">Directory '&lt;a href="file://C:\workspace\Projeto_via_cep\output\pdf"&gt;C:\workspace\Projeto_via_cep\output\pdf&lt;/a&gt;' already exists.</msg>
<arg>output/pdf</arg>
<doc>Creates the specified directory.</doc>
<status status="PASS" start="2025-09-23T16:32:39.314095" elapsed="0.001003"/>
</kw>
<kw name="Replace String" owner="String">
<msg time="2025-09-23T16:32:39.315098" level="INFO">${safe} = Tempo-CEP-válido-70040900</msg>
<var>${safe}</var>
<arg>${nome}</arg>
<arg>${SPACE}</arg>
<arg>-</arg>
<doc>Replaces ``search_for`` in the given ``string`` with ``replace_with``.</doc>
<status status="PASS" start="2025-09-23T16:32:39.315098" elapsed="0.000000"/>
</kw>
<kw name="Set Variable" owner="BuiltIn">
<msg time="2025-09-23T16:32:39.316098" level="INFO">${out} = output/pdf/Tempo-CEP-válido-70040900.pdf</msg>
<var>${out}</var>
<arg>output/pdf/${safe}.pdf</arg>
<doc>Returns the given values which can then be assigned to a variables.</doc>
<status status="PASS" start="2025-09-23T16:32:39.315098" elapsed="0.001000"/>
</kw>
<kw name="Gerar PDF com log" owner="gerar_pdf">
<if>
<branch type="IF" condition="$out is None">
<kw name="Get Current Date" owner="DateTime">
<var>${ts}</var>
<arg>result_format=%Y%m%d-%H%M%S</arg>
<doc>Returns current local or UTC time with an optional increment.</doc>
<status status="NOT RUN" start="2025-09-23T16:32:39.317098" elapsed="0.000000"/>
</kw>
<kw name="Replace String" owner="String">
<var>${safe}</var>
<arg>${nome_consulta}</arg>
<arg>${SPACE}</arg>
<arg>-</arg>
<doc>Replaces ``search_for`` in the given ``string`` with ``replace_with``.</doc>
<status status="NOT RUN" start="2025-09-23T16:32:39.318098" elapsed="0.000000"/>
</kw>
<kw name="Set Variable" owner="BuiltIn">
<var>${out}</var>
<arg>output/pdf/${ts}_${safe}.pdf</arg>
<doc>Returns the given values which can then be assigned to a variables.</doc>
<status status="NOT RUN" start="2025-09-23T16:32:39.318098" elapsed="0.000000"/>
</kw>
<status status="NOT RUN" start="2025-09-23T16:32:39.317098" elapsed="0.002000"/>
</branch>
<status status="PASS" start="2025-09-23T16:32:39.317098" elapsed="0.002000"/>
</if>
<kw name="Create List" owner="BuiltIn">
<msg time="2025-09-23T16:32:39.319098" level="INFO">@{parts} = [ ]</msg>
<var>@{parts}</var>
<doc>Returns a list containing given items.</doc>
<status status="PASS" start="2025-09-23T16:32:39.319098" elapsed="0.000000"/>
</kw>
<kw name="Append To List" owner="Collections">
<arg>${parts}</arg>
<arg>&lt;div style="max-width:820px;margin:0 auto;font-family:Arial,Helvetica,sans-serif;"&gt;</arg>
<doc>Adds ``values`` to the end of ``list``.</doc>
<status status="PASS" start="2025-09-23T16:32:39.319098" elapsed="0.001000"/>
</kw>
<kw name="Append To List" owner="Collections">
<arg>${parts}</arg>
<arg>&lt;h2 style="text-align:center;color:#a00"&gt;==== Consulta: ${nome_consulta} ====&lt;/h2&gt;</arg>
<doc>Adds ``values`` to the end of ``list``.</doc>
<status status="PASS" start="2025-09-23T16:32:39.320098" elapsed="0.000000"/>
</kw>
<kw name="Run Keyword If" owner="BuiltIn">
<kw name="Append To List" owner="Collections">
<arg>${parts}</arg>
<arg>&lt;p style="text-align:center"&gt;&lt;b&gt;Status:&lt;/b&gt; ${status}&lt;/p&gt;</arg>
<doc>Adds ``values`` to the end of ``list``.</doc>
<status status="PASS" start="2025-09-23T16:32:39.321099" elapsed="0.000000"/>
</kw>
<arg>$status is not None</arg>
<arg>Append To List</arg>
<arg>${parts}</arg>
<arg>&lt;p style="text-align:center"&gt;&lt;b&gt;Status:&lt;/b&gt; ${status}&lt;/p&gt;</arg>
<doc>Runs the given keyword with the given arguments, if ``condition`` is true.</doc>
<status status="PASS" start="2025-09-23T16:32:39.320098" elapsed="0.001001"/>
</kw>
<kw name="Run Keyword If" owner="BuiltIn">
<kw name="Append To List" owner="Collections">
<arg>${parts}</arg>
[...]
</kw>
<status status="PASS" start="2025-09-23T16:32:41.100205" elapsed="0.006000"/>
</branch>
<status status="PASS" start="2025-09-23T16:32:41.100205" elapsed="0.006000"/>
</if>
<if>
<branch type="IF" condition="$response is not None">
<kw name="Evaluate" owner="BuiltIn">
<msg time="2025-09-23T16:32:41.108206" level="INFO">${has_text} = True</msg>
<var>${has_text}</var>
<arg>hasattr($response, "text")</arg>
<doc>Evaluates the given expression in Python and returns the result.</doc>
<status status="PASS" start="2025-09-23T16:32:41.107206" elapsed="0.001000"/>
</kw>
<kw name="Run Keyword If" owner="BuiltIn">
<kw name="Set Variable" owner="BuiltIn">
<arg>${response.text}</arg>
<doc>Returns the given values which can then be assigned to a variables.</doc>
<status status="PASS" start="2025-09-23T16:32:41.109176" elapsed="0.000000"/>
</kw>
<msg time="2025-09-23T16:32:41.110205" level="INFO">${text} = &lt;!DOCTYPE HTML&gt;
&lt;html lang="pt-br"&gt;

&lt;head&gt;
  &lt;title&gt;ViaCEP 400&lt;/title&gt;
  &lt;meta charset="utf-8" /&gt;
  &lt;style type="text/css"&gt;
      h1 {
          color: #555;
          text-align: center;
          f...</msg>
<var>${text}</var>
<arg>${has_text}</arg>
<arg>Set Variable</arg>
<arg>${response.text}</arg>
<arg>ELSE</arg>
<arg>Set Variable</arg>
<arg>${response}</arg>
<doc>Runs the given keyword with the given arguments, if ``condition`` is true.</doc>
<status status="PASS" start="2025-09-23T16:32:41.108206" elapsed="0.001999"/>
</kw>
<kw name="Run Keyword And Ignore Error" owner="BuiltIn">
<kw name="Evaluate" owner="BuiltIn">
<msg time="2025-09-23T16:32:41.111223" level="FAIL">Evaluating expression '__import__("json").loads($text)' failed: JSONDecodeError: Expecting value: line 1 column 1 (char 0)</msg>
<arg>__import__("json").loads($text)</arg>
<doc>Evaluates the given expression in Python and returns the result.</doc>
<status status="FAIL" start="2025-09-23T16:32:41.110205" elapsed="0.001018">Evaluating expression '__import__("json").loads($text)' failed: JSONDecodeError: Expecting value: line 1 column 1 (char 0)</status>
</kw>
<msg time="2025-09-23T16:32:41.112209" level="INFO">${ok} = FAIL</msg>
<msg time="2025-09-23T16:32:41.112209" level="INFO">${maybe_json} = Evaluating expression '__import__("json").loads($text)' failed: JSONDecodeError: Expecting value: line 1 column 1 (char 0)</msg>
<var>${ok}</var>
<var>${maybe_json}</var>
<arg>Evaluate</arg>
<arg>__import__("json").loads($text)</arg>
<doc>Runs the given keyword with the given arguments and ignores possible error.</doc>
<status status="PASS" start="2025-09-23T16:32:41.110205" elapsed="0.002004"/>
</kw>
<kw name="Run Keyword If" owner="BuiltIn">
<kw name="Set Variable" owner="BuiltIn">
<arg>${text}</arg>
<doc>Returns the given values which can then be assigned to a variables.</doc>
<status status="PASS" start="2025-09-23T16:32:41.113171" elapsed="0.000000"/>
</kw>
<msg time="2025-09-23T16:32:41.113171" level="INFO">${resp_txt} = &lt;!DOCTYPE HTML&gt;
&lt;html lang="pt-br"&gt;

&lt;head&gt;
  &lt;title&gt;ViaCEP 400&lt;/title&gt;
  &lt;meta charset="utf-8" /&gt;
  &lt;style type="text/css"&gt;
      h1 {
          color: #555;
          text-align: center;
          f...</msg>
<var>${resp_txt}</var>
<arg>'${ok}'=='PASS'</arg>
<arg>Evaluate</arg>
<arg>__import__("json").dumps($maybe_json, ensure_ascii=False, indent=2)</arg>
<arg>ELSE</arg>
<arg>Set Variable</arg>
<arg>${text}</arg>
<doc>Runs the given keyword with the given arguments, if ``condition`` is true.</doc>
<status status="PASS" start="2025-09-23T16:32:41.112209" elapsed="0.001961"/>
</kw>
<kw name="Append To List" owner="Collections">
<arg>${parts}</arg>
<arg>&lt;h3&gt;Response&lt;/h3&gt;&lt;pre style="background:#f5f5f5;padding:8px;border-radius:6px;white-space:pre-wrap;text-align:left"&gt;${resp_txt}&lt;/pre&gt;</arg>
<doc>Adds ``values`` to the end of ``list``.</doc>
<status status="PASS" start="2025-09-23T16:32:41.114170" elapsed="0.000000"/>
</kw>
<status status="PASS" start="2025-09-23T16:32:41.106205" elapsed="0.007965"/>
</branch>
<status status="PASS" start="2025-09-23T16:32:41.106205" elapsed="0.007965"/>
</if>
<kw name="Append To List" owner="Collections">
<arg>${parts}</arg>
<arg>&lt;p style="text-align:center"&gt;Fim do log&lt;/p&gt;</arg>
<doc>Adds ``values`` to the end of ``list``.</doc>
<status status="PASS" start="2025-09-23T16:32:41.115170" elapsed="0.000000"/>
</kw>
<kw name="Append To List" owner="Collections">
<arg>${parts}</arg>
<arg>&lt;/div&gt;</arg>
<doc>Adds ``values`` to the end of ``list``.</doc>
<status status="PASS" start="2025-09-23T16:32:41.115170" elapsed="0.000000"/>
</kw>
<kw name="Catenate" owner="BuiltIn">
<msg time="2025-09-23T16:32:41.116169" level="INFO">${html} = &lt;div style="max-width:820px;margin:0 auto;font-family:Arial,Helvetica,sans-serif;"&gt;
&lt;h2 style="text-align:center;color:#a00"&gt;==== Consulta: Tempo CEP malformado 123 ====&lt;/h2&gt;
&lt;p style="text-align:cent...</msg>
<var>${html}</var>
<arg>SEPARATOR=\n</arg>
<arg>@{parts}</arg>
<doc>Catenates the given items together and returns the resulted string.</doc>
<status status="PASS" start="2025-09-23T16:32:41.116169" elapsed="0.000000"/>
</kw>
<kw name="Html To Pdf" owner="RPA.PDF">
<msg time="2025-09-23T16:32:41.118168" level="INFO">Writing output to file C:\workspace\Projeto_via_cep\output\pdf\Tempo-CEP-malformado-123.pdf</msg>
<msg time="2025-09-23T16:32:41.226808" level="INFO">maxp pruned</msg>
<msg time="2025-09-23T16:32:41.227783" level="INFO">cmap pruned</msg>
<msg time="2025-09-23T16:32:41.227783" level="INFO">post pruned</msg>
<msg time="2025-09-23T16:32:41.227783" level="INFO">GDEF dropped</msg>
<msg time="2025-09-23T16:32:41.227783" level="INFO">GPOS dropped</msg>
<msg time="2025-09-23T16:32:41.228793" level="INFO">GSUB dropped</msg>
<msg time="2025-09-23T16:32:41.228793" level="INFO">glyf pruned</msg>
<msg time="2025-09-23T16:32:41.229820" level="INFO">Added gid0 to subset</msg>
<msg time="2025-09-23T16:32:41.229820" level="INFO">Added first four glyphs to subset</msg>
<msg time="2025-09-23T16:32:41.229820" level="INFO">Closing glyph list over 'glyf': 44 glyphs before</msg>
<msg time="2025-09-23T16:32:41.229820" level="INFO">Glyph names: ['.notdef', '.null', 'uni0020', 'uni002E', 'uni002F', 'uni0030', 'uni0031', 'uni0032', 'uni0033', 'uni0034', 'uni0038', 'uni003A', 'uni003D', 'uni0041', 'uni0043', 'uni0045', 'uni0046', 'uni0047', 'uni0048', 'uni0050', 'uni0052', 'uni0054', 'uni0061', 'uni0062', 'uni0063', 'uni0064', 'uni0065', 'uni0066', 'uni0067', 'uni0068', 'uni0069', 'uni006A', 'uni006C', 'uni006D', 'uni006E', 'uni006F', 'uni0070', 'uni0072', 'uni0073', 'uni0074', 'uni0075', 'uni0076', 'uni0077', 'uni00C4']</msg>
<msg time="2025-09-23T16:32:41.230805" level="INFO">Glyph IDs:   [0, 1, 2, 3, 73, 95, 137, 141, 161, 374, 382, 409, 504, 575, 582, 594, 612, 645, 650, 660, 679, 707, 723, 752, 759, 775, 827, 837, 867, 884, 899, 932, 936, 1294, 1295, 1296, 1298, 1299, 1304, 1357, 1404, 1407, 1426, 1681]</msg>
<msg time="2025-09-23T16:32:41.230805" level="INFO">Closed glyph list over 'glyf': 44 glyphs after</msg>
<msg time="2025-09-23T16:32:41.230805" level="INFO">Glyph names: ['.notdef', '.null', 'uni0020', 'uni002E', 'uni002F', 'uni0030', 'uni0031', 'uni0032', 'uni0033', 'uni0034', 'uni0038', 'uni003A', 'uni003D', 'uni0041', 'uni0043', 'uni0045', 'uni0046', 'uni0047', 'uni0048', 'uni0050', 'uni0052', 'uni0054', 'uni0061', 'uni0062', 'uni0063', 'uni0064', 'uni0065', 'uni0066', 'uni0067', 'uni0068', 'uni0069', 'uni006A', 'uni006C', 'uni006D', 'uni006E', 'uni006F', 'uni0070', 'uni0072', 'uni0073', 'uni0074', 'uni0075', 'uni0076', 'uni0077', 'uni00C4']</msg>
<msg time="2025-09-23T16:32:41.231793" level="INFO">Glyph IDs:   [0, 1, 2, 3, 73, 95, 137, 141, 161, 374, 382, 409, 504, 575, 582, 594, 612, 645, 650, 660, 679, 707, 723, 752, 759, 775, 827, 837, 867, 884, 899, 932, 936, 1294, 1295, 1296, 1298, 1299, 1304, 1357, 1404, 1407, 1426, 1681]</msg>
<msg time="2025-09-23T16:32:41.231793" level="INFO">Retaining 44 glyphs</msg>
<msg time="2025-09-23T16:32:41.231793" level="INFO">head subsetting not needed</msg>
<msg time="2025-09-23T16:32:41.231793" level="INFO">hhea subsetting not needed</msg>
<msg time="2025-09-23T16:32:41.232790" level="INFO">maxp subsetting not needed</msg>
<msg time="2025-09-23T16:32:41.232790" level="INFO">OS/2 subsetting not needed</msg>
<msg time="2025-09-23T16:32:41.232790" level="INFO">hmtx subsetted</msg>
<msg time="2025-09-23T16:32:41.233790" level="INFO">cmap subsetted</msg>
<msg time="2025-09-23T16:32:41.234793" level="INFO">prep subsetting not needed</msg>
<msg time="2025-09-23T16:32:41.234793" level="INFO">loca subsetting not needed</msg>
<msg time="2025-09-23T16:32:41.234793" level="INFO">post subsetted</msg>
<msg time="2025-09-23T16:32:41.234793" level="INFO">gasp subsetting not needed</msg>
<msg time="2025-09-23T16:32:41.234793" level="INFO">STAT subsetting not needed</msg>
<msg time="2025-09-23T16:32:41.234793" level="INFO">name subsetting not needed</msg>
<msg time="2025-09-23T16:32:41.235791" level="INFO">glyf subsetted</msg>
<msg time="2025-09-23T16:32:41.235791" level="INFO">head pruned</msg>
<msg time="2025-09-23T16:32:41.236791" level="INFO">OS/2 Unicode ranges pruned: [0]</msg>
<msg time="2025-09-23T16:32:41.236791" level="INFO">OS/2 CodePage ranges pruned: [0]</msg>
<msg time="2025-09-23T16:32:41.236791" level="INFO">glyf pruned</msg>
<msg time="2025-09-23T16:32:41.238794" level="INFO">name pruned</msg>
<msg time="2025-09-23T16:32:41.250376" level="INFO">maxp pruned</msg>
<msg time="2025-09-23T16:32:41.251366" level="INFO">cmap pruned</msg>
<msg time="2025-09-23T16:32:41.251366" level="INFO">post pruned</msg>
<msg time="2025-09-23T16:32:41.251366" level="INFO">GDEF dropped</msg>
<msg time="2025-09-23T16:32:41.251366" level="INFO">GPOS dropped</msg>
<msg time="2025-09-23T16:32:41.252370" level="INFO">GSUB dropped</msg>
<msg time="2025-09-23T16:32:41.252370" level="INFO">glyf pruned</msg>
<msg time="2025-09-23T16:32:41.253365" level="INFO">Added gid0 to subset</msg>
<msg time="2025-09-23T16:32:41.253365" level="INFO">Added first four glyphs to subset</msg>
<msg time="2025-09-23T16:32:41.253365" level="INFO">Closing glyph list over 'glyf': 23 glyphs before</msg>
<msg time="2025-09-23T16:32:41.254383" level="INFO">Glyph names: ['.notdef', '.null', 'uni0020', 'uni003A', 'uni0041', 'uni004C', 'uni004D', 'uni0052', 'uni0053', 'uni0054', 'uni0055', 'uni0061', 'uni0064', 'uni0065', 'uni006D', 'uni006F', 'uni0070', 'uni0072', 'uni0073', 'uni0074', 'uni0075', 'uni00C4', 'uni00E9']</msg>
<msg time="2025-09-23T16:32:41.254383" level="INFO">Glyph IDs:   [0, 1, 2, 3, 280, 291, 382, 395, 409, 421, 504, 594, 612, 616, 752, 775, 827, 837, 867, 884, 899, 1407, 1681]</msg>
<msg time="2025-09-23T16:32:41.254383" level="INFO">Closed glyph list over 'glyf': 24 glyphs after</msg>
<msg time="2025-09-23T16:32:41.254383" level="INFO">Glyph names: ['.notdef', '.null', 'uni0020', 'uni003A', 'uni0041', 'uni004C', 'uni004D', 'uni0052', 'uni0053', 'uni0054', 'uni0055', 'uni0061', 'uni0064', 'uni0065', 'uni006D', 'uni006F', 'uni0070', 'uni0072', 'uni0073', 'uni0074', 'uni0075', 'uni00B4', 'uni00C4', 'uni00E9']</msg>
<msg time="2025-09-23T16:32:41.255382" level="INFO">Glyph IDs:   [0, 1, 2, 3, 280, 291, 382, 395, 409, 421, 504, 594, 612, 616, 752, 775, 827, 837, 867, 884, 899, 1407, 1636, 1681]</msg>
<msg time="2025-09-23T16:32:41.255382" level="INFO">Retaining 24 glyphs</msg>
<msg time="2025-09-23T16:32:41.255382" level="INFO">head subsetting not needed</msg>
<msg time="2025-09-23T16:32:41.255382" level="INFO">hhea subsetting not needed</msg>
<msg time="2025-09-23T16:32:41.256364" level="INFO">maxp subsetting not needed</msg>
<msg time="2025-09-23T16:32:41.256364" level="INFO">OS/2 subsetting not needed</msg>
<msg time="2025-09-23T16:32:41.256364" level="INFO">hmtx subsetted</msg>
<msg time="2025-09-23T16:32:41.257363" level="INFO">cmap subsetted</msg>
<msg time="2025-09-23T16:32:41.257363" level="INFO">prep subsetting not needed</msg>
<msg time="2025-09-23T16:32:41.257363" level="INFO">loca subsetting not needed</msg>
<msg time="2025-09-23T16:32:41.258369" level="INFO">post subsetted</msg>
<msg time="2025-09-23T16:32:41.258369" level="INFO">gasp subsetting not needed</msg>
<msg time="2025-09-23T16:32:41.258369" level="INFO">STAT subsetting not needed</msg>
<msg time="2025-09-23T16:32:41.258369" level="INFO">name subsetting not needed</msg>
<msg time="2025-09-23T16:32:41.259365" level="INFO">glyf subsetted</msg>
<msg time="2025-09-23T16:32:41.259365" level="INFO">head pruned</msg>
<msg time="2025-09-23T16:32:41.259365" level="INFO">OS/2 Unicode ranges pruned: [0, 1]</msg>
<msg time="2025-09-23T16:32:41.260365" level="INFO">OS/2 CodePage ranges pruned: [0]</msg>
<msg time="2025-09-23T16:32:41.260365" level="INFO">glyf pruned</msg>
<msg time="2025-09-23T16:32:41.261364" level="INFO">name pruned</msg>
<msg time="2025-09-23T16:32:41.269369" level="INFO">maxp pruned</msg>
<msg time="2025-09-23T16:32:41.269369" level="INFO">cmap pruned</msg>
<msg time="2025-09-23T16:32:41.270370" level="INFO">post pruned</msg>
<msg time="2025-09-23T16:32:41.270370" level="INFO">GDEF dropped</msg>
<msg time="2025-09-23T16:32:41.270370" level="INFO">GPOS dropped</msg>
<msg time="2025-09-23T16:32:41.270370" level="INFO">GSUB dropped</msg>
<msg time="2025-09-23T16:32:41.271366" level="INFO">glyf pruned</msg>
<msg time="2025-09-23T16:32:41.276367" level="INFO">Added gid0 to subset</msg>
<msg time="2025-09-23T16:32:41.276367" level="INFO">Added first four glyphs to subset</msg>
<msg time="2025-09-23T16:32:41.276367" level="INFO">Closing glyph list over 'glyf': 4 glyphs before</msg>
<msg time="2025-09-23T16:32:41.276367" level="INFO">Glyph names: ['.notdef', '.null', 'uni0020', 'uni00A0']</msg>
<msg time="2025-09-23T16:32:41.277366" level="INFO">Glyph IDs:   [0, 1, 2, 3]</msg>
<msg time="2025-09-23T16:32:41.277366" level="INFO">Closed glyph list over 'glyf': 4 glyphs after</msg>
<msg time="2025-09-23T16:32:41.277366" level="INFO">Glyph names: ['.notdef', '.null', 'uni0020', 'uni00A0']</msg>
<msg time="2025-09-23T16:32:41.277366" level="INFO">Glyph IDs:   [0, 1, 2, 3]</msg>
<msg time="2025-09-23T16:32:41.278368" level="INFO">Retaining 4 glyphs</msg>
<msg time="2025-09-23T16:32:41.278368" level="INFO">head subsetting not needed</msg>
<msg time="2025-09-23T16:32:41.278368" level="INFO">hhea subsetting not needed</msg>
<msg time="2025-09-23T16:32:41.278368" level="INFO">maxp subsetting not needed</msg>
<msg time="2025-09-23T16:32:41.279367" level="INFO">OS/2 subsetting not needed</msg>
<msg time="2025-09-23T16:32:41.279367" level="INFO">hmtx subsetted</msg>
<msg time="2025-09-23T16:32:41.280369" level="INFO">cmap subsetted</msg>
<msg time="2025-09-23T16:32:41.280369" level="INFO">loca subsetting not needed</msg>
<msg time="2025-09-23T16:32:41.280369" level="INFO">post subsetted</msg>
<msg time="2025-09-23T16:32:41.280369" level="INFO">name subsetting not needed</msg>
<msg time="2025-09-23T16:32:41.281367" level="INFO">glyf subsetted</msg>
<msg time="2025-09-23T16:32:41.281367" level="INFO">head pruned</msg>
<msg time="2025-09-23T16:32:41.282369" level="INFO">OS/2 Unicode ranges pruned: [0]</msg>
<msg time="2025-09-23T16:32:41.282369" level="INFO">OS/2 CodePage ranges pruned: [0]</msg>
<msg time="2025-09-23T16:32:41.282369" level="INFO">glyf pruned</msg>
<msg time="2025-09-23T16:32:41.282369" level="INFO">name pruned</msg>
<msg time="2025-09-23T16:32:41.288370" level="INFO">maxp pruned</msg>
<msg time="2025-09-23T16:32:41.289369" level="INFO">cmap pruned</msg>
<msg time="2025-09-23T16:32:41.289369" level="INFO">post pruned</msg>
<msg time="2025-09-23T16:32:41.289369" level="INFO">GDEF dropped</msg>
<msg time="2025-09-23T16:32:41.289369" level="INFO">GPOS dropped</msg>
<msg time="2025-09-23T16:32:41.290376" level="INFO">GSUB dropped</msg>
<msg time="2025-09-23T16:32:41.290376" level="INFO">glyf pruned</msg>
<msg time="2025-09-23T16:32:41.293364" level="INFO">Added gid0 to subset</msg>
<msg time="2025-09-23T16:32:41.293364" level="INFO">Added first four glyphs to subset</msg>
<msg time="2025-09-23T16:32:41.294363" level="INFO">Closing glyph list over 'glyf': 4 glyphs before</msg>
<msg time="2025-09-23T16:32:41.294363" level="INFO">Glyph names: ['.notdef', '.null', 'uni0020', 'uni00A0']</msg>
<msg time="2025-09-23T16:32:41.294363" level="INFO">Glyph IDs:   [0, 1, 2, 3]</msg>
<msg time="2025-09-23T16:32:41.294363" level="INFO">Closed glyph list over 'glyf': 4 glyphs after</msg>
<msg time="2025-09-23T16:32:41.294363" level="INFO">Glyph names: ['.notdef', '.null', 'uni0020', 'uni00A0']</msg>
<msg time="2025-09-23T16:32:41.294363" level="INFO">Glyph IDs:   [0, 1, 2, 3]</msg>
<msg time="2025-09-23T16:32:41.295363" level="INFO">Retaining 4 glyphs</msg>
<msg time="2025-09-23T16:32:41.295363" level="INFO">head subsetting not needed</msg>
<msg time="2025-09-23T16:32:41.295363" level="INFO">hhea subsetting not needed</msg>
<msg time="2025-09-23T16:32:41.295363" level="INFO">maxp subsetting not needed</msg>
<msg time="2025-09-23T16:32:41.296363" level="INFO">OS/2 subsetting not needed</msg>
<msg time="2025-09-23T16:32:41.296363" level="INFO">hmtx subsetted</msg>
<msg time="2025-09-23T16:32:41.297365" level="INFO">cmap subsetted</msg>
<msg time="2025-09-23T16:32:41.297365" level="INFO">loca subsetting not needed</msg>
<msg time="2025-09-23T16:32:41.297365" level="INFO">post subsetted</msg>
<msg time="2025-09-23T16:32:41.297365" level="INFO">name subsetting not needed</msg>
<msg time="2025-09-23T16:32:41.298368" level="INFO">glyf subsetted</msg>
<msg time="2025-09-23T16:32:41.299363" level="INFO">head pruned</msg>
<msg time="2025-09-23T16:32:41.299363" level="INFO">OS/2 Unicode ranges pruned: [0]</msg>
<msg time="2025-09-23T16:32:41.299363" level="INFO">OS/2 CodePage ranges pruned: [0]</msg>
<msg time="2025-09-23T16:32:41.299363" level="INFO">glyf pruned</msg>
<msg time="2025-09-23T16:32:41.300366" level="INFO">name pruned</msg>
<arg>${html}</arg>
<arg>${out}</arg>
<doc>Generate a PDF file from HTML content.</doc>
<status status="PASS" start="2025-09-23T16:32:41.116169" elapsed="0.193196"/>
</kw>
<return>
<value>${out}</value>
<status status="PASS" start="2025-09-23T16:32:41.309365" elapsed="0.000000"/>
</return>
<msg time="2025-09-23T16:32:41.310369" level="INFO">${pdf} = output/pdf/Tempo-CEP-malformado-123.pdf</msg>
<var>${pdf}</var>
<arg>nome_consulta=${nome}</arg>
<arg>response=${response}</arg>
<arg>status=${status}</arg>
<arg>url_utilizada=${url}</arg>
<arg>metodo=${metodo}</arg>
<arg>headers=${headers}</arg>
<arg>out=${out}</arg>
<arg>tempo_ms=${tempo_ms}</arg>
<status status="PASS" start="2025-09-23T16:32:41.089205" elapsed="0.221164"/>
</kw>
<kw name="Log To Console" owner="BuiltIn">
<arg>PDF gerado: ${pdf}</arg>
<doc>Logs the given message to the console.</doc>
<status status="PASS" start="2025-09-23T16:32:41.310369" elapsed="0.001000"/>
</kw>
<arg>Tempo CEP malformado ${cep}</arg>
<arg>${response}</arg>
<arg>${status}</arg>
<arg>${url}</arg>
<arg>${metodo}</arg>
<arg>${headers}</arg>
<arg>${tempo_ms}</arg>
<status status="PASS" start="2025-09-23T16:32:41.085628" elapsed="0.225741"/>
</kw>
<arg>${cep}</arg>
<status status="PASS" start="2025-09-23T16:32:40.691450" elapsed="0.620939"/>
</kw>
<status status="PASS" start="2025-09-23T16:32:40.691450" elapsed="0.620939"/>
</branch>
<status status="PASS" start="2025-09-23T16:32:40.690452" elapsed="0.621937"/>
</if>
<arg>123</arg>
<arg>malformado</arg>
<status status="PASS" start="2025-09-23T16:32:40.689482" elapsed="0.622907"/>
</kw>
<status status="PASS" start="2025-09-23T16:32:37.579413" elapsed="3.733952"/>
</test>
<status status="PASS" start="2025-09-23T16:32:36.677440" elapsed="4.637945"/>
</suite>
<statistics>
<total>
<stat pass="1" fail="0" skip="0">All Tests</stat>
</total>
<tag>
</tag>
<suite>
<stat name="Test Cep" id="s1" pass="1" fail="0" skip="0">Test Cep</stat>
</suite>
</statistics>
<errors>
</errors>
</robot>
