<?xml version="1.0" encoding="UTF-8"?>
<robot generator="Robot 7.3.2 (Python 3.12.6 on win32)" generated="2025-09-23T17:12:47.340232" rpa="false" schemaversion="5">
<suite id="s1" name="Tests" source="C:\workspace\Projeto_via_cep\tests">
<suite id="s1-s1" name="Test Cep" source="C:\workspace\Projeto_via_cep\tests\test_cep.robot">
<test id="s1-s1-t1" name="Executar teste em amostra" line="7">
<kw name="Testar CEP" owner="keywords">
<if>
<branch type="IF" condition="$situacao == 'valido'">
<kw name="Teste tempo CEP válido" owner="keywords">
<kw name="Get CEP" owner="request">
<kw name="Replace String" owner="String">
<msg time="2025-09-23T17:12:47.955371" level="INFO">${endpoint} = ws/01001000/json</msg>
<var>${endpoint}</var>
<arg>${ENDPOINT_CONSULTA_CEP}</arg>
<arg>:cep:</arg>
<arg>${cep}</arg>
<doc>Replaces ``search_for`` in the given ``string`` with ``replace_with``.</doc>
<status status="PASS" start="2025-09-23T17:12:47.955371" elapsed="0.000000"/>
</kw>
<kw name="GET" owner="RequestsLibrary">
<msg time="2025-09-23T17:12:48.310293" level="INFO">GET Request : url=http://viacep.com.br/ws/01001000/json 
 path_url=/ws/01001000/json 
 headers={'User-Agent': 'python-requests/2.32.5', 'Accept-Encoding': 'gzip, deflate', 'Accept': '*/*', 'Connection': 'keep-alive'} 
 body=None 
 </msg>
<msg time="2025-09-23T17:12:48.311293" level="INFO">GET Response : url=http://viacep.com.br/ws/01001000/json 
 status=200, reason=OK 
 headers={'Server': 'nginx/1.22.0', 'Date': 'Tue, 23 Sep 2025 20:12:32 GMT', 'Content-Type': 'application/json; charset=utf-8', 'Transfer-Encoding': 'chunked', 'Connection': 'keep-alive', 'Expires': 'Tue, 23 Sep 2025 21:12:32 GMT', 'Cache-Control': 'max-age=3600, public', 'Pragma': 'public', 'Access-Control-Allow-Origin': '*', 'Access-Control-Allow-Methods': 'GET', 'Access-Control-Allow-Headers': 'Content-Type, X-Request-With, X-Requested-By', 'Access-Control-Allow-Credentials': 'true', 'Access-Control-Max-Age': '86400'} 
 body={
  "cep": "01001-000",
  "logradouro": "Praça da Sé",
  "complemento": "lado ímpar",
  "unidade": "",
  "bairro": "Sé",
  "localidade": "São Paulo",
  "uf": "SP",
  "estado": "São Paulo",
  "regiao": "Sudeste",
  "ibge": "3550308",
  "gia": "1004",
  "ddd": "11",
  "siafi": "7107"
} 
 </msg>
<msg time="2025-09-23T17:12:48.312292" level="INFO">${response} = &lt;Response [200]&gt;</msg>
<var>${response}</var>
<arg>url=${BASE_URL}/${endpoint}</arg>
<arg>expected_status=any</arg>
<doc>Sends a GET request.</doc>
<status status="PASS" start="2025-09-23T17:12:47.955371" elapsed="0.356921"/>
</kw>
<kw name="Set Variable" owner="BuiltIn">
<msg time="2025-09-23T17:12:48.315293" level="INFO">${status} = 200</msg>
<var>${status}</var>
<arg>${response.status_code}</arg>
<doc>Returns the given values which can then be assigned to a variables.</doc>
<status status="PASS" start="2025-09-23T17:12:48.313292" elapsed="0.002001"/>
</kw>
<kw name="Set Variable" owner="BuiltIn">
<msg time="2025-09-23T17:12:48.317291" level="INFO">${url_utilizada} = http://viacep.com.br/ws/01001000/json</msg>
<var>${url_utilizada}</var>
<arg>${response.url}</arg>
<doc>Returns the given values which can then be assigned to a variables.</doc>
<status status="PASS" start="2025-09-23T17:12:48.315293" elapsed="0.001998"/>
</kw>
<kw name="Set Variable" owner="BuiltIn">
<msg time="2025-09-23T17:12:48.319282" level="INFO">${metodo} = GET</msg>
<var>${metodo}</var>
<arg>${response.request.method}</arg>
<doc>Returns the given values which can then be assigned to a variables.</doc>
<status status="PASS" start="2025-09-23T17:12:48.318291" elapsed="0.000991"/>
</kw>
<kw name="Set Variable" owner="BuiltIn">
<msg time="2025-09-23T17:12:48.320282" level="INFO">${headers} = {'User-Agent': 'python-requests/2.32.5', 'Accept-Encoding': 'gzip, deflate', 'Accept': '*/*', 'Connection': 'keep-alive'}</msg>
<var>${headers}</var>
<arg>${response.request.headers}</arg>
<doc>Returns the given values which can then be assigned to a variables.</doc>
<status status="PASS" start="2025-09-23T17:12:48.319282" elapsed="0.001000"/>
</kw>
<return>
<value>${response}</value>
<value>${status}</value>
<value>${url_utilizada}</value>
<value>${metodo}</value>
<value>${headers}</value>
<status status="PASS" start="2025-09-23T17:12:48.320282" elapsed="0.001000"/>
</return>
<msg time="2025-09-23T17:12:48.321282" level="INFO">${response} = &lt;Response [200]&gt;</msg>
<msg time="2025-09-23T17:12:48.321282" level="INFO">${status} = 200</msg>
<msg time="2025-09-23T17:12:48.321282" level="INFO">${url} = http://viacep.com.br/ws/01001000/json</msg>
<msg time="2025-09-23T17:12:48.321282" level="INFO">${metodo} = GET</msg>
<msg time="2025-09-23T17:12:48.321282" level="INFO">${headers} = {'User-Agent': 'python-requests/2.32.5', 'Accept-Encoding': 'gzip, deflate', 'Accept': '*/*', 'Connection': 'keep-alive'}</msg>
<var>${response}</var>
<var>${status}</var>
<var>${url}</var>
<var>${metodo}</var>
<var>${headers}</var>
<arg>${cep}</arg>
<status status="PASS" start="2025-09-23T17:12:47.954370" elapsed="0.367916"/>
</kw>
<kw name="Evaluate" owner="BuiltIn">
<msg time="2025-09-23T17:12:48.322286" level="INFO">${secs} = 0.35192</msg>
<var>${secs}</var>
<arg>$response.elapsed.total_seconds()</arg>
<doc>Evaluates the given expression in Python and returns the result.</doc>
<status status="PASS" start="2025-09-23T17:12:48.322286" elapsed="0.000000"/>
</kw>
<kw name="Evaluate" owner="BuiltIn">
<msg time="2025-09-23T17:12:48.323285" level="INFO">${tempo_ms} = 352</msg>
<var>${tempo_ms}</var>
<arg>int(round($secs * 1000))</arg>
<doc>Evaluates the given expression in Python and returns the result.</doc>
<status status="PASS" start="2025-09-23T17:12:48.323285" elapsed="0.000000"/>
</kw>
<kw name="Should Be True" owner="BuiltIn">
<arg>$secs &lt; 2</arg>
<arg>msg=Tempo de resposta ${secs}s &gt;= 2s</arg>
<doc>Fails if the given condition is not true.</doc>
<status status="PASS" start="2025-09-23T17:12:48.324285" elapsed="0.000000"/>
</kw>
<kw name="Gerar PDF deste teste" owner="gerar_pdf" type="TEARDOWN">
<kw name="Create Directory" owner="OperatingSystem">
<msg time="2025-09-23T17:12:48.327284" level="INFO" html="true">Directory '&lt;a href="file://C:\workspace\Projeto_via_cep\output\pdf"&gt;C:\workspace\Projeto_via_cep\output\pdf&lt;/a&gt;' already exists.</msg>
<arg>output/pdf</arg>
<doc>Creates the specified directory.</doc>
<status status="PASS" start="2025-09-23T17:12:48.326286" elapsed="0.000998"/>
</kw>
<kw name="Replace String" owner="String">
<msg time="2025-09-23T17:12:48.327284" level="INFO">${safe} = Tempo-CEP-válido-01001000</msg>
<var>${safe}</var>
<arg>${nome}</arg>
<arg>${SPACE}</arg>
<arg>-</arg>
<doc>Replaces ``search_for`` in the given ``string`` with ``replace_with``.</doc>
<status status="PASS" start="2025-09-23T17:12:48.327284" elapsed="0.001001"/>
</kw>
<kw name="Set Variable" owner="BuiltIn">
<msg time="2025-09-23T17:12:48.328285" level="INFO">${out} = output/pdf/Tempo-CEP-válido-01001000.pdf</msg>
<var>${out}</var>
<arg>output/pdf/${safe}.pdf</arg>
<doc>Returns the given values which can then be assigned to a variables.</doc>
<status status="PASS" start="2025-09-23T17:12:48.328285" elapsed="0.000000"/>
</kw>
<kw name="Gerar PDF com log" owner="gerar_pdf">
<if>
<branch type="IF" condition="$out is None">
<kw name="Get Current Date" owner="DateTime">
<var>${ts}</var>
<arg>result_format=%Y%m%d-%H%M%S</arg>
<doc>Returns current local or UTC time with an optional increment.</doc>
<status status="NOT RUN" start="2025-09-23T17:12:48.331284" elapsed="0.000000"/>
</kw>
<kw name="Replace String" owner="String">
<var>${safe}</var>
<arg>${nome_consulta}</arg>
<arg>${SPACE}</arg>
<arg>-</arg>
<doc>Replaces ``search_for`` in the given ``string`` with ``replace_with``.</doc>
<status status="NOT RUN" start="2025-09-23T17:12:48.331284" elapsed="0.000000"/>
</kw>
<kw name="Set Variable" owner="BuiltIn">
<var>${out}</var>
<arg>output/pdf/${ts}_${safe}.pdf</arg>
<doc>Returns the given values which can then be assigned to a variables.</doc>
<status status="NOT RUN" start="2025-09-23T17:12:48.332282" elapsed="0.000000"/>
</kw>
<status status="NOT RUN" start="2025-09-23T17:12:48.331284" elapsed="0.000998"/>
</branch>
<status status="PASS" start="2025-09-23T17:12:48.330283" elapsed="0.001999"/>
</if>
<kw name="Create List" owner="BuiltIn">
<msg time="2025-09-23T17:12:48.333282" level="INFO">@{parts} = [ ]</msg>
<var>@{parts}</var>
<doc>Returns a list containing given items.</doc>
<status status="PASS" start="2025-09-23T17:12:48.332282" elapsed="0.001000"/>
</kw>
<kw name="Append To List" owner="Collections">
<arg>${parts}</arg>
<arg>&lt;div style="max-width:820px;margin:0 auto;font-family:Arial,Helvetica,sans-serif;"&gt;</arg>
<doc>Adds ``values`` to the end of ``list``.</doc>
<status status="PASS" start="2025-09-23T17:12:48.333282" elapsed="0.000000"/>
</kw>
<kw name="Append To List" owner="Collections">
<arg>${parts}</arg>
<arg>&lt;h2 style="text-align:center;color:#a00"&gt;==== Consulta: ${nome_consulta} ====&lt;/h2&gt;</arg>
<doc>Adds ``values`` to the end of ``list``.</doc>
<status status="PASS" start="2025-09-23T17:12:48.334282" elapsed="0.000000"/>
</kw>
<kw name="Run Keyword If" owner="BuiltIn">
<kw name="Append To List" owner="Collections">
<arg>${parts}</arg>
<arg>&lt;p style="text-align:center"&gt;&lt;b&gt;Status:&lt;/b&gt; ${status}&lt;/p&gt;</arg>
<doc>Adds ``values`` to the end of ``list``.</doc>
<status status="PASS" start="2025-09-23T17:12:48.335282" elapsed="0.000000"/>
</kw>
<arg>$status is not None</arg>
<arg>Append To List</arg>
<arg>${parts}</arg>
<arg>&lt;p style="text-align:center"&gt;&lt;b&gt;Status:&lt;/b&gt; ${status}&lt;/p&gt;</arg>
<doc>Runs the given keyword with the given arguments, if ``condition`` is true.</doc>
<status status="PASS" start="2025-09-23T17:12:48.334282" elapsed="0.001000"/>
</kw>
<kw name="Run Keyword If" owner="BuiltIn">
<kw name="Append To List" owner="Collections">
<arg>${parts}</arg>
<arg>&lt;p style="text-align:center"&gt;&lt;b&gt;URL:&lt;/b&gt; ${url_utilizada}&lt;/p&gt;</arg>
<doc>Adds ``values`` to the end of ``list``.</doc>
<status status="PASS" start="2025-09-23T17:12:48.336282" elapsed="0.001000"/>
</kw>
<arg>$url_utilizada is not None</arg>
<arg>Append To List</arg>
<arg>${parts}</arg>
<arg>&lt;p style="text-align:center"&gt;&lt;b&gt;URL:&lt;/b&gt; ${url_utilizada}&lt;/p&gt;</arg>
<doc>Runs the given keyword with the given arguments, if ``condition`` is true.</doc>
<status status="PASS" start="2025-09-23T17:12:48.336282" elapsed="0.001000"/>
</kw>
<kw name="Run Keyword If" owner="BuiltIn">
<kw name="Append To List" owner="Collections">
<arg>${parts}</arg>
<arg>&lt;p style="text-align:center"&gt;&lt;b&gt;Método:&lt;/b&gt; ${metodo}&lt;/p&gt;</arg>
<doc>Adds ``values`` to the end of ``list``.</doc>
<status status="PASS" start="2025-09-23T17:12:48.338235" elapsed="0.000996"/>
</kw>
<arg>$metodo is not None</arg>
<arg>Append To List</arg>
<arg>${parts}</arg>
<arg>&lt;p style="text-align:center"&gt;&lt;b&gt;Método:&lt;/b&gt; ${metodo}&lt;/p&gt;</arg>
<doc>Runs the given keyword with the given arguments, if ``condition`` is true.</doc>
<status status="PASS" start="2025-09-23T17:12:48.337282" elapsed="0.001949"/>
</kw>
<kw name="Run Keyword If" owner="BuiltIn">
<kw name="Append To List" owner="Collections">
<arg>${parts}</arg>
<arg>&lt;p style="text-align:center"&gt;&lt;b&gt;Tempo de resposta:&lt;/b&gt; ${tempo_ms} ms&lt;/p&gt;</arg>
<doc>Adds ``values`` to the end of ``list``.</doc>
<status status="PASS" start="2025-09-23T17:12:48.340230" elapsed="0.001002"/>
</kw>
<arg>$tempo_ms is not None</arg>
<arg>Append To List</arg>
<arg>${parts}</arg>
<arg>&lt;p style="text-align:center"&gt;&lt;b&gt;Tempo de resposta:&lt;/b&gt; ${tempo_ms} ms&lt;/p&gt;</arg>
<doc>Runs the given keyword with the given arguments, if ``condition`` is true.</doc>
<status status="PASS" start="2025-09-23T17:12:48.339231" elapsed="0.002001"/>
</kw>
<if>
<branch type="IF" condition="$headers is not None">
<kw name="Evaluate" owner="BuiltIn">
<msg time="2025-09-23T17:12:48.343230" level="INFO">${is_response} = False</msg>
<var>${is_response}</var>
<arg>hasattr($headers, "status_code") and hasattr($headers, "request")</arg>
<doc>Evaluates the given expression in Python and returns the result.</doc>
<status status="PASS" start="2025-09-23T17:12:48.342230" elapsed="0.001000"/>
</kw>
<if>
<branch type="IF" condition="${is_response}">
<kw name="Set Variable" owner="BuiltIn">
<var>${hdrs}</var>
<arg>${headers.request.headers}</arg>
<doc>Returns the given values which can then be assigned to a variables.</doc>
<status status="NOT RUN" start="2025-09-23T17:12:48.343230" elapsed="0.000000"/>
</kw>
<status status="NOT RUN" start="2025-09-23T17:12:48.343230" elapsed="0.000000"/>
</branch>
<branch type="ELSE">
<kw name="Set Variable" owner="BuiltIn">
<msg time="2025-09-23T17:12:48.344241" level="INFO">${hdrs} = {'User-Agent': 'python-requests/2.32.5', 'Accept-Encoding': 'gzip, deflate', 'Accept': '*/*', 'Connection': 'keep-alive'}</msg>
<var>${hdrs}</var>
<arg>${headers}</arg>
<doc>Returns the given values which can then be assigned to a variables.</doc>
<status status="PASS" start="2025-09-23T17:12:48.344241" elapsed="0.000000"/>
</kw>
<status status="PASS" start="2025-09-23T17:12:48.344241" elapsed="0.000000"/>
</branch>
<status status="PASS" start="2025-09-23T17:12:48.343230" elapsed="0.001011"/>
</if>
<kw name="Run Keyword And Ignore Error" owner="BuiltIn">
<kw name="Evaluate" owner="BuiltIn">
<arg>__import__("json").dumps(dict($hdrs), ensure_ascii=False, indent=2)</arg>
<doc>Evaluates the given expression in Python and returns the result.</doc>
<status status="PASS" start="2025-09-23T17:12:48.345238" elapsed="0.001002"/>
</kw>
<msg time="2025-09-23T17:12:48.346240" level="INFO">${ok} = PASS</msg>
<msg time="2025-09-23T17:12:48.346240" level="INFO">${pretty} = {
  "User-Agent": "python-requests/2.32.5",
  "Accept-Encoding": "gzip, deflate",
  "Accept": "*/*",
  "Connection": "keep-alive"
}</msg>
<var>${ok}</var>
<var>${pretty}</var>
<arg>Evaluate</arg>
<arg>__import__("json").dumps(dict($hdrs), ensure_ascii=False, indent=2)</arg>
<doc>Runs the given keyword with the given arguments and ignores possible error.</doc>
<status status="PASS" start="2025-09-23T17:12:48.345238" elapsed="0.001002"/>
</kw>
<kw name="Run Keyword If" owner="BuiltIn">
<kw name="Append To List" owner="Collections">
<arg>${parts}</arg>
<arg>&lt;h3&gt;Headers&lt;/h3&gt;&lt;pre style="background:#f5f5f5;padding:8px;border-radius:6px;white-space:pre-wrap;text-align:left"&gt;${pretty}&lt;/pre&gt;</arg>
<doc>Adds ``values`` to the end of ``list``.</doc>
<status status="PASS" start="2025-09-23T17:12:48.347238" elapsed="0.001034"/>
</kw>
<arg>'${ok}'=='PASS'</arg>
<arg>Append To List</arg>
<arg>${parts}</arg>
<arg>&lt;h3&gt;Headers&lt;/h3&gt;&lt;pre style="background:#f5f5f5;padding:8px;border-radius:6px;white-space:pre-wrap;text-align:left"&gt;${pretty}&lt;/pre&gt;</arg>
<doc>Runs the given keyword with the given arguments, if ``condition`` is true.</doc>
<status status="PASS" start="2025-09-23T17:12:48.347238" elapsed="0.001034"/>
</kw>
<kw name="Run Keyword If" owner="BuiltIn">
<arg>'${ok}'!='PASS'</arg>
<arg>Append To List</arg>
<arg>${parts}</arg>
<arg>&lt;h3&gt;Headers&lt;/h3&gt;&lt;pre style="background:#f5f5f5;padding:8px;border-radius:6px;white-space:pre-wrap;text-align:left"&gt;${hdrs}&lt;/pre&gt;</arg>
<doc>Runs the given keyword with the given arguments, if ``condition`` is true.</doc>
<status status="PASS" start="2025-09-23T17:12:48.348272" elapsed="0.000000"/>
</kw>
<status status="PASS" start="2025-09-23T17:12:48.341232" elapsed="0.007040"/>
</branch>
<status status="PASS" start="2025-09-23T17:12:48.341232" elapsed="0.007040"/>
</if>
<if>
<branch type="IF" condition="$response is not None">
<kw name="Evaluate" owner="BuiltIn">
<msg time="2025-09-23T17:12:48.349263" level="INFO">${has_text} = True</msg>
<var>${has_text}</var>
<arg>hasattr($response, "text")</arg>
<doc>Evaluates the given expression in Python and returns the result.</doc>
<status status="PASS" start="2025-09-23T17:12:48.348272" elapsed="0.000991"/>
</kw>
<kw name="Run Keyword If" owner="BuiltIn">
<kw name="Set Variable" owner="BuiltIn">
<arg>${response.text}</arg>
<doc>Returns the given values which can then be assigned to a variables.</doc>
<status status="PASS" start="2025-09-23T17:12:48.349263" elapsed="0.000000"/>
</kw>
<msg time="2025-09-23T17:12:48.349263" level="INFO">${text} = {
  "cep": "01001-000",
  "logradouro": "Praça da Sé",
  "complemento": "lado ímpar",
  "unidade": "",
  "bairro": "Sé",
  "localidade": "São Paulo",
  "uf": "SP",
  "estado": "São Paulo",
  "regiao":...</msg>
<var>${text}</var>
<arg>${has_text}</arg>
<arg>Set Variable</arg>
<arg>${response.text}</arg>
<arg>ELSE</arg>
<arg>Set Variable</arg>
<arg>${response}</arg>
<doc>Runs the given keyword with the given arguments, if ``condition`` is true.</doc>
<status status="PASS" start="2025-09-23T17:12:48.349263" elapsed="0.000000"/>
</kw>
<kw name="Run Keyword And Ignore Error" owner="BuiltIn">
<kw name="Evaluate" owner="BuiltIn">
<arg>__import__("json").loads($text)</arg>
<doc>Evaluates the given expression in Python and returns the result.</doc>
<status status="PASS" start="2025-09-23T17:12:48.350260" elapsed="0.000000"/>
</kw>
<msg time="2025-09-23T17:12:48.350260" level="INFO">${ok} = PASS</msg>
<msg time="2025-09-23T17:12:48.350260" level="INFO">${maybe_json} = {'cep': '01001-000', 'logradouro': 'Praça da Sé', 'complemento': 'lado ímpar', 'unidade': '', 'bairro': 'Sé', 'localidade': 'São Paulo', 'uf': 'SP', 'estado': 'São Paulo', 'regiao': 'Sudeste', 'ibge':...</msg>
<var>${ok}</var>
<var>${maybe_json}</var>
<arg>Evaluate</arg>
<arg>__import__("json").loads($text)</arg>
<doc>Runs the given keyword with the given arguments and ignores possible error.</doc>
<status status="PASS" start="2025-09-23T17:12:48.350260" elapsed="0.000000"/>
</kw>
<kw name="Run Keyword If" owner="BuiltIn">
<kw name="Evaluate" owner="BuiltIn">
<arg>__import__("json").dumps($maybe_json, ensure_ascii=False, indent=2)</arg>
<doc>Evaluates the given expression in Python and returns the result.</doc>
<status status="PASS" start="2025-09-23T17:12:48.350260" elapsed="0.001004"/>
</kw>
<msg time="2025-09-23T17:12:48.351264" level="INFO">${resp_txt} = {
  "cep": "01001-000",
  "logradouro": "Praça da Sé",
  "complemento": "lado ímpar",
  "unidade": "",
  "bairro": "Sé",
  "localidade": "São Paulo",
  "uf": "SP",
  "estado": "São Paulo",
  "regiao":...</msg>
<var>${resp_txt}</var>
<arg>'${ok}'=='PASS'</arg>
<arg>Evaluate</arg>
<arg>__import__("json").dumps($maybe_json, ensure_ascii=False, indent=2)</arg>
<arg>ELSE</arg>
<arg>Set Variable</arg>
<arg>${text}</arg>
<doc>Runs the given keyword with the given arguments, if ``condition`` is true.</doc>
<status status="PASS" start="2025-09-23T17:12:48.350260" elapsed="0.001004"/>
</kw>
<kw name="Append To List" owner="Collections">
<arg>${parts}</arg>
<arg>&lt;h3&gt;Response&lt;/h3&gt;&lt;pre style="background:#f5f5f5;padding:8px;border-radius:6px;white-space:pre-wrap;text-align:left"&gt;${resp_txt}&lt;/pre&gt;</arg>
<doc>Adds ``values`` to the end of ``list``.</doc>
<status status="PASS" start="2025-09-23T17:12:48.351264" elapsed="0.000000"/>
</kw>
<status status="PASS" start="2025-09-23T17:12:48.348272" elapsed="0.002992"/>
</branch>
<status status="PASS" start="2025-09-23T17:12:48.348272" elapsed="0.002992"/>
</if>
<kw name="Append To List" owner="Collections">
<arg>${parts}</arg>
<arg>&lt;p style="text-align:center"&gt;Fim do log&lt;/p&gt;</arg>
<doc>Adds ``values`` to the end of ``list``.</doc>
<status status="PASS" start="2025-09-23T17:12:48.351264" elapsed="0.000000"/>
</kw>
<kw name="Append To List" owner="Collections">
<arg>${parts}</arg>
<arg>&lt;/div&gt;</arg>
<doc>Adds ``values`` to the end of ``list``.</doc>
<status status="PASS" start="2025-09-23T17:12:48.351264" elapsed="0.000000"/>
</kw>
<kw name="Catenate" owner="BuiltIn">
<msg time="2025-09-23T17:12:48.352260" level="INFO">${html} = &lt;div style="max-width:820px;margin:0 auto;font-family:Arial,Helvetica,sans-serif;"&gt;
&lt;h2 style="text-align:center;color:#a00"&gt;==== Consulta: Tempo CEP válido 01001000 ====&lt;/h2&gt;
&lt;p style="text-align:cen...</msg>
<var>${html}</var>
<arg>SEPARATOR=\n</arg>
<arg>@{parts}</arg>
<doc>Catenates the given items together and returns the resulted string.</doc>
<status status="PASS" start="2025-09-23T17:12:48.351264" elapsed="0.000996"/>
</kw>
<kw name="Html To Pdf" owner="RPA.PDF">
<msg time="2025-09-23T17:12:48.352260" level="INFO">Writing output to file C:\workspace\Projeto_via_cep\output\pdf\Tempo-CEP-válido-01001000.pdf</msg>
<msg time="2025-09-23T17:12:48.410878" level="INFO">maxp pruned</msg>
<msg time="2025-09-23T17:12:48.410878" level="INFO">cmap pruned</msg>
<msg time="2025-09-23T17:12:48.411876" level="INFO">post pruned</msg>
<msg time="2025-09-23T17:12:48.412878" level="INFO">GDEF dropped</msg>
<msg time="2025-09-23T17:12:48.412878" level="INFO">GPOS dropped</msg>
<msg time="2025-09-23T17:12:48.412878" level="INFO">GSUB dropped</msg>
<msg time="2025-09-23T17:12:48.412878" level="INFO">glyf pruned</msg>
<msg time="2025-09-23T17:12:48.413875" level="INFO">Added gid0 to subset</msg>
<msg time="2025-09-23T17:12:48.413875" level="INFO">Added first four glyphs to subset</msg>
<msg time="2025-09-23T17:12:48.413875" level="INFO">Closing glyph list over 'glyf': 43 glyphs before</msg>
<msg time="2025-09-23T17:12:48.413875" level="INFO">Glyph names: ['.notdef', '.null', 'uni0020', 'uni002E', 'uni002F', 'uni0030', 'uni0031', 'uni0032', 'uni0033', 'uni0035', 'uni003A', 'uni003D', 'uni0041', 'uni0043', 'uni0045', 'uni0046', 'uni0047', 'uni0048', 'uni0050', 'uni0052', 'uni0054', 'uni0061', 'uni0062', 'uni0063', 'uni0064', 'uni0065', 'uni0067', 'uni0068', 'uni0069', 'uni006A', 'uni006C', 'uni006D', 'uni006E', 'uni006F', 'uni0070', 'uni0072', 'uni0073', 'uni0074', 'uni0075', 'uni0076', 'uni0077', 'uni00C4', 'uni00E1']</msg>
<msg time="2025-09-23T17:12:48.413875" level="INFO">Glyph IDs:   [0, 1, 2, 3, 73, 95, 137, 141, 161, 374, 382, 409, 504, 505, 575, 582, 594, 612, 650, 660, 679, 707, 723, 752, 759, 775, 827, 837, 867, 884, 899, 932, 936, 1294, 1295, 1296, 1298, 1300, 1357, 1404, 1407, 1426, 1681]</msg>
<msg time="2025-09-23T17:12:48.413875" level="INFO">Closed glyph list over 'glyf': 44 glyphs after</msg>
<msg time="2025-09-23T17:12:48.413875" level="INFO">Glyph names: ['.notdef', '.null', 'uni0020', 'uni002E', 'uni002F', 'uni0030', 'uni0031', 'uni0032', 'uni0033', 'uni0035', 'uni003A', 'uni003D', 'uni0041', 'uni0043', 'uni0045', 'uni0046', 'uni0047', 'uni0048', 'uni0050', 'uni0052', 'uni0054', 'uni0061', 'uni0062', 'uni0063', 'uni0064', 'uni0065', 'uni0067', 'uni0068', 'uni0069', 'uni006A', 'uni006C', 'uni006D', 'uni006E', 'uni006F', 'uni0070', 'uni0072', 'uni0073', 'uni0074', 'uni0075', 'uni0076', 'uni0077', 'uni00B4', 'uni00C4', 'uni00E1']</msg>
<msg time="2025-09-23T17:12:48.414876" level="INFO">Glyph IDs:   [0, 1, 2, 3, 73, 95, 137, 141, 161, 374, 382, 409, 504, 505, 575, 582, 594, 612, 650, 660, 679, 707, 723, 752, 759, 775, 827, 837, 867, 884, 899, 932, 936, 1294, 1295, 1296, 1298, 1300, 1357, 1404, 1407, 1426, 1636, 1681]</msg>
<msg time="2025-09-23T17:12:48.414876" level="INFO">Retaining 44 glyphs</msg>
<msg time="2025-09-23T17:12:48.414876" level="INFO">head subsetting not needed</msg>
<msg time="2025-09-23T17:12:48.414876" level="INFO">hhea subsetting not needed</msg>
<msg time="2025-09-23T17:12:48.414876" level="INFO">maxp subsetting not needed</msg>
<msg time="2025-09-23T17:12:48.414876" level="INFO">OS/2 subsetting not needed</msg>
<msg time="2025-09-23T17:12:48.414876" level="INFO">hmtx subsetted</msg>
<msg time="2025-09-23T17:12:48.415875" level="INFO">cmap subsetted</msg>
<msg time="2025-09-23T17:12:48.415875" level="INFO">prep subsetting not needed</msg>
<msg time="2025-09-23T17:12:48.415875" level="INFO">loca subsetting not needed</msg>
<msg time="2025-09-23T17:12:48.415875" level="INFO">post subsetted</msg>
<msg time="2025-09-23T17:12:48.415875" level="INFO">gasp subsetting not needed</msg>
<msg time="2025-09-23T17:12:48.415875" level="INFO">STAT subsetting not needed</msg>
<msg time="2025-09-23T17:12:48.415875" level="INFO">name subsetting not needed</msg>
<msg time="2025-09-23T17:12:48.416878" level="INFO">glyf subsetted</msg>
<msg time="2025-09-23T17:12:48.416878" level="INFO">head pruned</msg>
<msg time="2025-09-23T17:12:48.416878" level="INFO">OS/2 Unicode ranges pruned: [0, 1]</msg>
<msg time="2025-09-23T17:12:48.417875" level="INFO">OS/2 CodePage ranges pruned: [0]</msg>
<msg time="2025-09-23T17:12:48.417875" level="INFO">glyf pruned</msg>
<msg time="2025-09-23T17:12:48.418875" level="INFO">name pruned</msg>
<msg time="2025-09-23T17:12:48.427844" level="INFO">maxp pruned</msg>
<msg time="2025-09-23T17:12:48.428843" level="INFO">cmap pruned</msg>
<msg time="2025-09-23T17:12:48.428843" level="INFO">post pruned</msg>
<msg time="2025-09-23T17:12:48.428843" level="INFO">GDEF dropped</msg>
<msg time="2025-09-23T17:12:48.428843" level="INFO">GPOS dropped</msg>
<msg time="2025-09-23T17:12:48.428843" level="INFO">GSUB dropped</msg>
<msg time="2025-09-23T17:12:48.428843" level="INFO">glyf pruned</msg>
<msg time="2025-09-23T17:12:48.428843" level="INFO">Added gid0 to subset</msg>
<msg time="2025-09-23T17:12:48.429843" level="INFO">Added first four glyphs to subset</msg>
<msg time="2025-09-23T17:12:48.429843" level="INFO">Closing glyph list over 'glyf': 23 glyphs before</msg>
<msg time="2025-09-23T17:12:48.429843" level="INFO">Glyph names: ['.notdef', '.null', 'uni0020', 'uni003A', 'uni0041', 'uni004C', 'uni004D', 'uni0052', 'uni0053', 'uni0054', 'uni0055', 'uni0061', 'uni0064', 'uni0065', 'uni006D', 'uni006F', 'uni0070', 'uni0072', 'uni0073', 'uni0074', 'uni0075', 'uni00C4', 'uni00E9']</msg>
<msg time="2025-09-23T17:12:48.429843" level="INFO">Glyph IDs:   [0, 1, 2, 3, 280, 291, 382, 395, 409, 421, 504, 594, 612, 616, 752, 775, 827, 837, 867, 884, 899, 1407, 1681]</msg>
<msg time="2025-09-23T17:12:48.429843" level="INFO">Closed glyph list over 'glyf': 24 glyphs after</msg>
<msg time="2025-09-23T17:12:48.429843" level="INFO">Glyph names: ['.notdef', '.null', 'uni0020', 'uni003A', 'uni0041', 'uni004C', 'uni004D', 'uni0052', 'uni0053', 'uni0054', 'uni0055', 'uni0061', 'uni0064', 'uni0065', 'uni006D', 'uni006F', 'uni0070', 'uni0072', 'uni0073', 'uni0074', 'uni0075', 'uni00B4', 'uni00C4', 'uni00E9']</msg>
<msg time="2025-09-23T17:12:48.429843" level="INFO">Glyph IDs:   [0, 1, 2, 3, 280, 291, 382, 395, 409, 421, 504, 594, 612, 616, 752, 775, 827, 837, 867, 884, 899, 1407, 1636, 1681]</msg>
<msg time="2025-09-23T17:12:48.429843" level="INFO">Retaining 24 glyphs</msg>
<msg time="2025-09-23T17:12:48.430846" level="INFO">head subsetting not needed</msg>
<msg time="2025-09-23T17:12:48.430846" level="INFO">hhea subsetting not needed</msg>
<msg time="2025-09-23T17:12:48.430846" level="INFO">maxp subsetting not needed</msg>
<msg time="2025-09-23T17:12:48.430846" level="INFO">OS/2 subsetting not needed</msg>
<msg time="2025-09-23T17:12:48.430846" level="INFO">hmtx subsetted</msg>
<msg time="2025-09-23T17:12:48.431872" level="INFO">cmap subsetted</msg>
<msg time="2025-09-23T17:12:48.431872" level="INFO">prep subsetting not needed</msg>
<msg time="2025-09-23T17:12:48.431872" level="INFO">loca subsetting not needed</msg>
<msg time="2025-09-23T17:12:48.431872" level="INFO">post subsetted</msg>
<msg time="2025-09-23T17:12:48.431872" level="INFO">gasp subsetting not needed</msg>
<msg time="2025-09-23T17:12:48.431872" level="INFO">STAT subsetting not needed</msg>
<msg time="2025-09-23T17:12:48.431872" level="INFO">name subsetting not needed</msg>
<msg time="2025-09-23T17:12:48.432873" level="INFO">glyf subsetted</msg>
<msg time="2025-09-23T17:12:48.432873" level="INFO">head pruned</msg>
<msg time="2025-09-23T17:12:48.432873" level="INFO">OS/2 Unicode ranges pruned: [0, 1]</msg>
<msg time="2025-09-23T17:12:48.433848" level="INFO">OS/2 CodePage ranges pruned: [0]</msg>
<msg time="2025-09-23T17:12:48.433848" level="INFO">glyf pruned</msg>
<msg time="2025-09-23T17:12:48.434848" level="INFO">name pruned</msg>
<msg time="2025-09-23T17:12:48.441849" level="INFO">maxp pruned</msg>
<msg time="2025-09-23T17:12:48.441849" level="INFO">cmap pruned</msg>
<msg time="2025-09-23T17:12:48.441849" level="INFO">post pruned</msg>
<msg time="2025-09-23T17:12:48.441849" level="INFO">GDEF dropped</msg>
<msg time="2025-09-23T17:12:48.441849" level="INFO">GPOS dropped</msg>
<msg time="2025-09-23T17:12:48.441849" level="INFO">GSUB dropped</msg>
<msg time="2025-09-23T17:12:48.441849" level="INFO">glyf pruned</msg>
<msg time="2025-09-23T17:12:48.444877" level="INFO">Added gid0 to subset</msg>
<msg time="2025-09-23T17:12:48.444877" level="INFO">Added first four glyphs to subset</msg>
<msg time="2025-09-23T17:12:48.444877" level="INFO">Closing glyph list over 'glyf': 4 glyphs before</msg>
<msg time="2025-09-23T17:12:48.444877" level="INFO">Glyph names: ['.notdef', '.null', 'uni0020', 'uni00A0']</msg>
<msg time="2025-09-23T17:12:48.444877" level="INFO">Glyph IDs:   [0, 1, 2, 3]</msg>
<msg time="2025-09-23T17:12:48.444877" level="INFO">Closed glyph list over 'glyf': 4 glyphs after</msg>
<msg time="2025-09-23T17:12:48.444877" level="INFO">Glyph names: ['.notdef', '.null', 'uni0020', 'uni00A0']</msg>
<msg time="2025-09-23T17:12:48.444877" level="INFO">Glyph IDs:   [0, 1, 2, 3]</msg>
<msg time="2025-09-23T17:12:48.444877" level="INFO">Retaining 4 glyphs</msg>
<msg time="2025-09-23T17:12:48.445875" level="INFO">head subsetting not needed</msg>
<msg time="2025-09-23T17:12:48.445875" level="INFO">hhea subsetting not needed</msg>
<msg time="2025-09-23T17:12:48.445875" level="INFO">maxp subsetting not needed</msg>
<msg time="2025-09-23T17:12:48.445875" level="INFO">OS/2 subsetting not needed</msg>
<msg time="2025-09-23T17:12:48.445875" level="INFO">hmtx subsetted</msg>
<msg time="2025-09-23T17:12:48.446875" level="INFO">cmap subsetted</msg>
<msg time="2025-09-23T17:12:48.446875" level="INFO">loca subsetting not needed</msg>
<msg time="2025-09-23T17:12:48.446875" level="INFO">post subsetted</msg>
<msg time="2025-09-23T17:12:48.446875" level="INFO">name subsetting not needed</msg>
<msg time="2025-09-23T17:12:48.446875" level="INFO">glyf subsetted</msg>
<msg time="2025-09-23T17:12:48.446875" level="INFO">head pruned</msg>
<msg time="2025-09-23T17:12:48.447877" level="INFO">OS/2 Unicode ranges pruned: [0]</msg>
<msg time="2025-09-23T17:12:48.447877" level="INFO">OS/2 CodePage ranges pruned: [0]</msg>
<msg time="2025-09-23T17:12:48.447877" level="INFO">glyf pruned</msg>
<msg time="2025-09-23T17:12:48.447877" level="INFO">name pruned</msg>
<msg time="2025-09-23T17:12:48.450846" level="INFO">maxp pruned</msg>
<msg time="2025-09-23T17:12:48.451847" level="INFO">cmap pruned</msg>
<msg time="2025-09-23T17:12:48.451847" level="INFO">post pruned</msg>
<msg time="2025-09-23T17:12:48.451847" level="INFO">GDEF dropped</msg>
<msg time="2025-09-23T17:12:48.451847" level="INFO">GPOS dropped</msg>
<msg time="2025-09-23T17:12:48.451847" level="INFO">GSUB dropped</msg>
<msg time="2025-09-23T17:12:48.451847" level="INFO">glyf pruned</msg>
<msg time="2025-09-23T17:12:48.454849" level="INFO">Added gid0 to subset</msg>
<msg time="2025-09-23T17:12:48.454849" level="INFO">Added first four glyphs to subset</msg>
<msg time="2025-09-23T17:12:48.454849" level="INFO">Closing glyph list over 'glyf': 4 glyphs before</msg>
<msg time="2025-09-23T17:12:48.454849" level="INFO">Glyph names: ['.notdef', '.null', 'uni0020', 'uni00A0']</msg>
<msg time="2025-09-23T17:12:48.454849" level="INFO">Glyph IDs:   [0, 1, 2, 3]</msg>
<msg time="2025-09-23T17:12:48.454849" level="INFO">Closed glyph list over 'glyf': 4 glyphs after</msg>
<msg time="2025-09-23T17:12:48.454849" level="INFO">Glyph names: ['.notdef', '.null', 'uni0020', 'uni00A0']</msg>
<msg time="2025-09-23T17:12:48.454849" level="INFO">Glyph IDs:   [0, 1, 2, 3]</msg>
<msg time="2025-09-23T17:12:48.455848" level="INFO">Retaining 4 glyphs</msg>
<msg time="2025-09-23T17:12:48.455848" level="INFO">head subsetting not needed</msg>
<msg time="2025-09-23T17:12:48.455848" level="INFO">hhea subsetting not needed</msg>
<msg time="2025-09-23T17:12:48.455848" level="INFO">maxp subsetting not needed</msg>
<msg time="2025-09-23T17:12:48.455848" level="INFO">OS/2 subsetting not needed</msg>
<msg time="2025-09-23T17:12:48.456875" level="INFO">hmtx subsetted</msg>
<msg time="2025-09-23T17:12:48.456875" level="INFO">cmap subsetted</msg>
<msg time="2025-09-23T17:12:48.456875" level="INFO">loca subsetting not needed</msg>
<msg time="2025-09-23T17:12:48.456875" level="INFO">post subsetted</msg>
<msg time="2025-09-23T17:12:48.456875" level="INFO">name subsetting not needed</msg>
<msg time="2025-09-23T17:12:48.457850" level="INFO">glyf subsetted</msg>
<msg time="2025-09-23T17:12:48.457850" level="INFO">head pruned</msg>
<msg time="2025-09-23T17:12:48.457850" level="INFO">OS/2 Unicode ranges pruned: [0]</msg>
<msg time="2025-09-23T17:12:48.458905" level="INFO">OS/2 CodePage ranges pruned: [0]</msg>
<msg time="2025-09-23T17:12:48.458905" level="INFO">glyf pruned</msg>
<msg time="2025-09-23T17:12:48.458905" level="INFO">name pruned</msg>
<arg>${html}</arg>
<arg>${out}</arg>
<doc>Generate a PDF file from HTML content.</doc>
<status status="PASS" start="2025-09-23T17:12:48.352260" elapsed="0.114590"/>
</kw>
<return>
<value>${out}</value>
<status status="PASS" start="2025-09-23T17:12:48.466850" elapsed="0.000000"/>
</return>
<msg time="2025-09-23T17:12:48.466850" level="INFO">${pdf} = output/pdf/Tempo-CEP-válido-01001000.pdf</msg>
<var>${pdf}</var>
<arg>nome_consulta=${nome}</arg>
<arg>response=${response}</arg>
<arg>status=${status}</arg>
<arg>url_utilizada=${url}</arg>
<arg>metodo=${metodo}</arg>
<arg>headers=${headers}</arg>
<arg>out=${out}</arg>
<arg>tempo_ms=${tempo_ms}</arg>
<status status="PASS" start="2025-09-23T17:12:48.329284" elapsed="0.137566"/>
</kw>
<kw name="Log To Console" owner="BuiltIn">
<arg>PDF gerado: ${pdf}</arg>
<doc>Logs the given message to the console.</doc>
<status status="PASS" start="2025-09-23T17:12:48.467848" elapsed="0.000000"/>
</kw>
<arg>Tempo CEP válido ${cep}</arg>
<arg>${response}</arg>
<arg>${status}</arg>
<arg>${url}</arg>
<arg>${metodo}</arg>
<arg>${headers}</arg>
<arg>${tempo_ms}</arg>
<status status="PASS" start="2025-09-23T17:12:48.325282" elapsed="0.142566"/>
</kw>
<arg>${cep}</arg>
<status status="PASS" start="2025-09-23T17:12:47.954370" elapsed="0.513478"/>
</kw>
<status status="PASS" start="2025-09-23T17:12:47.953368" elapsed="0.514480"/>
</branch>
<branch type="ELSE IF" condition="$situacao == 'invalido'">
<kw name="Teste CEP inexistente" owner="keywords">
<arg>${cep}</arg>
<status status="NOT RUN" start="2025-09-23T17:12:48.468846" elapsed="0.000000"/>
</kw>
<status status="NOT RUN" start="2025-09-23T17:12:48.467848" elapsed="0.000998"/>
</branch>
<branch type="ELSE IF" condition="$situacao == 'malformado'">
<kw name="Teste tempo CEP malformado" owner="keywords">
<arg>${cep}</arg>
<status status="NOT RUN" start="2025-09-23T17:12:48.468846" elapsed="0.000000"/>
</kw>
<status status="NOT RUN" start="2025-09-23T17:12:48.468846" elapsed="0.000000"/>
</branch>
<status status="PASS" start="2025-09-23T17:12:47.953368" elapsed="0.515478"/>
</if>
<arg>01001000</arg>
<arg>valido</arg>
<status status="PASS" start="2025-09-23T17:12:47.953368" elapsed="0.515478"/>
</kw>
<kw name="Testar CEP" owner="keywords">
<if>
<branch type="IF" condition="$situacao == 'valido'">
<kw name="Teste tempo CEP válido" owner="keywords">
<kw name="Get CEP" owner="request">
<kw name="Replace String" owner="String">
<msg time="2025-09-23T17:12:48.470849" level="INFO">${endpoint} = ws/30140071/json</msg>
<var>${endpoint}</var>
<arg>${ENDPOINT_CONSULTA_CEP}</arg>
<arg>:cep:</arg>
<arg>${cep}</arg>
<doc>Replaces ``search_for`` in the given ``string`` with ``replace_with``.</doc>
<status status="PASS" start="2025-09-23T17:12:48.470849" elapsed="0.000000"/>
</kw>
<kw name="GET" owner="RequestsLibrary">
<msg time="2025-09-23T17:12:48.872142" level="INFO">GET Request : url=http://viacep.com.br/ws/30140071/json 
 path_url=/ws/30140071/json 
 headers={'User-Agent': 'python-requests/2.32.5', 'Accept-Encoding': 'gzip, deflate', 'Accept': '*/*', 'Connection': 'keep-alive'} 
 body=None 
 </msg>
<msg time="2025-09-23T17:12:48.872142" level="INFO">GET Response : url=http://viacep.com.br/ws/30140071/json 
 status=200, reason=OK 
 headers={'Server': 'nginx/1.22.0', 'Date': 'Tue, 23 Sep 2025 20:12:32 GMT', 'Content-Type': 'application/json; charset=utf-8', 'Transfer-Encoding': 'chunked', 'Connection': 'keep-alive', 'Expires': 'Tue, 23 Sep 2025 21:12:32 GMT', 'Cache-Control': 'max-age=3600, public', 'Pragma': 'public', 'Access-Control-Allow-Origin': '*', 'Access-Control-Allow-Methods': 'GET', 'Access-Control-Allow-Headers': 'Content-Type, X-Request-With, X-Requested-By', 'Access-Control-Allow-Credentials': 'true', 'Access-Control-Max-Age': '86400'} 
 body={
  "cep": "30140-071",
  "logradouro": "Rua dos Aimorés",
  "complemento": "de 971/972 a 1399/1400",
  "unidade": "",
  "bairro": "Boa Viagem",
  "localidade": "Belo Horizonte",
  "uf": "MG",
  "estado": "Minas Gerais",
  "regiao": "Sudeste",
  "ibge": "3106200",
  "gia": "",
  "ddd": "31",
  "siafi": "4123"
} 
 </msg>
<msg time="2025-09-23T17:12:48.872142" level="INFO">${response} = &lt;Response [200]&gt;</msg>
<var>${response}</var>
<arg>url=${BASE_URL}/${endpoint}</arg>
<arg>expected_status=any</arg>
<doc>Sends a GET request.</doc>
<status status="PASS" start="2025-09-23T17:12:48.471847" elapsed="0.400295"/>
</kw>
<kw name="Set Variable" owner="BuiltIn">
<msg time="2025-09-23T17:12:48.875789" level="INFO">${status} = 200</msg>
<var>${status}</var>
<arg>${response.status_code}</arg>
<doc>Returns the given values which can then be assigned to a variables.</doc>
<status status="PASS" start="2025-09-23T17:12:48.873715" elapsed="0.002074"/>
</kw>
<kw name="Set Variable" owner="BuiltIn">
<msg time="2025-09-23T17:12:48.877789" level="INFO">${url_utilizada} = http://viacep.com.br/ws/30140071/json</msg>
<var>${url_utilizada}</var>
<arg>${response.url}</arg>
<doc>Returns the given values which can then be assigned to a variables.</doc>
<status status="PASS" start="2025-09-23T17:12:48.875789" elapsed="0.002000"/>
</kw>
<kw name="Set Variable" owner="BuiltIn">
<msg time="2025-09-23T17:12:48.879790" level="INFO">${metodo} = GET</msg>
<var>${metodo}</var>
<arg>${response.request.method}</arg>
<doc>Returns the given values which can then be assigned to a variables.</doc>
<status status="PASS" start="2025-09-23T17:12:48.877789" elapsed="0.002001"/>
</kw>
<kw name="Set Variable" owner="BuiltIn">
<msg time="2025-09-23T17:12:48.881789" level="INFO">${headers} = {'User-Agent': 'python-requests/2.32.5', 'Accept-Encoding': 'gzip, deflate', 'Accept': '*/*', 'Connection': 'keep-alive'}</msg>
<var>${headers}</var>
<arg>${response.request.headers}</arg>
<doc>Returns the given values which can then be assigned to a variables.</doc>
<status status="PASS" start="2025-09-23T17:12:48.880791" elapsed="0.000998"/>
</kw>
<return>
<value>${response}</value>
<value>${status}</value>
<value>${url_utilizada}</value>
<value>${metodo}</value>
<value>${headers}</value>
<status status="PASS" start="2025-09-23T17:12:48.882759" elapsed="0.000000"/>
</return>
<msg time="2025-09-23T17:12:48.883750" level="INFO">${response} = &lt;Response [200]&gt;</msg>
<msg time="2025-09-23T17:12:48.883750" level="INFO">${status} = 200</msg>
<msg time="2025-09-23T17:12:48.883750" level="INFO">${url} = http://viacep.com.br/ws/30140071/json</msg>
<msg time="2025-09-23T17:12:48.883750" level="INFO">${metodo} = GET</msg>
<msg time="2025-09-23T17:12:48.883750" level="INFO">${headers} = {'User-Agent': 'python-requests/2.32.5', 'Accept-Encoding': 'gzip, deflate', 'Accept': '*/*', 'Connection': 'keep-alive'}</msg>
<var>${response}</var>
<var>${status}</var>
<var>${url}</var>
<var>${metodo}</var>
<var>${headers}</var>
<arg>${cep}</arg>
<status status="PASS" start="2025-09-23T17:12:48.470849" elapsed="0.412901"/>
</kw>
<kw name="Evaluate" owner="BuiltIn">
<msg time="2025-09-23T17:12:48.885794" level="INFO">${secs} = 0.399436</msg>
<var>${secs}</var>
<arg>$response.elapsed.total_seconds()</arg>
<doc>Evaluates the given expression in Python and returns the result.</doc>
<status status="PASS" start="2025-09-23T17:12:48.884790" elapsed="0.001004"/>
</kw>
<kw name="Evaluate" owner="BuiltIn">
<msg time="2025-09-23T17:12:48.887794" level="INFO">${tempo_ms} = 399</msg>
<var>${tempo_ms}</var>
<arg>int(round($secs * 1000))</arg>
<doc>Evaluates the given expression in Python and returns the result.</doc>
<status status="PASS" start="2025-09-23T17:12:48.886791" elapsed="0.001003"/>
</kw>
<kw name="Should Be True" owner="BuiltIn">
<arg>$secs &lt; 2</arg>
<arg>msg=Tempo de resposta ${secs}s &gt;= 2s</arg>
<doc>Fails if the given condition is not true.</doc>
<status status="PASS" start="2025-09-23T17:12:48.887794" elapsed="0.000996"/>
</kw>
<kw name="Gerar PDF deste teste" owner="gerar_pdf" type="TEARDOWN">
<kw name="Create Directory" owner="OperatingSystem">
<msg time="2025-09-23T17:12:48.892791" level="INFO" html="true">Directory '&lt;a href="file://C:\workspace\Projeto_via_cep\output\pdf"&gt;C:\workspace\Projeto_via_cep\output\pdf&lt;/a&gt;' already exists.</msg>
<arg>output/pdf</arg>
<doc>Creates the specified directory.</doc>
<status status="PASS" start="2025-09-23T17:12:48.891793" elapsed="0.000998"/>
</kw>
<kw name="Replace String" owner="String">
<msg time="2025-09-23T17:12:48.893792" level="INFO">${safe} = Tempo-CEP-válido-30140071</msg>
<var>${safe}</var>
<arg>${nome}</arg>
<arg>${SPACE}</arg>
<arg>-</arg>
<doc>Replaces ``search_for`` in the given ``string`` with ``replace_with``.</doc>
<status status="PASS" start="2025-09-23T17:12:48.893792" elapsed="0.000000"/>
</kw>
<kw name="Set Variable" owner="BuiltIn">
<msg time="2025-09-23T17:12:48.895789" level="INFO">${out} = output/pdf/Tempo-CEP-válido-30140071.pdf</msg>
<var>${out}</var>
<arg>output/pdf/${safe}.pdf</arg>
<doc>Returns the given values which can then be assigned to a variables.</doc>
<status status="PASS" start="2025-09-23T17:12:48.894789" elapsed="0.001000"/>
</kw>
<kw name="Gerar PDF com log" owner="gerar_pdf">
<if>
<branch type="IF" condition="$out is None">
<kw name="Get Current Date" owner="DateTime">
<var>${ts}</var>
<arg>result_format=%Y%m%d-%H%M%S</arg>
<doc>Returns current local or UTC time with an optional increment.</doc>
<status status="NOT RUN" start="2025-09-23T17:12:48.901759" elapsed="0.000000"/>
</kw>
<kw name="Replace String" owner="String">
<var>${safe}</var>
<arg>${nome_consulta}</arg>
<arg>${SPACE}</arg>
<arg>-</arg>
<doc>Replaces ``search_for`` in the given ``string`` with ``replace_with``.</doc>
<status status="NOT RUN" start="2025-09-23T17:12:48.902756" elapsed="0.000000"/>
</kw>
<kw name="Set Variable" owner="BuiltIn">
<var>${out}</var>
<arg>output/pdf/${ts}_${safe}.pdf</arg>
<doc>Returns the given values which can then be assigned to a variables.</doc>
<status status="NOT RUN" start="2025-09-23T17:12:48.902756" elapsed="0.000000"/>
</kw>
<status status="NOT RUN" start="2025-09-23T17:12:48.900784" elapsed="0.001972"/>
</branch>
<status status="PASS" start="2025-09-23T17:12:48.900784" elapsed="0.003005"/>
</if>
<kw name="Create List" owner="BuiltIn">
<msg time="2025-09-23T17:12:48.904799" level="INFO">@{parts} = [ ]</msg>
<var>@{parts}</var>
<doc>Returns a list containing given items.</doc>
<status status="PASS" start="2025-09-23T17:12:48.903789" elapsed="0.001010"/>
</kw>
<kw name="Append To List" owner="Collections">
<arg>${parts}</arg>
<arg>&lt;div style="max-width:820px;margin:0 auto;font-family:Arial,Helvetica,sans-serif;"&gt;</arg>
<doc>Adds ``values`` to the end of ``list``.</doc>
<status status="PASS" start="2025-09-23T17:12:48.904799" elapsed="0.000991"/>
</kw>
<kw name="Append To List" owner="Collections">
<arg>${parts}</arg>
<arg>&lt;h2 style="text-align:center;color:#a00"&gt;==== Consulta: ${nome_consulta} ====&lt;/h2&gt;</arg>
<doc>Adds ``values`` to the end of ``list``.</doc>
<status status="PASS" start="2025-09-23T17:12:48.905790" elapsed="0.001009"/>
</kw>
<kw name="Run Keyword If" owner="BuiltIn">
<kw name="Append To List" owner="Collections">
<arg>${parts}</arg>
<arg>&lt;p style="text-align:center"&gt;&lt;b&gt;Status:&lt;/b&gt; ${status}&lt;/p&gt;</arg>
<doc>Adds ``values`` to the end of ``list``.</doc>
<status status="PASS" start="2025-09-23T17:12:48.907799" elapsed="0.001001"/>
</kw>
<arg>$status is not None</arg>
<arg>Append To List</arg>
<arg>${parts}</arg>
<arg>&lt;p style="text-align:center"&gt;&lt;b&gt;Status:&lt;/b&gt; ${status}&lt;/p&gt;</arg>
<doc>Runs the given keyword with the given arguments, if ``condition`` is true.</doc>
<status status="PASS" start="2025-09-23T17:12:48.906799" elapsed="0.002001"/>
</kw>
<kw name="Run Keyword If" owner="BuiltIn">
<kw name="Append To List" owner="Collections">
<arg>${parts}</arg>
<arg>&lt;p style="text-align:center"&gt;&lt;b&gt;URL:&lt;/b&gt; ${url_utilizada}&lt;/p&gt;</arg>
<doc>Adds ``values`` to the end of ``list``.</doc>
<status status="PASS" start="2025-09-23T17:12:48.909802" elapsed="0.000999"/>
</kw>
<arg>$url_utilizada is not None</arg>
<arg>Append To List</arg>
<arg>${parts}</arg>
<arg>&lt;p style="text-align:center"&gt;&lt;b&gt;URL:&lt;/b&gt; ${url_utilizada}&lt;/p&gt;</arg>
<doc>Runs the given keyword with the given arguments, if ``condition`` is true.</doc>
<status status="PASS" start="2025-09-23T17:12:48.908800" elapsed="0.002001"/>
</kw>
<kw name="Run Keyword If" owner="BuiltIn">
<kw name="Append To List" owner="Collections">
<arg>${parts}</arg>
<arg>&lt;p style="text-align:center"&gt;&lt;b&gt;Método:&lt;/b&gt; ${metodo}&lt;/p&gt;</arg>
<doc>Adds ``values`` to the end of ``list``.</doc>
<status status="PASS" start="2025-09-23T17:12:48.912798" elapsed="0.000000"/>
</kw>
<arg>$metodo is not None</arg>
<arg>Append To List</arg>
<arg>${parts}</arg>
<arg>&lt;p style="text-align:center"&gt;&lt;b&gt;Método:&lt;/b&gt; ${metodo}&lt;/p&gt;</arg>
<doc>Runs the given keyword with the given arguments, if ``condition`` is true.</doc>
<status status="PASS" start="2025-09-23T17:12:48.911800" elapsed="0.001999"/>
</kw>
<kw name="Run Keyword If" owner="BuiltIn">
<kw name="Append To List" owner="Collections">
<arg>${parts}</arg>
<arg>&lt;p style="text-align:center"&gt;&lt;b&gt;Tempo de resposta:&lt;/b&gt; ${tempo_ms} ms&lt;/p&gt;</arg>
<doc>Adds ``values`` to the end of ``list``.</doc>
<status status="PASS" start="2025-09-23T17:12:48.914799" elapsed="0.001001"/>
</kw>
<arg>$tempo_ms is not None</arg>
<arg>Append To List</arg>
<arg>${parts}</arg>
<arg>&lt;p style="text-align:center"&gt;&lt;b&gt;Tempo de resposta:&lt;/b&gt; ${tempo_ms} ms&lt;/p&gt;</arg>
<doc>Runs the given keyword with the given arguments, if ``condition`` is true.</doc>
<status status="PASS" start="2025-09-23T17:12:48.913799" elapsed="0.002001"/>
</kw>
<if>
<branch type="IF" condition="$headers is not None">
<kw name="Evaluate" owner="BuiltIn">
<msg time="2025-09-23T17:12:48.917803" level="INFO">${is_response} = False</msg>
<var>${is_response}</var>
<arg>hasattr($headers, "status_code") and hasattr($headers, "request")</arg>
<doc>Evaluates the given expression in Python and returns the result.</doc>
<status status="PASS" start="2025-09-23T17:12:48.916799" elapsed="0.001004"/>
</kw>
<if>
<branch type="IF" condition="${is_response}">
<kw name="Set Variable" owner="BuiltIn">
<var>${hdrs}</var>
<arg>${headers.request.headers}</arg>
<doc>Returns the given values which can then be assigned to a variables.</doc>
<status status="NOT RUN" start="2025-09-23T17:12:48.917803" elapsed="0.000000"/>
</kw>
<status status="NOT RUN" start="2025-09-23T17:12:48.917803" elapsed="0.000000"/>
</branch>
<branch type="ELSE">
<kw name="Set Variable" owner="BuiltIn">
<msg time="2025-09-23T17:12:48.918762" level="INFO">${hdrs} = {'User-Agent': 'python-requests/2.32.5', 'Accept-Encoding': 'gzip, deflate', 'Accept': '*/*', 'Connection': 'keep-alive'}</msg>
<var>${hdrs}</var>
<arg>${headers}</arg>
<doc>Returns the given values which can then be assigned to a variables.</doc>
<status status="PASS" start="2025-09-23T17:12:48.918762" elapsed="0.000000"/>
</kw>
<status status="PASS" start="2025-09-23T17:12:48.917803" elapsed="0.000959"/>
</branch>
<status status="PASS" start="2025-09-23T17:12:48.917803" elapsed="0.000959"/>
</if>
<kw name="Run Keyword And Ignore Error" owner="BuiltIn">
<kw name="Evaluate" owner="BuiltIn">
<arg>__import__("json").dumps(dict($hdrs), ensure_ascii=False, indent=2)</arg>
<doc>Evaluates the given expression in Python and returns the result.</doc>
<status status="PASS" start="2025-09-23T17:12:48.919764" elapsed="0.000000"/>
</kw>
<msg time="2025-09-23T17:12:48.919764" level="INFO">${ok} = PASS</msg>
<msg time="2025-09-23T17:12:48.919764" level="INFO">${pretty} = {
  "User-Agent": "python-requests/2.32.5",
  "Accept-Encoding": "gzip, deflate",
  "Accept": "*/*",
  "Connection": "keep-alive"
}</msg>
<var>${ok}</var>
<var>${pretty}</var>
<arg>Evaluate</arg>
<arg>__import__("json").dumps(dict($hdrs), ensure_ascii=False, indent=2)</arg>
<doc>Runs the given keyword with the given arguments and ignores possible error.</doc>
<status status="PASS" start="2025-09-23T17:12:48.918762" elapsed="0.001002"/>
</kw>
<kw name="Run Keyword If" owner="BuiltIn">
<kw name="Append To List" owner="Collections">
<arg>${parts}</arg>
<arg>&lt;h3&gt;Headers&lt;/h3&gt;&lt;pre style="background:#f5f5f5;padding:8px;border-radius:6px;white-space:pre-wrap;text-align:left"&gt;${pretty}&lt;/pre&gt;</arg>
<doc>Adds ``values`` to the end of ``list``.</doc>
<status status="PASS" start="2025-09-23T17:12:48.920767" elapsed="0.000000"/>
</kw>
<arg>'${ok}'=='PASS'</arg>
<arg>Append To List</arg>
<arg>${parts}</arg>
<arg>&lt;h3&gt;Headers&lt;/h3&gt;&lt;pre style="background:#f5f5f5;padding:8px;border-radius:6px;white-space:pre-wrap;text-align:left"&gt;${pretty}&lt;/pre&gt;</arg>
<doc>Runs the given keyword with the given arguments, if ``condition`` is true.</doc>
<status status="PASS" start="2025-09-23T17:12:48.919764" elapsed="0.001003"/>
</kw>
<kw name="Run Keyword If" owner="BuiltIn">
<arg>'${ok}'!='PASS'</arg>
<arg>Append To List</arg>
<arg>${parts}</arg>
<arg>&lt;h3&gt;Headers&lt;/h3&gt;&lt;pre style="background:#f5f5f5;padding:8px;border-radius:6px;white-space:pre-wrap;text-align:left"&gt;${hdrs}&lt;/pre&gt;</arg>
<doc>Runs the given keyword with the given arguments, if ``condition`` is true.</doc>
<status status="PASS" start="2025-09-23T17:12:48.920767" elapsed="0.000995"/>
</kw>
<status status="PASS" start="2025-09-23T17:12:48.915800" elapsed="0.005962"/>
</branch>
<status status="PASS" start="2025-09-23T17:12:48.915800" elapsed="0.005962"/>
</if>
<if>
<branch type="IF" condition="$response is not None">
<kw name="Evaluate" owner="BuiltIn">
<msg time="2025-09-23T17:12:48.922765" level="INFO">${has_text} = True</msg>
<var>${has_text}</var>
<arg>hasattr($response, "text")</arg>
<doc>Evaluates the given expression in Python and returns the result.</doc>
<status status="PASS" start="2025-09-23T17:12:48.921762" elapsed="0.001003"/>
</kw>
<kw name="Run Keyword If" owner="BuiltIn">
<kw name="Set Variable" owner="BuiltIn">
<arg>${response.text}</arg>
<doc>Returns the given values which can then be assigned to a variables.</doc>
<status status="PASS" start="2025-09-23T17:12:48.922765" elapsed="0.000997"/>
</kw>
<msg time="2025-09-23T17:12:48.923762" level="INFO">${text} = {
  "cep": "30140-071",
  "logradouro": "Rua dos Aimorés",
  "complemento": "de 971/972 a 1399/1400",
  "unidade": "",
  "bairro": "Boa Viagem",
  "localidade": "Belo Horizonte",
  "uf": "MG",
  "esta...</msg>
<var>${text}</var>
<arg>${has_text}</arg>
<arg>Set Variable</arg>
<arg>${response.text}</arg>
<arg>ELSE</arg>
<arg>Set Variable</arg>
<arg>${response}</arg>
<doc>Runs the given keyword with the given arguments, if ``condition`` is true.</doc>
<status status="PASS" start="2025-09-23T17:12:48.922765" elapsed="0.000997"/>
</kw>
<kw name="Run Keyword And Ignore Error" owner="BuiltIn">
<kw name="Evaluate" owner="BuiltIn">
<arg>__import__("json").loads($text)</arg>
<doc>Evaluates the given expression in Python and returns the result.</doc>
<status status="PASS" start="2025-09-23T17:12:48.923762" elapsed="0.001001"/>
</kw>
<msg time="2025-09-23T17:12:48.924763" level="INFO">${ok} = PASS</msg>
<msg time="2025-09-23T17:12:48.924763" level="INFO">${maybe_json} = {'cep': '30140-071', 'logradouro': 'Rua dos Aimorés', 'complemento': 'de 971/972 a 1399/1400', 'unidade': '', 'bairro': 'Boa Viagem', 'localidade': 'Belo Horizonte', 'uf': 'MG', 'estado': 'Minas Gerai...</msg>
<var>${ok}</var>
<var>${maybe_json}</var>
<arg>Evaluate</arg>
<arg>__import__("json").loads($text)</arg>
<doc>Runs the given keyword with the given arguments and ignores possible error.</doc>
<status status="PASS" start="2025-09-23T17:12:48.923762" elapsed="0.001001"/>
</kw>
<kw name="Run Keyword If" owner="BuiltIn">
<kw name="Evaluate" owner="BuiltIn">
<arg>__import__("json").dumps($maybe_json, ensure_ascii=False, indent=2)</arg>
<doc>Evaluates the given expression in Python and returns the result.</doc>
<status status="PASS" start="2025-09-23T17:12:48.925762" elapsed="0.000000"/>
</kw>
<msg time="2025-09-23T17:12:48.925762" level="INFO">${resp_txt} = {
  "cep": "30140-071",
  "logradouro": "Rua dos Aimorés",
  "complemento": "de 971/972 a 1399/1400",
  "unidade": "",
  "bairro": "Boa Viagem",
  "localidade": "Belo Horizonte",
  "uf": "MG",
  "esta...</msg>
<var>${resp_txt}</var>
<arg>'${ok}'=='PASS'</arg>
<arg>Evaluate</arg>
<arg>__import__("json").dumps($maybe_json, ensure_ascii=False, indent=2)</arg>
<arg>ELSE</arg>
<arg>Set Variable</arg>
<arg>${text}</arg>
<doc>Runs the given keyword with the given arguments, if ``condition`` is true.</doc>
<status status="PASS" start="2025-09-23T17:12:48.924763" elapsed="0.000999"/>
</kw>
<kw name="Append To List" owner="Collections">
<arg>${parts}</arg>
<arg>&lt;h3&gt;Response&lt;/h3&gt;&lt;pre style="background:#f5f5f5;padding:8px;border-radius:6px;white-space:pre-wrap;text-align:left"&gt;${resp_txt}&lt;/pre&gt;</arg>
<doc>Adds ``values`` to the end of ``list``.</doc>
<status status="PASS" start="2025-09-23T17:12:48.925762" elapsed="0.001002"/>
</kw>
<status status="PASS" start="2025-09-23T17:12:48.921762" elapsed="0.005002"/>
</branch>
<status status="PASS" start="2025-09-23T17:12:48.921762" elapsed="0.005002"/>
</if>
<kw name="Append To List" owner="Collections">
<arg>${parts}</arg>
<arg>&lt;p style="text-align:center"&gt;Fim do log&lt;/p&gt;</arg>
<doc>Adds ``values`` to the end of ``list``.</doc>
<status status="PASS" start="2025-09-23T17:12:48.926764" elapsed="0.000000"/>
</kw>
<kw name="Append To List" owner="Collections">
<arg>${parts}</arg>
<arg>&lt;/div&gt;</arg>
<doc>Adds ``values`` to the end of ``list``.</doc>
<status status="PASS" start="2025-09-23T17:12:48.926764" elapsed="0.000998"/>
</kw>
<kw name="Catenate" owner="BuiltIn">
<msg time="2025-09-23T17:12:48.927762" level="INFO">${html} = &lt;div style="max-width:820px;margin:0 auto;font-family:Arial,Helvetica,sans-serif;"&gt;
&lt;h2 style="text-align:center;color:#a00"&gt;==== Consulta: Tempo CEP válido 30140071 ====&lt;/h2&gt;
&lt;p style="text-align:cen...</msg>
<var>${html}</var>
<arg>SEPARATOR=\n</arg>
<arg>@{parts}</arg>
<doc>Catenates the given items together and returns the resulted string.</doc>
<status status="PASS" start="2025-09-23T17:12:48.927762" elapsed="0.000000"/>
</kw>
<kw name="Html To Pdf" owner="RPA.PDF">
<msg time="2025-09-23T17:12:48.929778" level="INFO">Writing output to file C:\workspace\Projeto_via_cep\output\pdf\Tempo-CEP-válido-30140071.pdf</msg>
<msg time="2025-09-23T17:12:49.020352" level="INFO">maxp pruned</msg>
<msg time="2025-09-23T17:12:49.020352" level="INFO">cmap pruned</msg>
<msg time="2025-09-23T17:12:49.020352" level="INFO">post pruned</msg>
<msg time="2025-09-23T17:12:49.020352" level="INFO">GDEF dropped</msg>
<msg time="2025-09-23T17:12:49.020352" level="INFO">GPOS dropped</msg>
<msg time="2025-09-23T17:12:49.020352" level="INFO">GSUB dropped</msg>
<msg time="2025-09-23T17:12:49.021354" level="INFO">glyf pruned</msg>
<msg time="2025-09-23T17:12:49.021354" level="INFO">Added gid0 to subset</msg>
<msg time="2025-09-23T17:12:49.021354" level="INFO">Added first four glyphs to subset</msg>
<msg time="2025-09-23T17:12:49.021354" level="INFO">Closing glyph list over 'glyf': 45 glyphs before</msg>
<msg time="2025-09-23T17:12:49.021354" level="INFO">Glyph names: ['.notdef', '.null', 'uni0020', 'uni002E', 'uni002F', 'uni0030', 'uni0031', 'uni0032', 'uni0033', 'uni0034', 'uni0037', 'uni0039', 'uni003A', 'uni003D', 'uni0041', 'uni0043', 'uni0045', 'uni0046', 'uni0047', 'uni0048', 'uni0050', 'uni0052', 'uni0054', 'uni0061', 'uni0062', 'uni0063', 'uni0064', 'uni0065', 'uni0067', 'uni0068', 'uni0069', 'uni006A', 'uni006C', 'uni006D', 'uni006E', 'uni006F', 'uni0070', 'uni0072', 'uni0073', 'uni0074', 'uni0075', 'uni0076', 'uni0077', 'uni00C4', 'uni00E1']</msg>
<msg time="2025-09-23T17:12:49.021354" level="INFO">Glyph IDs:   [0, 1, 2, 3, 73, 95, 137, 141, 161, 374, 382, 409, 504, 505, 575, 582, 594, 612, 650, 660, 679, 707, 723, 752, 759, 775, 827, 837, 867, 884, 899, 932, 936, 1294, 1295, 1296, 1298, 1299, 1303, 1305, 1357, 1404, 1407, 1426, 1681]</msg>
<msg time="2025-09-23T17:12:49.022385" level="INFO">Closed glyph list over 'glyf': 46 glyphs after</msg>
<msg time="2025-09-23T17:12:49.022385" level="INFO">Glyph names: ['.notdef', '.null', 'uni0020', 'uni002E', 'uni002F', 'uni0030', 'uni0031', 'uni0032', 'uni0033', 'uni0034', 'uni0037', 'uni0039', 'uni003A', 'uni003D', 'uni0041', 'uni0043', 'uni0045', 'uni0046', 'uni0047', 'uni0048', 'uni0050', 'uni0052', 'uni0054', 'uni0061', 'uni0062', 'uni0063', 'uni0064', 'uni0065', 'uni0067', 'uni0068', 'uni0069', 'uni006A', 'uni006C', 'uni006D', 'uni006E', 'uni006F', 'uni0070', 'uni0072', 'uni0073', 'uni0074', 'uni0075', 'uni0076', 'uni0077', 'uni00B4', 'uni00C4', 'uni00E1']</msg>
<msg time="2025-09-23T17:12:49.022385" level="INFO">Glyph IDs:   [0, 1, 2, 3, 73, 95, 137, 141, 161, 374, 382, 409, 504, 505, 575, 582, 594, 612, 650, 660, 679, 707, 723, 752, 759, 775, 827, 837, 867, 884, 899, 932, 936, 1294, 1295, 1296, 1298, 1299, 1303, 1305, 1357, 1404, 1407, 1426, 1636, 1681]</msg>
<msg time="2025-09-23T17:12:49.022385" level="INFO">Retaining 46 glyphs</msg>
<msg time="2025-09-23T17:12:49.022385" level="INFO">head subsetting not needed</msg>
<msg time="2025-09-23T17:12:49.022385" level="INFO">hhea subsetting not needed</msg>
<msg time="2025-09-23T17:12:49.022385" level="INFO">maxp subsetting not needed</msg>
<msg time="2025-09-23T17:12:49.022385" level="INFO">OS/2 subsetting not needed</msg>
<msg time="2025-09-23T17:12:49.023389" level="INFO">hmtx subsetted</msg>
<msg time="2025-09-23T17:12:49.023389" level="INFO">cmap subsetted</msg>
<msg time="2025-09-23T17:12:49.023389" level="INFO">prep subsetting not needed</msg>
<msg time="2025-09-23T17:12:49.023389" level="INFO">loca subsetting not needed</msg>
<msg time="2025-09-23T17:12:49.023389" level="INFO">post subsetted</msg>
<msg time="2025-09-23T17:12:49.024387" level="INFO">gasp subsetting not needed</msg>
<msg time="2025-09-23T17:12:49.024387" level="INFO">STAT subsetting not needed</msg>
<msg time="2025-09-23T17:12:49.024387" level="INFO">name subsetting not needed</msg>
<msg time="2025-09-23T17:12:49.024387" level="INFO">glyf subsetted</msg>
<msg time="2025-09-23T17:12:49.025386" level="INFO">head pruned</msg>
<msg time="2025-09-23T17:12:49.025386" level="INFO">OS/2 Unicode ranges pruned: [0, 1]</msg>
<msg time="2025-09-23T17:12:49.025386" level="INFO">OS/2 CodePage ranges pruned: [0]</msg>
<msg time="2025-09-23T17:12:49.025386" level="INFO">glyf pruned</msg>
<msg time="2025-09-23T17:12:49.026382" level="INFO">name pruned</msg>
<msg time="2025-09-23T17:12:49.036385" level="INFO">maxp pruned</msg>
<msg time="2025-09-23T17:12:49.036385" level="INFO">cmap pruned</msg>
<msg time="2025-09-23T17:12:49.036385" level="INFO">post pruned</msg>
<msg time="2025-09-23T17:12:49.036385" level="INFO">GDEF dropped</msg>
<msg time="2025-09-23T17:12:49.036385" level="INFO">GPOS dropped</msg>
<msg time="2025-09-23T17:12:49.036385" level="INFO">GSUB dropped</msg>
<msg time="2025-09-23T17:12:49.036385" level="INFO">glyf pruned</msg>
<msg time="2025-09-23T17:12:49.037387" level="INFO">Added gid0 to subset</msg>
<msg time="2025-09-23T17:12:49.037387" level="INFO">Added first four glyphs to subset</msg>
<msg time="2025-09-23T17:12:49.037387" level="INFO">Closing glyph list over 'glyf': 23 glyphs before</msg>
<msg time="2025-09-23T17:12:49.037387" level="INFO">Glyph names: ['.notdef', '.null', 'uni0020', 'uni003A', 'uni0041', 'uni004C', 'uni004D', 'uni0052', 'uni0053', 'uni0054', 'uni0055', 'uni0061', 'uni0064', 'uni0065', 'uni006D', 'uni006F', 'uni0070', 'uni0072', 'uni0073', 'uni0074', 'uni0075', 'uni00C4', 'uni00E9']</msg>
<msg time="2025-09-23T17:12:49.037387" level="INFO">Glyph IDs:   [0, 1, 2, 3, 280, 291, 382, 395, 409, 421, 504, 594, 612, 616, 752, 775, 827, 837, 867, 884, 899, 1407, 1681]</msg>
<msg time="2025-09-23T17:12:49.037387" level="INFO">Closed glyph list over 'glyf': 24 glyphs after</msg>
<msg time="2025-09-23T17:12:49.037387" level="INFO">Glyph names: ['.notdef', '.null', 'uni0020', 'uni003A', 'uni0041', 'uni004C', 'uni004D', 'uni0052', 'uni0053', 'uni0054', 'uni0055', 'uni0061', 'uni0064', 'uni0065', 'uni006D', 'uni006F', 'uni0070', 'uni0072', 'uni0073', 'uni0074', 'uni0075', 'uni00B4', 'uni00C4', 'uni00E9']</msg>
<msg time="2025-09-23T17:12:49.037387" level="INFO">Glyph IDs:   [0, 1, 2, 3, 280, 291, 382, 395, 409, 421, 504, 594, 612, 616, 752, 775, 827, 837, 867, 884, 899, 1407, 1636, 1681]</msg>
<msg time="2025-09-23T17:12:49.037387" level="INFO">Retaining 24 glyphs</msg>
<msg time="2025-09-23T17:12:49.037387" level="INFO">head subsetting not needed</msg>
<msg time="2025-09-23T17:12:49.038385" level="INFO">hhea subsetting not needed</msg>
<msg time="2025-09-23T17:12:49.038385" level="INFO">maxp subsetting not needed</msg>
<msg time="2025-09-23T17:12:49.038385" level="INFO">OS/2 subsetting not needed</msg>
<msg time="2025-09-23T17:12:49.038385" level="INFO">hmtx subsetted</msg>
<msg time="2025-09-23T17:12:49.039385" level="INFO">cmap subsetted</msg>
<msg time="2025-09-23T17:12:49.039385" level="INFO">prep subsetting not needed</msg>
<msg time="2025-09-23T17:12:49.039385" level="INFO">loca subsetting not needed</msg>
<msg time="2025-09-23T17:12:49.039385" level="INFO">post subsetted</msg>
<msg time="2025-09-23T17:12:49.039385" level="INFO">gasp subsetting not needed</msg>
<msg time="2025-09-23T17:12:49.039385" level="INFO">STAT subsetting not needed</msg>
<msg time="2025-09-23T17:12:49.039385" level="INFO">name subsetting not needed</msg>
<msg time="2025-09-23T17:12:49.040387" level="INFO">glyf subsetted</msg>
<msg time="2025-09-23T17:12:49.040387" level="INFO">head pruned</msg>
<msg time="2025-09-23T17:12:49.040387" level="INFO">OS/2 Unicode ranges pruned: [0, 1]</msg>
<msg time="2025-09-23T17:12:49.040387" level="INFO">OS/2 CodePage ranges pruned: [0]</msg>
<msg time="2025-09-23T17:12:49.040387" level="INFO">glyf pruned</msg>
<msg time="2025-09-23T17:12:49.041387" level="INFO">name pruned</msg>
<msg time="2025-09-23T17:12:49.047386" level="INFO">maxp pruned</msg>
<msg time="2025-09-23T17:12:49.047386" level="INFO">cmap pruned</msg>
<msg time="2025-09-23T17:12:49.047386" level="INFO">post pruned</msg>
<msg time="2025-09-23T17:12:49.048385" level="INFO">GDEF dropped</msg>
<msg time="2025-09-23T17:12:49.048385" level="INFO">GPOS dropped</msg>
<msg time="2025-09-23T17:12:49.048385" level="INFO">GSUB dropped</msg>
<msg time="2025-09-23T17:12:49.048385" level="INFO">glyf pruned</msg>
<msg time="2025-09-23T17:12:49.050385" level="INFO">Added gid0 to subset</msg>
<msg time="2025-09-23T17:12:49.050385" level="INFO">Added first four glyphs to subset</msg>
<msg time="2025-09-23T17:12:49.050385" level="INFO">Closing glyph list over 'glyf': 4 glyphs before</msg>
<msg time="2025-09-23T17:12:49.050385" level="INFO">Glyph names: ['.notdef', '.null', 'uni0020', 'uni00A0']</msg>
<msg time="2025-09-23T17:12:49.050385" level="INFO">Glyph IDs:   [0, 1, 2, 3]</msg>
<msg time="2025-09-23T17:12:49.050385" level="INFO">Closed glyph list over 'glyf': 4 glyphs after</msg>
<msg time="2025-09-23T17:12:49.050385" level="INFO">Glyph names: ['.notdef', '.null', 'uni0020', 'uni00A0']</msg>
<msg time="2025-09-23T17:12:49.050385" level="INFO">Glyph IDs:   [0, 1, 2, 3]</msg>
<msg time="2025-09-23T17:12:49.050385" level="INFO">Retaining 4 glyphs</msg>
<msg time="2025-09-23T17:12:49.051382" level="INFO">head subsetting not needed</msg>
<msg time="2025-09-23T17:12:49.051382" level="INFO">hhea subsetting not needed</msg>
<msg time="2025-09-23T17:12:49.051382" level="INFO">maxp subsetting not needed</msg>
<msg time="2025-09-23T17:12:49.051382" level="INFO">OS/2 subsetting not needed</msg>
<msg time="2025-09-23T17:12:49.051382" level="INFO">hmtx subsetted</msg>
<msg time="2025-09-23T17:12:49.051382" level="INFO">cmap subsetted</msg>
<msg time="2025-09-23T17:12:49.052385" level="INFO">loca subsetting not needed</msg>
<msg time="2025-09-23T17:12:49.052385" level="INFO">post subsetted</msg>
<msg time="2025-09-23T17:12:49.052385" level="INFO">name subsetting not needed</msg>
<msg time="2025-09-23T17:12:49.052385" level="INFO">glyf subsetted</msg>
<msg time="2025-09-23T17:12:49.052385" level="INFO">head pruned</msg>
<msg time="2025-09-23T17:12:49.052385" level="INFO">OS/2 Unicode ranges pruned: [0]</msg>
<msg time="2025-09-23T17:12:49.053388" level="INFO">OS/2 CodePage ranges pruned: [0]</msg>
<msg time="2025-09-23T17:12:49.053388" level="INFO">glyf pruned</msg>
<msg time="2025-09-23T17:12:49.053388" level="INFO">name pruned</msg>
<msg time="2025-09-23T17:12:49.056385" level="INFO">maxp pruned</msg>
<msg time="2025-09-23T17:12:49.056385" level="INFO">cmap pruned</msg>
<msg time="2025-09-23T17:12:49.057356" level="INFO">post pruned</msg>
<msg time="2025-09-23T17:12:49.057356" level="INFO">GDEF dropped</msg>
<msg time="2025-09-23T17:12:49.057356" level="INFO">GPOS dropped</msg>
<msg time="2025-09-23T17:12:49.057356" level="INFO">GSUB dropped</msg>
<msg time="2025-09-23T17:12:49.057356" level="INFO">glyf pruned</msg>
<msg time="2025-09-23T17:12:49.060352" level="INFO">Added gid0 to subset</msg>
<msg time="2025-09-23T17:12:49.060352" level="INFO">Added first four glyphs to subset</msg>
<msg time="2025-09-23T17:12:49.060352" level="INFO">Closing glyph list over 'glyf': 4 glyphs before</msg>
<msg time="2025-09-23T17:12:49.060352" level="INFO">Glyph names: ['.notdef', '.null', 'uni0020', 'uni00A0']</msg>
<msg time="2025-09-23T17:12:49.060352" level="INFO">Glyph IDs:   [0, 1, 2, 3]</msg>
<msg time="2025-09-23T17:12:49.060352" level="INFO">Closed glyph list over 'glyf': 4 glyphs after</msg>
<msg time="2025-09-23T17:12:49.060352" level="INFO">Glyph names: ['.notdef', '.null', 'uni0020', 'uni00A0']</msg>
<msg time="2025-09-23T17:12:49.060352" level="INFO">Glyph IDs:   [0, 1, 2, 3]</msg>
<msg time="2025-09-23T17:12:49.060352" level="INFO">Retaining 4 glyphs</msg>
<msg time="2025-09-23T17:12:49.061368" level="INFO">head subsetting not needed</msg>
<msg time="2025-09-23T17:12:49.061368" level="INFO">hhea subsetting not needed</msg>
<msg time="2025-09-23T17:12:49.061368" level="INFO">maxp subsetting not needed</msg>
<msg time="2025-09-23T17:12:49.061368" level="INFO">OS/2 subsetting not needed</msg>
<msg time="2025-09-23T17:12:49.061368" level="INFO">hmtx subsetted</msg>
<msg time="2025-09-23T17:12:49.062385" level="INFO">cmap subsetted</msg>
<msg time="2025-09-23T17:12:49.062385" level="INFO">loca subsetting not needed</msg>
<msg time="2025-09-23T17:12:49.062385" level="INFO">post subsetted</msg>
<msg time="2025-09-23T17:12:49.062385" level="INFO">name subsetting not needed</msg>
<msg time="2025-09-23T17:12:49.062385" level="INFO">glyf subsetted</msg>
<msg time="2025-09-23T17:12:49.063398" level="INFO">head pruned</msg>
<msg time="2025-09-23T17:12:49.063398" level="INFO">OS/2 Unicode ranges pruned: [0]</msg>
<msg time="2025-09-23T17:12:49.063398" level="INFO">OS/2 CodePage ranges pruned: [0]</msg>
<msg time="2025-09-23T17:12:49.063398" level="INFO">glyf pruned</msg>
<msg time="2025-09-23T17:12:49.063398" level="INFO">name pruned</msg>
<arg>${html}</arg>
<arg>${out}</arg>
<doc>Generate a PDF file from HTML content.</doc>
<status status="PASS" start="2025-09-23T17:12:48.927762" elapsed="0.141761"/>
</kw>
<return>
<value>${out}</value>
<status status="PASS" start="2025-09-23T17:12:49.069523" elapsed="0.000000"/>
</return>
<msg time="2025-09-23T17:12:49.069523" level="INFO">${pdf} = output/pdf/Tempo-CEP-válido-30140071.pdf</msg>
<var>${pdf}</var>
<arg>nome_consulta=${nome}</arg>
<arg>response=${response}</arg>
<arg>status=${status}</arg>
<arg>url_utilizada=${url}</arg>
<arg>metodo=${metodo}</arg>
<arg>headers=${headers}</arg>
<arg>out=${out}</arg>
<arg>tempo_ms=${tempo_ms}</arg>
<status status="PASS" start="2025-09-23T17:12:48.898784" elapsed="0.170739"/>
</kw>
<kw name="Log To Console" owner="BuiltIn">
<arg>PDF gerado: ${pdf}</arg>
<doc>Logs the given message to the console.</doc>
<status status="PASS" start="2025-09-23T17:12:49.069523" elapsed="0.000937"/>
</kw>
<arg>Tempo CEP válido ${cep}</arg>
<arg>${response}</arg>
<arg>${status}</arg>
<arg>${url}</arg>
<arg>${metodo}</arg>
<arg>${headers}</arg>
<arg>${tempo_ms}</arg>
<status status="PASS" start="2025-09-23T17:12:48.889790" elapsed="0.180670"/>
</kw>
<arg>${cep}</arg>
<status status="PASS" start="2025-09-23T17:12:48.469867" elapsed="0.600593"/>
</kw>
<status status="PASS" start="2025-09-23T17:12:48.469867" elapsed="0.600593"/>
</branch>
<branch type="ELSE IF" condition="$situacao == 'invalido'">
<kw name="Teste CEP inexistente" owner="keywords">
<arg>${cep}</arg>
<status status="NOT RUN" start="2025-09-23T17:12:49.070460" elapsed="0.000000"/>
</kw>
<status status="NOT RUN" start="2025-09-23T17:12:49.070460" elapsed="0.000000"/>
</branch>
<branch type="ELSE IF" condition="$situacao == 'malformado'">
<kw name="Teste tempo CEP malformado" owner="keywords">
<arg>${cep}</arg>
<status status="NOT RUN" start="2025-09-23T17:12:49.070460" elapsed="0.000000"/>
</kw>
<status status="NOT RUN" start="2025-09-23T17:12:49.070460" elapsed="0.000000"/>
</branch>
<status status="PASS" start="2025-09-23T17:12:48.469867" elapsed="0.600593"/>
</if>
<arg>30140071</arg>
<arg>valido</arg>
<status status="PASS" start="2025-09-23T17:12:48.469867" elapsed="0.600593"/>
</kw>
<kw name="Testar CEP" owner="keywords">
<if>
<branch type="IF" condition="$situacao == 'valido'">
<kw name="Teste tempo CEP válido" owner="keywords">
<kw name="Get CEP" owner="request">
<kw name="Replace String" owner="String">
<msg time="2025-09-23T17:12:49.072500" level="INFO">${endpoint} = ws/70040900/json</msg>
<var>${endpoint}</var>
<arg>${ENDPOINT_CONSULTA_CEP}</arg>
<arg>:cep:</arg>
<arg>${cep}</arg>
<doc>Replaces ``search_for`` in the given ``string`` with ``replace_with``.</doc>
<status status="PASS" start="2025-09-23T17:12:49.071468" elapsed="0.001032"/>
</kw>
<kw name="GET" owner="RequestsLibrary">
<msg time="2025-09-23T17:12:49.432739" level="INFO">GET Request : url=http://viacep.com.br/ws/70040900/json 
 path_url=/ws/70040900/json 
 headers={'User-Agent': 'python-requests/2.32.5', 'Accept-Encoding': 'gzip, deflate', 'Accept': '*/*', 'Connection': 'keep-alive'} 
 body=None 
 </msg>
<msg time="2025-09-23T17:12:49.433732" level="INFO">GET Response : url=http://viacep.com.br/ws/70040900/json 
 status=200, reason=OK 
 headers={'Server': 'nginx/1.22.0', 'Date': 'Tue, 23 Sep 2025 20:12:33 GMT', 'Content-Type': 'application/json; charset=utf-8', 'Transfer-Encoding': 'chunked', 'Connection': 'keep-alive', 'Access-Control-Allow-Origin': '*', 'Access-Control-Allow-Methods': 'GET', 'Access-Control-Allow-Headers': 'Content-Type, X-Request-With, X-Requested-By', 'Access-Control-Allow-Credentials': 'true', 'Access-Control-Max-Age': '86400', 'Strict-Transport-Security': 'max-age=63072000'} 
 body={
  "erro": "true"
} 
 </msg>
<msg time="2025-09-23T17:12:49.433732" level="INFO">${response} = &lt;Response [200]&gt;</msg>
<var>${response}</var>
<arg>url=${BASE_URL}/${endpoint}</arg>
<arg>expected_status=any</arg>
<doc>Sends a GET request.</doc>
<status status="PASS" start="2025-09-23T17:12:49.072500" elapsed="0.361232"/>
</kw>
<kw name="Set Variable" owner="BuiltIn">
<msg time="2025-09-23T17:12:49.436731" level="INFO">${status} = 200</msg>
<var>${status}</var>
<arg>${response.status_code}</arg>
<doc>Returns the given values which can then be assigned to a variables.</doc>
<status status="PASS" start="2025-09-23T17:12:49.434730" elapsed="0.002001"/>
</kw>
<kw name="Set Variable" owner="BuiltIn">
<msg time="2025-09-23T17:12:49.438731" level="INFO">${url_utilizada} = http://viacep.com.br/ws/70040900/json</msg>
<var>${url_utilizada}</var>
<arg>${response.url}</arg>
<doc>Returns the given values which can then be assigned to a variables.</doc>
<status status="PASS" start="2025-09-23T17:12:49.436731" elapsed="0.002000"/>
</kw>
<kw name="Set Variable" owner="BuiltIn">
<msg time="2025-09-23T17:12:49.440734" level="INFO">${metodo} = GET</msg>
<var>${metodo}</var>
<arg>${response.request.method}</arg>
<doc>Returns the given values which can then be assigned to a variables.</doc>
<status status="PASS" start="2025-09-23T17:12:49.439730" elapsed="0.001004"/>
</kw>
<kw name="Set Variable" owner="BuiltIn">
<msg time="2025-09-23T17:12:49.443730" level="INFO">${headers} = {'User-Agent': 'python-requests/2.32.5', 'Accept-Encoding': 'gzip, deflate', 'Accept': '*/*', 'Connection': 'keep-alive'}</msg>
<var>${headers}</var>
<arg>${response.request.headers}</arg>
<doc>Returns the given values which can then be assigned to a variables.</doc>
<status status="PASS" start="2025-09-23T17:12:49.441734" elapsed="0.001996"/>
</kw>
<return>
<value>${response}</value>
<value>${status}</value>
<value>${url_utilizada}</value>
<value>${metodo}</value>
<value>${headers}</value>
<status status="PASS" start="2025-09-23T17:12:49.443730" elapsed="0.000000"/>
</return>
<msg time="2025-09-23T17:12:49.444731" level="INFO">${response} = &lt;Response [200]&gt;</msg>
<msg time="2025-09-23T17:12:49.444731" level="INFO">${status} = 200</msg>
<msg time="2025-09-23T17:12:49.444731" level="INFO">${url} = http://viacep.com.br/ws/70040900/json</msg>
<msg time="2025-09-23T17:12:49.444731" level="INFO">${metodo} = GET</msg>
<msg time="2025-09-23T17:12:49.445731" level="INFO">${headers} = {'User-Agent': 'python-requests/2.32.5', 'Accept-Encoding': 'gzip, deflate', 'Accept': '*/*', 'Connection': 'keep-alive'}</msg>
<var>${response}</var>
<var>${status}</var>
<var>${url}</var>
<var>${metodo}</var>
<var>${headers}</var>
<arg>${cep}</arg>
<status status="PASS" start="2025-09-23T17:12:49.071468" elapsed="0.374263"/>
</kw>
<kw name="Evaluate" owner="BuiltIn">
<msg time="2025-09-23T17:12:49.446732" level="INFO">${secs} = 0.359779</msg>
<var>${secs}</var>
<arg>$response.elapsed.total_seconds()</arg>
<doc>Evaluates the given expression in Python and returns the result.</doc>
<status status="PASS" start="2025-09-23T17:12:49.445731" elapsed="0.001001"/>
</kw>
<kw name="Evaluate" owner="BuiltIn">
<msg time="2025-09-23T17:12:49.448737" level="INFO">${tempo_ms} = 360</msg>
<var>${tempo_ms}</var>
<arg>int(round($secs * 1000))</arg>
<doc>Evaluates the given expression in Python and returns the result.</doc>
<status status="PASS" start="2025-09-23T17:12:49.447731" elapsed="0.001006"/>
</kw>
<kw name="Should Be True" owner="BuiltIn">
<arg>$secs &lt; 2</arg>
<arg>msg=Tempo de resposta ${secs}s &gt;= 2s</arg>
<doc>Fails if the given condition is not true.</doc>
<status status="PASS" start="2025-09-23T17:12:49.448737" elapsed="0.000993"/>
</kw>
<kw name="Gerar PDF deste teste" owner="gerar_pdf" type="TEARDOWN">
<kw name="Create Directory" owner="OperatingSystem">
<msg time="2025-09-23T17:12:49.453733" level="INFO" html="true">Directory '&lt;a href="file://C:\workspace\Projeto_via_cep\output\pdf"&gt;C:\workspace\Projeto_via_cep\output\pdf&lt;/a&gt;' already exists.</msg>
<arg>output/pdf</arg>
<doc>Creates the specified directory.</doc>
<status status="PASS" start="2025-09-23T17:12:49.452731" elapsed="0.001002"/>
</kw>
<kw name="Replace String" owner="String">
<msg time="2025-09-23T17:12:49.454733" level="INFO">${safe} = Tempo-CEP-válido-70040900</msg>
<var>${safe}</var>
<arg>${nome}</arg>
<arg>${SPACE}</arg>
<arg>-</arg>
<doc>Replaces ``search_for`` in the given ``string`` with ``replace_with``.</doc>
<status status="PASS" start="2025-09-23T17:12:49.453733" elapsed="0.001000"/>
</kw>
<kw name="Set Variable" owner="BuiltIn">
<msg time="2025-09-23T17:12:49.455735" level="INFO">${out} = output/pdf/Tempo-CEP-válido-70040900.pdf</msg>
<var>${out}</var>
<arg>output/pdf/${safe}.pdf</arg>
<doc>Returns the given values which can then be assigned to a variables.</doc>
<status status="PASS" start="2025-09-23T17:12:49.455735" elapsed="0.000000"/>
</kw>
<kw name="Gerar PDF com log" owner="gerar_pdf">
<if>
<branch type="IF" condition="$out is None">
<kw name="Get Current Date" owner="DateTime">
<var>${ts}</var>
<arg>result_format=%Y%m%d-%H%M%S</arg>
<doc>Returns current local or UTC time with an optional increment.</doc>
<status status="NOT RUN" start="2025-09-23T17:12:49.458699" elapsed="0.000000"/>
</kw>
<kw name="Replace String" owner="String">
<var>${safe}</var>
<arg>${nome_consulta}</arg>
<arg>${SPACE}</arg>
<arg>-</arg>
<doc>Replaces ``search_for`` in the given ``string`` with ``replace_with``.</doc>
<status status="NOT RUN" start="2025-09-23T17:12:49.458699" elapsed="0.000000"/>
</kw>
<kw name="Set Variable" owner="BuiltIn">
<var>${out}</var>
<arg>output/pdf/${ts}_${safe}.pdf</arg>
<doc>Returns the given values which can then be assigned to a variables.</doc>
<status status="NOT RUN" start="2025-09-23T17:12:49.458699" elapsed="0.000000"/>
</kw>
<status status="NOT RUN" start="2025-09-23T17:12:49.458699" elapsed="0.000000"/>
</branch>
<status status="PASS" start="2025-09-23T17:12:49.458699" elapsed="0.000000"/>
</if>
<kw name="Create List" owner="BuiltIn">
<msg time="2025-09-23T17:12:49.458699" level="INFO">@{parts} = [ ]</msg>
<var>@{parts}</var>
<doc>Returns a list containing given items.</doc>
<status status="PASS" start="2025-09-23T17:12:49.458699" elapsed="0.000000"/>
</kw>
<kw name="Append To List" owner="Collections">
<arg>${parts}</arg>
<arg>&lt;div style="max-width:820px;margin:0 auto;font-family:Arial,Helvetica,sans-serif;"&gt;</arg>
<doc>Adds ``values`` to the end of ``list``.</doc>
<status status="PASS" start="2025-09-23T17:12:49.458699" elapsed="0.001000"/>
</kw>
<kw name="Append To List" owner="Collections">
<arg>${parts}</arg>
<arg>&lt;h2 style="text-align:center;color:#a00"&gt;==== Consulta: ${nome_consulta} ====&lt;/h2&gt;</arg>
<doc>Adds ``values`` to the end of ``list``.</doc>
<status status="PASS" start="2025-09-23T17:12:49.459699" elapsed="0.000000"/>
</kw>
<kw name="Run Keyword If" owner="BuiltIn">
<kw name="Append To List" owner="Collections">
<arg>${parts}</arg>
<arg>&lt;p style="text-align:center"&gt;&lt;b&gt;Status:&lt;/b&gt; ${status}&lt;/p&gt;</arg>
<doc>Adds ``values`` to the end of ``list``.</doc>
<status status="PASS" start="2025-09-23T17:12:49.459699" elapsed="0.000000"/>
</kw>
<arg>$status is not None</arg>
<arg>Append To List</arg>
<arg>${parts}</arg>
<arg>&lt;p style="text-align:center"&gt;&lt;b&gt;Status:&lt;/b&gt; ${status}&lt;/p&gt;</arg>
<doc>Runs the given keyword with the given arguments, if ``condition`` is true.</doc>
<status status="PASS" start="2025-09-23T17:12:49.459699" elapsed="0.000000"/>
</kw>
<kw name="Run Keyword If" owner="BuiltIn">
<kw name="Append To List" owner="Collections">
<arg>${parts}</arg>
[...]
<doc>Adds ``values`` to the end of ``list``.</doc>
<status status="PASS" start="2025-09-23T17:12:50.935006" elapsed="0.000000"/>
</kw>
<kw name="Append To List" owner="Collections">
<arg>${parts}</arg>
<arg>&lt;/div&gt;</arg>
<doc>Adds ``values`` to the end of ``list``.</doc>
<status status="PASS" start="2025-09-23T17:12:50.935006" elapsed="0.001000"/>
</kw>
<kw name="Catenate" owner="BuiltIn">
<msg time="2025-09-23T17:12:50.936006" level="INFO">${html} = &lt;div style="max-width:820px;margin:0 auto;font-family:Arial,Helvetica,sans-serif;"&gt;
&lt;h2 style="text-align:center;color:#a00"&gt;==== Consulta: Tempo CEP malformado 123 ====&lt;/h2&gt;
&lt;p style="text-align:cent...</msg>
<var>${html}</var>
<arg>SEPARATOR=\n</arg>
<arg>@{parts}</arg>
<doc>Catenates the given items together and returns the resulted string.</doc>
<status status="PASS" start="2025-09-23T17:12:50.936006" elapsed="0.000000"/>
</kw>
<kw name="Html To Pdf" owner="RPA.PDF">
<msg time="2025-09-23T17:12:50.937006" level="INFO">Writing output to file C:\workspace\Projeto_via_cep\output\pdf\Tempo-CEP-malformado-123.pdf</msg>
<msg time="2025-09-23T17:12:50.990005" level="INFO">maxp pruned</msg>
<msg time="2025-09-23T17:12:50.991006" level="INFO">cmap pruned</msg>
<msg time="2025-09-23T17:12:50.991006" level="INFO">post pruned</msg>
<msg time="2025-09-23T17:12:50.991006" level="INFO">GDEF dropped</msg>
<msg time="2025-09-23T17:12:50.991006" level="INFO">GPOS dropped</msg>
<msg time="2025-09-23T17:12:50.991006" level="INFO">GSUB dropped</msg>
<msg time="2025-09-23T17:12:50.991006" level="INFO">glyf pruned</msg>
<msg time="2025-09-23T17:12:50.991006" level="INFO">Added gid0 to subset</msg>
<msg time="2025-09-23T17:12:50.991006" level="INFO">Added first four glyphs to subset</msg>
<msg time="2025-09-23T17:12:50.992006" level="INFO">Closing glyph list over 'glyf': 44 glyphs before</msg>
<msg time="2025-09-23T17:12:50.992006" level="INFO">Glyph names: ['.notdef', '.null', 'uni0020', 'uni002E', 'uni002F', 'uni0030', 'uni0031', 'uni0032', 'uni0033', 'uni0034', 'uni0036', 'uni003A', 'uni003D', 'uni0041', 'uni0043', 'uni0045', 'uni0046', 'uni0047', 'uni0048', 'uni0050', 'uni0052', 'uni0054', 'uni0061', 'uni0062', 'uni0063', 'uni0064', 'uni0065', 'uni0066', 'uni0067', 'uni0068', 'uni0069', 'uni006A', 'uni006C', 'uni006D', 'uni006E', 'uni006F', 'uni0070', 'uni0072', 'uni0073', 'uni0074', 'uni0075', 'uni0076', 'uni0077', 'uni00C4']</msg>
<msg time="2025-09-23T17:12:50.992006" level="INFO">Glyph IDs:   [0, 1, 2, 3, 73, 95, 137, 141, 161, 374, 382, 409, 504, 575, 582, 594, 612, 645, 650, 660, 679, 707, 723, 752, 759, 775, 827, 837, 867, 884, 899, 932, 936, 1294, 1295, 1296, 1298, 1299, 1302, 1357, 1404, 1407, 1426, 1681]</msg>
<msg time="2025-09-23T17:12:50.992006" level="INFO">Closed glyph list over 'glyf': 44 glyphs after</msg>
<msg time="2025-09-23T17:12:50.992006" level="INFO">Glyph names: ['.notdef', '.null', 'uni0020', 'uni002E', 'uni002F', 'uni0030', 'uni0031', 'uni0032', 'uni0033', 'uni0034', 'uni0036', 'uni003A', 'uni003D', 'uni0041', 'uni0043', 'uni0045', 'uni0046', 'uni0047', 'uni0048', 'uni0050', 'uni0052', 'uni0054', 'uni0061', 'uni0062', 'uni0063', 'uni0064', 'uni0065', 'uni0066', 'uni0067', 'uni0068', 'uni0069', 'uni006A', 'uni006C', 'uni006D', 'uni006E', 'uni006F', 'uni0070', 'uni0072', 'uni0073', 'uni0074', 'uni0075', 'uni0076', 'uni0077', 'uni00C4']</msg>
<msg time="2025-09-23T17:12:50.992006" level="INFO">Glyph IDs:   [0, 1, 2, 3, 73, 95, 137, 141, 161, 374, 382, 409, 504, 575, 582, 594, 612, 645, 650, 660, 679, 707, 723, 752, 759, 775, 827, 837, 867, 884, 899, 932, 936, 1294, 1295, 1296, 1298, 1299, 1302, 1357, 1404, 1407, 1426, 1681]</msg>
<msg time="2025-09-23T17:12:50.992006" level="INFO">Retaining 44 glyphs</msg>
<msg time="2025-09-23T17:12:50.992006" level="INFO">head subsetting not needed</msg>
<msg time="2025-09-23T17:12:50.993006" level="INFO">hhea subsetting not needed</msg>
<msg time="2025-09-23T17:12:50.993006" level="INFO">maxp subsetting not needed</msg>
<msg time="2025-09-23T17:12:50.993006" level="INFO">OS/2 subsetting not needed</msg>
<msg time="2025-09-23T17:12:50.993006" level="INFO">hmtx subsetted</msg>
<msg time="2025-09-23T17:12:50.994006" level="INFO">cmap subsetted</msg>
<msg time="2025-09-23T17:12:50.994006" level="INFO">prep subsetting not needed</msg>
<msg time="2025-09-23T17:12:50.994006" level="INFO">loca subsetting not needed</msg>
<msg time="2025-09-23T17:12:50.994006" level="INFO">post subsetted</msg>
<msg time="2025-09-23T17:12:50.994006" level="INFO">gasp subsetting not needed</msg>
<msg time="2025-09-23T17:12:50.994006" level="INFO">STAT subsetting not needed</msg>
<msg time="2025-09-23T17:12:50.994006" level="INFO">name subsetting not needed</msg>
<msg time="2025-09-23T17:12:50.995006" level="INFO">glyf subsetted</msg>
<msg time="2025-09-23T17:12:50.995006" level="INFO">head pruned</msg>
<msg time="2025-09-23T17:12:50.995006" level="INFO">OS/2 Unicode ranges pruned: [0]</msg>
<msg time="2025-09-23T17:12:50.995006" level="INFO">OS/2 CodePage ranges pruned: [0]</msg>
<msg time="2025-09-23T17:12:50.995006" level="INFO">glyf pruned</msg>
<msg time="2025-09-23T17:12:50.996006" level="INFO">name pruned</msg>
<msg time="2025-09-23T17:12:51.005006" level="INFO">maxp pruned</msg>
<msg time="2025-09-23T17:12:51.006006" level="INFO">cmap pruned</msg>
<msg time="2025-09-23T17:12:51.006006" level="INFO">post pruned</msg>
<msg time="2025-09-23T17:12:51.006006" level="INFO">GDEF dropped</msg>
<msg time="2025-09-23T17:12:51.006006" level="INFO">GPOS dropped</msg>
<msg time="2025-09-23T17:12:51.006006" level="INFO">GSUB dropped</msg>
<msg time="2025-09-23T17:12:51.006006" level="INFO">glyf pruned</msg>
<msg time="2025-09-23T17:12:51.006006" level="INFO">Added gid0 to subset</msg>
<msg time="2025-09-23T17:12:51.007006" level="INFO">Added first four glyphs to subset</msg>
<msg time="2025-09-23T17:12:51.007006" level="INFO">Closing glyph list over 'glyf': 23 glyphs before</msg>
<msg time="2025-09-23T17:12:51.007006" level="INFO">Glyph names: ['.notdef', '.null', 'uni0020', 'uni003A', 'uni0041', 'uni004C', 'uni004D', 'uni0052', 'uni0053', 'uni0054', 'uni0055', 'uni0061', 'uni0064', 'uni0065', 'uni006D', 'uni006F', 'uni0070', 'uni0072', 'uni0073', 'uni0074', 'uni0075', 'uni00C4', 'uni00E9']</msg>
<msg time="2025-09-23T17:12:51.007006" level="INFO">Glyph IDs:   [0, 1, 2, 3, 280, 291, 382, 395, 409, 421, 504, 594, 612, 616, 752, 775, 827, 837, 867, 884, 899, 1407, 1681]</msg>
<msg time="2025-09-23T17:12:51.007006" level="INFO">Closed glyph list over 'glyf': 24 glyphs after</msg>
<msg time="2025-09-23T17:12:51.007006" level="INFO">Glyph names: ['.notdef', '.null', 'uni0020', 'uni003A', 'uni0041', 'uni004C', 'uni004D', 'uni0052', 'uni0053', 'uni0054', 'uni0055', 'uni0061', 'uni0064', 'uni0065', 'uni006D', 'uni006F', 'uni0070', 'uni0072', 'uni0073', 'uni0074', 'uni0075', 'uni00B4', 'uni00C4', 'uni00E9']</msg>
<msg time="2025-09-23T17:12:51.007006" level="INFO">Glyph IDs:   [0, 1, 2, 3, 280, 291, 382, 395, 409, 421, 504, 594, 612, 616, 752, 775, 827, 837, 867, 884, 899, 1407, 1636, 1681]</msg>
<msg time="2025-09-23T17:12:51.007006" level="INFO">Retaining 24 glyphs</msg>
<msg time="2025-09-23T17:12:51.007006" level="INFO">head subsetting not needed</msg>
<msg time="2025-09-23T17:12:51.007006" level="INFO">hhea subsetting not needed</msg>
<msg time="2025-09-23T17:12:51.008006" level="INFO">maxp subsetting not needed</msg>
<msg time="2025-09-23T17:12:51.008006" level="INFO">OS/2 subsetting not needed</msg>
<msg time="2025-09-23T17:12:51.008006" level="INFO">hmtx subsetted</msg>
<msg time="2025-09-23T17:12:51.009006" level="INFO">cmap subsetted</msg>
<msg time="2025-09-23T17:12:51.009006" level="INFO">prep subsetting not needed</msg>
<msg time="2025-09-23T17:12:51.009006" level="INFO">loca subsetting not needed</msg>
<msg time="2025-09-23T17:12:51.009006" level="INFO">post subsetted</msg>
<msg time="2025-09-23T17:12:51.009006" level="INFO">gasp subsetting not needed</msg>
<msg time="2025-09-23T17:12:51.009006" level="INFO">STAT subsetting not needed</msg>
<msg time="2025-09-23T17:12:51.009006" level="INFO">name subsetting not needed</msg>
<msg time="2025-09-23T17:12:51.009006" level="INFO">glyf subsetted</msg>
<msg time="2025-09-23T17:12:51.010007" level="INFO">head pruned</msg>
<msg time="2025-09-23T17:12:51.010007" level="INFO">OS/2 Unicode ranges pruned: [0, 1]</msg>
<msg time="2025-09-23T17:12:51.010007" level="INFO">OS/2 CodePage ranges pruned: [0]</msg>
<msg time="2025-09-23T17:12:51.010007" level="INFO">glyf pruned</msg>
<msg time="2025-09-23T17:12:51.011006" level="INFO">name pruned</msg>
<msg time="2025-09-23T17:12:51.017005" level="INFO">maxp pruned</msg>
<msg time="2025-09-23T17:12:51.017005" level="INFO">cmap pruned</msg>
<msg time="2025-09-23T17:12:51.017005" level="INFO">post pruned</msg>
<msg time="2025-09-23T17:12:51.017005" level="INFO">GDEF dropped</msg>
<msg time="2025-09-23T17:12:51.017005" level="INFO">GPOS dropped</msg>
<msg time="2025-09-23T17:12:51.017005" level="INFO">GSUB dropped</msg>
<msg time="2025-09-23T17:12:51.017005" level="INFO">glyf pruned</msg>
<msg time="2025-09-23T17:12:51.019005" level="INFO">Added gid0 to subset</msg>
<msg time="2025-09-23T17:12:51.019005" level="INFO">Added first four glyphs to subset</msg>
<msg time="2025-09-23T17:12:51.020006" level="INFO">Closing glyph list over 'glyf': 4 glyphs before</msg>
<msg time="2025-09-23T17:12:51.020006" level="INFO">Glyph names: ['.notdef', '.null', 'uni0020', 'uni00A0']</msg>
<msg time="2025-09-23T17:12:51.020006" level="INFO">Glyph IDs:   [0, 1, 2, 3]</msg>
<msg time="2025-09-23T17:12:51.020006" level="INFO">Closed glyph list over 'glyf': 4 glyphs after</msg>
<msg time="2025-09-23T17:12:51.020006" level="INFO">Glyph names: ['.notdef', '.null', 'uni0020', 'uni00A0']</msg>
<msg time="2025-09-23T17:12:51.020006" level="INFO">Glyph IDs:   [0, 1, 2, 3]</msg>
<msg time="2025-09-23T17:12:51.020006" level="INFO">Retaining 4 glyphs</msg>
<msg time="2025-09-23T17:12:51.020006" level="INFO">head subsetting not needed</msg>
<msg time="2025-09-23T17:12:51.020006" level="INFO">hhea subsetting not needed</msg>
<msg time="2025-09-23T17:12:51.020006" level="INFO">maxp subsetting not needed</msg>
<msg time="2025-09-23T17:12:51.020006" level="INFO">OS/2 subsetting not needed</msg>
<msg time="2025-09-23T17:12:51.021006" level="INFO">hmtx subsetted</msg>
<msg time="2025-09-23T17:12:51.021006" level="INFO">cmap subsetted</msg>
<msg time="2025-09-23T17:12:51.021006" level="INFO">loca subsetting not needed</msg>
<msg time="2025-09-23T17:12:51.021006" level="INFO">post subsetted</msg>
<msg time="2025-09-23T17:12:51.021006" level="INFO">name subsetting not needed</msg>
<msg time="2025-09-23T17:12:51.022006" level="INFO">glyf subsetted</msg>
<msg time="2025-09-23T17:12:51.022006" level="INFO">head pruned</msg>
<msg time="2025-09-23T17:12:51.022006" level="INFO">OS/2 Unicode ranges pruned: [0]</msg>
<msg time="2025-09-23T17:12:51.022006" level="INFO">OS/2 CodePage ranges pruned: [0]</msg>
<msg time="2025-09-23T17:12:51.022006" level="INFO">glyf pruned</msg>
<msg time="2025-09-23T17:12:51.023006" level="INFO">name pruned</msg>
<msg time="2025-09-23T17:12:51.026005" level="INFO">maxp pruned</msg>
<msg time="2025-09-23T17:12:51.026005" level="INFO">cmap pruned</msg>
<msg time="2025-09-23T17:12:51.026005" level="INFO">post pruned</msg>
<msg time="2025-09-23T17:12:51.026005" level="INFO">GDEF dropped</msg>
<msg time="2025-09-23T17:12:51.026005" level="INFO">GPOS dropped</msg>
<msg time="2025-09-23T17:12:51.026005" level="INFO">GSUB dropped</msg>
<msg time="2025-09-23T17:12:51.026005" level="INFO">glyf pruned</msg>
<msg time="2025-09-23T17:12:51.028005" level="INFO">Added gid0 to subset</msg>
<msg time="2025-09-23T17:12:51.028005" level="INFO">Added first four glyphs to subset</msg>
<msg time="2025-09-23T17:12:51.028005" level="INFO">Closing glyph list over 'glyf': 4 glyphs before</msg>
<msg time="2025-09-23T17:12:51.028005" level="INFO">Glyph names: ['.notdef', '.null', 'uni0020', 'uni00A0']</msg>
<msg time="2025-09-23T17:12:51.028005" level="INFO">Glyph IDs:   [0, 1, 2, 3]</msg>
<msg time="2025-09-23T17:12:51.028005" level="INFO">Closed glyph list over 'glyf': 4 glyphs after</msg>
<msg time="2025-09-23T17:12:51.028005" level="INFO">Glyph names: ['.notdef', '.null', 'uni0020', 'uni00A0']</msg>
<msg time="2025-09-23T17:12:51.029006" level="INFO">Glyph IDs:   [0, 1, 2, 3]</msg>
<msg time="2025-09-23T17:12:51.029006" level="INFO">Retaining 4 glyphs</msg>
<msg time="2025-09-23T17:12:51.029006" level="INFO">head subsetting not needed</msg>
<msg time="2025-09-23T17:12:51.029006" level="INFO">hhea subsetting not needed</msg>
<msg time="2025-09-23T17:12:51.029006" level="INFO">maxp subsetting not needed</msg>
<msg time="2025-09-23T17:12:51.029006" level="INFO">OS/2 subsetting not needed</msg>
<msg time="2025-09-23T17:12:51.029006" level="INFO">hmtx subsetted</msg>
<msg time="2025-09-23T17:12:51.030006" level="INFO">cmap subsetted</msg>
<msg time="2025-09-23T17:12:51.030006" level="INFO">loca subsetting not needed</msg>
<msg time="2025-09-23T17:12:51.030006" level="INFO">post subsetted</msg>
<msg time="2025-09-23T17:12:51.030006" level="INFO">name subsetting not needed</msg>
<msg time="2025-09-23T17:12:51.030006" level="INFO">glyf subsetted</msg>
<msg time="2025-09-23T17:12:51.031006" level="INFO">head pruned</msg>
<msg time="2025-09-23T17:12:51.031006" level="INFO">OS/2 Unicode ranges pruned: [0]</msg>
<msg time="2025-09-23T17:12:51.031006" level="INFO">OS/2 CodePage ranges pruned: [0]</msg>
<msg time="2025-09-23T17:12:51.031006" level="INFO">glyf pruned</msg>
<msg time="2025-09-23T17:12:51.031006" level="INFO">name pruned</msg>
<arg>${html}</arg>
<arg>${out}</arg>
<doc>Generate a PDF file from HTML content.</doc>
<status status="PASS" start="2025-09-23T17:12:50.936006" elapsed="0.099999"/>
</kw>
<return>
<value>${out}</value>
<status status="PASS" start="2025-09-23T17:12:51.037006" elapsed="0.000000"/>
</return>
<msg time="2025-09-23T17:12:51.037006" level="INFO">${pdf} = output/pdf/Tempo-CEP-malformado-123.pdf</msg>
<var>${pdf}</var>
<arg>nome_consulta=${nome}</arg>
<arg>response=${response}</arg>
<arg>status=${status}</arg>
<arg>url_utilizada=${url}</arg>
<arg>metodo=${metodo}</arg>
<arg>headers=${headers}</arg>
<arg>out=${out}</arg>
<arg>tempo_ms=${tempo_ms}</arg>
<status status="PASS" start="2025-09-23T17:12:50.921017" elapsed="0.115989"/>
</kw>
<kw name="Log To Console" owner="BuiltIn">
<arg>PDF gerado: ${pdf}</arg>
<doc>Logs the given message to the console.</doc>
<status status="PASS" start="2025-09-23T17:12:51.037006" elapsed="0.000000"/>
</kw>
<arg>Tempo CEP malformado ${cep}</arg>
<arg>${response}</arg>
<arg>${status}</arg>
<arg>${url}</arg>
<arg>${metodo}</arg>
<arg>${headers}</arg>
<arg>${tempo_ms}</arg>
<status status="PASS" start="2025-09-23T17:12:50.912020" elapsed="0.124986"/>
</kw>
<arg>${cep}</arg>
<status status="PASS" start="2025-09-23T17:12:50.528409" elapsed="0.509597"/>
</kw>
<status status="PASS" start="2025-09-23T17:12:50.528409" elapsed="0.509597"/>
</branch>
<status status="PASS" start="2025-09-23T17:12:50.527404" elapsed="0.510602"/>
</if>
<arg>123</arg>
<arg>malformado</arg>
<status status="PASS" start="2025-09-23T17:12:50.527404" elapsed="0.510602"/>
</kw>
<status status="PASS" start="2025-09-23T17:12:47.952400" elapsed="3.085606"/>
</test>
<test id="s1-s1-t2" name="Smoke Import Schema Keyword" line="16">
<kw name="Evaluate" owner="BuiltIn">
<msg time="2025-09-23T17:12:51.039914" level="INFO">${body} = {'cep': '01001-000', 'localidade': 'São Paulo', 'uf': 'SP'}</msg>
<var>${body}</var>
<arg>{"cep":"01001-000","localidade":"São Paulo","uf":"SP"}</arg>
<doc>Evaluates the given expression in Python and returns the result.</doc>
<status status="PASS" start="2025-09-23T17:12:51.038907" elapsed="0.001007"/>
</kw>
<kw name="Validar JSON Por Schema" owner="schema_keywords">
<arg>${body}</arg>
<arg>${EXECDIR}/resources/data/schemas/cep_schema.json</arg>
<doc>Valida um dicionário JSON `body` contra um schema em `schema_path`.</doc>
<status status="PASS" start="2025-09-23T17:12:51.039914" elapsed="0.008002"/>
</kw>
<status status="PASS" start="2025-09-23T17:12:51.038907" elapsed="0.009009"/>
</test>
<kw name="Mesclar PDFs Da Execução (Python)" owner="gerar_pdf" type="TEARDOWN">
<kw name="Merge Pdfs">
<msg time="2025-09-23T17:12:51.050914" level="FAIL">No keyword with name 'Merge Pdfs' found.</msg>
<var>${saida}</var>
<arg>input_dir=output/pdf</arg>
<arg>pattern=*.pdf</arg>
<arg>out=output/execucao.pdf</arg>
<status status="FAIL" start="2025-09-23T17:12:51.050914" elapsed="0.000000">No keyword with name 'Merge Pdfs' found.</status>
</kw>
<kw name="Log" owner="BuiltIn">
<msg time="2025-09-23T17:12:51.051918" level="FAIL">Variable '${saida}' not found.</msg>
<arg>PDFs mesclados em: ${saida}</arg>
<doc>Logs the given message with the given level.</doc>
<status status="FAIL" start="2025-09-23T17:12:51.051918" elapsed="0.000000">Variable '${saida}' not found.</status>
</kw>
<status status="FAIL" start="2025-09-23T17:12:51.048915" elapsed="0.003999">Several failures occurred:

1) No keyword with name 'Merge Pdfs' found.

2) Variable '${saida}' not found.</status>
</kw>
<status status="FAIL" start="2025-09-23T17:12:47.375213" elapsed="3.677701">Suite teardown failed:
Several failures occurred:

1) No keyword with name 'Merge Pdfs' found.

2) Variable '${saida}' not found.</status>
</suite>
<status status="FAIL" start="2025-09-23T17:12:47.354234" elapsed="3.699680"/>
</suite>
<statistics>
<total>
<stat pass="0" fail="2" skip="0">All Tests</stat>
</total>
<tag>
</tag>
<suite>
<stat name="Tests" id="s1" pass="0" fail="2" skip="0">Tests</stat>
<stat name="Test Cep" id="s1-s1" pass="0" fail="2" skip="0">Tests.Test Cep</stat>
</suite>
</statistics>
<errors>
<msg time="2025-09-23T17:12:47.352228" level="ERROR">Taking listener 'allure_robotframework;output/allure-results' into use failed: Importing listener 'allure_robotframework' failed: ModuleNotFoundError: No module named 'allure_robotframework'
Traceback (most recent call last):
  None
PYTHONPATH:
  c:\workspace\Projeto_via_cep\.venv\Scripts\robot.exe
  C:\Users\fillipy.jesuino\AppData\Local\Programs\Python\Python312\python312.zip
  C:\Users\fillipy.jesuino\AppData\Local\Programs\Python\Python312\DLLs
  C:\Users\fillipy.jesuino\AppData\Local\Programs\Python\Python312\Lib
  C:\Users\fillipy.jesuino\AppData\Local\Programs\Python\Python312
  c:\workspace\Projeto_via_cep\.venv
  c:\workspace\Projeto_via_cep\.venv\Lib\site-packages
  c:\workspace\Projeto_via_cep\.venv\Lib\site-packages\win32
  c:\workspace\Projeto_via_cep\.venv\Lib\site-packages\win32\lib
  c:\workspace\Projeto_via_cep\.venv\Lib\site-packages\Pythonwin</msg>
<msg time="2025-09-23T17:12:47.934402" level="ERROR">Error in file 'C:\workspace\Projeto_via_cep\config\config.resource' on line 8: Importing library 'C:\workspace\Projeto_via_cep\libs\pdf_merge.py' failed: ImportError: cannot import name 'PdfMerger' from 'pypdf' (c:\workspace\Projeto_via_cep\.venv\Lib\site-packages\pypdf\__init__.py)
Traceback (most recent call last):
  File "C:\workspace\Projeto_via_cep\libs\pdf_merge.py", line 1, in &lt;module&gt;
    from pypdf import PdfMerger
PYTHONPATH:
  C:\workspace\Projeto_via_cep\libs
  c:\workspace\Projeto_via_cep\.venv\Scripts\robot.exe
  C:\Users\fillipy.jesuino\AppData\Local\Programs\Python\Python312\python312.zip
  C:\Users\fillipy.jesuino\AppData\Local\Programs\Python\Python312\DLLs
  C:\Users\fillipy.jesuino\AppData\Local\Programs\Python\Python312\Lib
  C:\Users\fillipy.jesuino\AppData\Local\Programs\Python\Python312
  c:\workspace\Projeto_via_cep\.venv
  c:\workspace\Projeto_via_cep\.venv\Lib\site-packages
  c:\workspace\Projeto_via_cep\.venv\Lib\site-packages\win32
  c:\workspace\Projeto_via_cep\.venv\Lib\site-packages\win32\lib
  c:\workspace\Projeto_via_cep\.venv\Lib\site-packages\Pythonwin</msg>
</errors>
</robot>
