<?xml version="1.0" encoding="UTF-8"?>
<robot generator="Robot 7.3.2 (Python 3.13.5 on win32)" generated="2025-09-23T23:49:05.772517" rpa="false" schemaversion="5">
<suite id="s1" name="Tests" source="C:\workspace\Projeto_via_cep\tests">
<suite id="s1-s1" name="Test Cep" source="C:\workspace\Projeto_via_cep\tests\test_cep.robot">
<test id="s1-s1-t1" name="Executar teste em amostra" line="7">
<kw name="Testar CEP" owner="keywords">
<if>
<branch type="IF" condition="$situacao == 'valido'">
<kw name="Teste tempo CEP válido" owner="keywords">
<kw name="Get CEP" owner="request">
<kw name="Replace String" owner="String">
<msg time="2025-09-23T23:49:06.196740" level="INFO">${endpoint} = ws/01001000/json</msg>
<var>${endpoint}</var>
<arg>${ENDPOINT_CONSULTA_CEP}</arg>
<arg>:cep:</arg>
<arg>${cep}</arg>
<doc>Replaces ``search_for`` in the given ``string`` with ``replace_with``.</doc>
<status status="PASS" start="2025-09-23T23:49:06.196551" elapsed="0.000225"/>
</kw>
<kw name="GET" owner="RequestsLibrary">
<msg time="2025-09-23T23:49:06.491365" level="INFO">GET Request : url=http://viacep.com.br/ws/01001000/json 
 path_url=/ws/01001000/json 
 headers={'User-Agent': 'python-requests/2.32.5', 'Accept-Encoding': 'gzip, deflate', 'Accept': '*/*', 'Connection': 'keep-alive'} 
 body=None 
 </msg>
<msg time="2025-09-23T23:49:06.491535" level="INFO">GET Response : url=http://viacep.com.br/ws/01001000/json 
 status=200, reason=OK 
 headers={'Server': 'nginx/1.22.0', 'Date': 'Wed, 24 Sep 2025 02:49:05 GMT', 'Content-Type': 'application/json; charset=utf-8', 'Transfer-Encoding': 'chunked', 'Connection': 'keep-alive', 'Expires': 'Wed, 24 Sep 2025 03:49:05 GMT', 'Cache-Control': 'max-age=3600, public', 'Pragma': 'public', 'Access-Control-Allow-Origin': '*', 'Access-Control-Allow-Methods': 'GET', 'Access-Control-Allow-Headers': 'Content-Type, X-Request-With, X-Requested-By', 'Access-Control-Allow-Credentials': 'true', 'Access-Control-Max-Age': '86400'} 
 body={
  "cep": "01001-000",
  "logradouro": "Praça da Sé",
  "complemento": "lado ímpar",
  "unidade": "",
  "bairro": "Sé",
  "localidade": "São Paulo",
  "uf": "SP",
  "estado": "São Paulo",
  "regiao": "Sudeste",
  "ibge": "3550308",
  "gia": "1004",
  "ddd": "11",
  "siafi": "7107"
} 
 </msg>
<msg time="2025-09-23T23:49:06.491696" level="INFO">${response} = &lt;Response [200]&gt;</msg>
<var>${response}</var>
<arg>url=${BASE_URL}/${endpoint}</arg>
<arg>expected_status=any</arg>
<doc>Sends a GET request.</doc>
<status status="PASS" start="2025-09-23T23:49:06.197553" elapsed="0.294176"/>
</kw>
<kw name="Set Variable" owner="BuiltIn">
<msg time="2025-09-23T23:49:06.493471" level="INFO">${status} = 200</msg>
<var>${status}</var>
<arg>${response.status_code}</arg>
<doc>Returns the given values which can then be assigned to a variables.</doc>
<status status="PASS" start="2025-09-23T23:49:06.492942" elapsed="0.000561"/>
</kw>
<kw name="Set Variable" owner="BuiltIn">
<msg time="2025-09-23T23:49:06.494560" level="INFO">${url_utilizada} = http://viacep.com.br/ws/01001000/json</msg>
<var>${url_utilizada}</var>
<arg>${response.url}</arg>
<doc>Returns the given values which can then be assigned to a variables.</doc>
<status status="PASS" start="2025-09-23T23:49:06.494157" elapsed="0.000425"/>
</kw>
<kw name="Set Variable" owner="BuiltIn">
<msg time="2025-09-23T23:49:06.495784" level="INFO">${metodo} = GET</msg>
<var>${metodo}</var>
<arg>${response.request.method}</arg>
<doc>Returns the given values which can then be assigned to a variables.</doc>
<status status="PASS" start="2025-09-23T23:49:06.495359" elapsed="0.000452"/>
</kw>
<kw name="Set Variable" owner="BuiltIn">
<msg time="2025-09-23T23:49:06.497068" level="INFO">${headers} = {'User-Agent': 'python-requests/2.32.5', 'Accept-Encoding': 'gzip, deflate', 'Accept': '*/*', 'Connection': 'keep-alive'}</msg>
<var>${headers}</var>
<arg>${response.request.headers}</arg>
<doc>Returns the given values which can then be assigned to a variables.</doc>
<status status="PASS" start="2025-09-23T23:49:06.496735" elapsed="0.000355"/>
</kw>
<return>
<value>${response}</value>
<value>${status}</value>
<value>${url_utilizada}</value>
<value>${metodo}</value>
<value>${headers}</value>
<status status="PASS" start="2025-09-23T23:49:06.497636" elapsed="0.000154"/>
</return>
<msg time="2025-09-23T23:49:06.498057" level="INFO">${response} = &lt;Response [200]&gt;</msg>
<msg time="2025-09-23T23:49:06.498092" level="INFO">${status} = 200</msg>
<msg time="2025-09-23T23:49:06.498122" level="INFO">${url} = http://viacep.com.br/ws/01001000/json</msg>
<msg time="2025-09-23T23:49:06.498147" level="INFO">${metodo} = GET</msg>
<msg time="2025-09-23T23:49:06.498174" level="INFO">${headers} = {'User-Agent': 'python-requests/2.32.5', 'Accept-Encoding': 'gzip, deflate', 'Accept': '*/*', 'Connection': 'keep-alive'}</msg>
<var>${response}</var>
<var>${status}</var>
<var>${url}</var>
<var>${metodo}</var>
<var>${headers}</var>
<arg>${cep}</arg>
<status status="PASS" start="2025-09-23T23:49:06.195982" elapsed="0.302206"/>
</kw>
<kw name="Evaluate" owner="BuiltIn">
<msg time="2025-09-23T23:49:06.498982" level="INFO">${secs} = 0.291486</msg>
<var>${secs}</var>
<arg>$response.elapsed.total_seconds()</arg>
<doc>Evaluates the given expression in Python and returns the result.</doc>
<status status="PASS" start="2025-09-23T23:49:06.498718" elapsed="0.000288"/>
</kw>
<kw name="Evaluate" owner="BuiltIn">
<msg time="2025-09-23T23:49:06.499689" level="INFO">${tempo_ms} = 291</msg>
<var>${tempo_ms}</var>
<arg>int(round($secs * 1000))</arg>
<doc>Evaluates the given expression in Python and returns the result.</doc>
<status status="PASS" start="2025-09-23T23:49:06.499508" elapsed="0.000200"/>
</kw>
<kw name="Should Be True" owner="BuiltIn">
<arg>$secs &lt; 2</arg>
<arg>msg=Tempo de resposta ${secs}s &gt;= 2s</arg>
<doc>Fails if the given condition is not true.</doc>
<status status="PASS" start="2025-09-23T23:49:06.500160" elapsed="0.000202"/>
</kw>
<kw name="Gerar PDF deste teste" owner="gerar_pdf">
<kw name="Create Directory" owner="OperatingSystem">
<msg time="2025-09-23T23:49:06.500965" level="INFO" html="true">Directory '&lt;a href="file://C:\workspace\Projeto_via_cep\output\pdf"&gt;C:\workspace\Projeto_via_cep\output\pdf&lt;/a&gt;' already exists.</msg>
<arg>output/pdf</arg>
<doc>Creates the specified directory.</doc>
<status status="PASS" start="2025-09-23T23:49:06.500836" elapsed="0.000167"/>
</kw>
<kw name="Replace String" owner="String">
<msg time="2025-09-23T23:49:06.501624" level="INFO">${safe_nome} = Tempo-CEP-válido</msg>
<var>${safe_nome}</var>
<arg>${nome}</arg>
<arg>${SPACE}</arg>
<arg>-</arg>
<doc>Replaces ``search_for`` in the given ``string`` with ``replace_with``.</doc>
<status status="PASS" start="2025-09-23T23:49:06.501480" elapsed="0.000163"/>
</kw>
<kw name="Set Variable" owner="BuiltIn">
<msg time="2025-09-23T23:49:06.502155" level="INFO">${pdf_nome} = Tempo_CEP_Tempo-CEP-válido_01001000.pdf</msg>
<var>${pdf_nome}</var>
<arg>Tempo_CEP_${safe_nome}_${cep}.pdf</arg>
<doc>Returns the given values which can then be assigned to a variables.</doc>
<status status="PASS" start="2025-09-23T23:49:06.502044" elapsed="0.000126"/>
</kw>
<kw name="Set Variable" owner="BuiltIn">
<msg time="2025-09-23T23:49:06.502678" level="INFO">${pdf_path} = output/pdf/Tempo_CEP_Tempo-CEP-válido_01001000.pdf</msg>
<var>${pdf_path}</var>
<arg>output/pdf/${pdf_nome}</arg>
<doc>Returns the given values which can then be assigned to a variables.</doc>
<status status="PASS" start="2025-09-23T23:49:06.502567" elapsed="0.000126"/>
</kw>
<kw name="Gerar PDF com log" owner="gerar_pdf">
<if>
<branch type="IF" condition="$out is None">
<kw name="Get Current Date" owner="DateTime">
<var>${ts}</var>
<arg>result_format=%Y%m%d-%H%M%S</arg>
<doc>Returns current local or UTC time with an optional increment.</doc>
<status status="NOT RUN" start="2025-09-23T23:49:06.503833" elapsed="0.000028"/>
</kw>
<kw name="Replace String" owner="String">
<var>${safe}</var>
<arg>${nome_consulta}</arg>
<arg>${SPACE}</arg>
<arg>-</arg>
<doc>Replaces ``search_for`` in the given ``string`` with ``replace_with``.</doc>
<status status="NOT RUN" start="2025-09-23T23:49:06.503970" elapsed="0.000023"/>
</kw>
<kw name="Set Variable" owner="BuiltIn">
<var>${out}</var>
<arg>output/pdf/${ts}_${safe}.pdf</arg>
<doc>Returns the given values which can then be assigned to a variables.</doc>
<status status="NOT RUN" start="2025-09-23T23:49:06.504184" elapsed="0.000031"/>
</kw>
<status status="NOT RUN" start="2025-09-23T23:49:06.503683" elapsed="0.000594"/>
</branch>
<status status="PASS" start="2025-09-23T23:49:06.503663" elapsed="0.000675"/>
</if>
<kw name="Create List" owner="BuiltIn">
<msg time="2025-09-23T23:49:06.504472" level="INFO">@{parts} = [ ]</msg>
<var>@{parts}</var>
<doc>Returns a list containing given items.</doc>
<status status="PASS" start="2025-09-23T23:49:06.504390" elapsed="0.000098"/>
</kw>
<kw name="Append To List" owner="Collections">
<arg>${parts}</arg>
<arg>&lt;div style="max-width:820px;margin:0 auto;font-family:Arial,Helvetica,sans-serif;"&gt;</arg>
<doc>Adds ``values`` to the end of ``list``.</doc>
<status status="PASS" start="2025-09-23T23:49:06.505013" elapsed="0.000113"/>
</kw>
<kw name="Append To List" owner="Collections">
<arg>${parts}</arg>
<arg>&lt;h2 style="text-align:center;color:#a00"&gt;==== Consulta: ${nome_consulta} ====&lt;/h2&gt;</arg>
<doc>Adds ``values`` to the end of ``list``.</doc>
<status status="PASS" start="2025-09-23T23:49:06.505299" elapsed="0.000158"/>
</kw>
<kw name="Run Keyword If" owner="BuiltIn">
<kw name="Append To List" owner="Collections">
<arg>${parts}</arg>
<arg>&lt;p style="text-align:center"&gt;&lt;b&gt;Status:&lt;/b&gt; ${status}&lt;/p&gt;</arg>
<doc>Adds ``values`` to the end of ``list``.</doc>
<status status="PASS" start="2025-09-23T23:49:06.505849" elapsed="0.000161"/>
</kw>
<arg>$status is not None</arg>
<arg>Append To List</arg>
<arg>${parts}</arg>
<arg>&lt;p style="text-align:center"&gt;&lt;b&gt;Status:&lt;/b&gt; ${status}&lt;/p&gt;</arg>
<doc>Runs the given keyword with the given arguments, if ``condition`` is true.</doc>
<status status="PASS" start="2025-09-23T23:49:06.505627" elapsed="0.000493"/>
</kw>
<kw name="Run Keyword If" owner="BuiltIn">
<kw name="Append To List" owner="Collections">
<arg>${parts}</arg>
<arg>&lt;p style="text-align:center"&gt;&lt;b&gt;URL:&lt;/b&gt; ${url_utilizada}&lt;/p&gt;</arg>
<doc>Adds ``values`` to the end of ``list``.</doc>
<status status="PASS" start="2025-09-23T23:49:06.506418" elapsed="0.000095"/>
</kw>
<arg>$url_utilizada is not None</arg>
<arg>Append To List</arg>
<arg>${parts}</arg>
<arg>&lt;p style="text-align:center"&gt;&lt;b&gt;URL:&lt;/b&gt; ${url_utilizada}&lt;/p&gt;</arg>
<doc>Runs the given keyword with the given arguments, if ``condition`` is true.</doc>
<status status="PASS" start="2025-09-23T23:49:06.506283" elapsed="0.000293"/>
</kw>
<kw name="Run Keyword If" owner="BuiltIn">
<kw name="Append To List" owner="Collections">
<arg>${parts}</arg>
<arg>&lt;p style="text-align:center"&gt;&lt;b&gt;Método:&lt;/b&gt; ${metodo}&lt;/p&gt;</arg>
<doc>Adds ``values`` to the end of ``list``.</doc>
<status status="PASS" start="2025-09-23T23:49:06.506768" elapsed="0.000084"/>
</kw>
<arg>$metodo is not None</arg>
<arg>Append To List</arg>
<arg>${parts}</arg>
<arg>&lt;p style="text-align:center"&gt;&lt;b&gt;Método:&lt;/b&gt; ${metodo}&lt;/p&gt;</arg>
<doc>Runs the given keyword with the given arguments, if ``condition`` is true.</doc>
<status status="PASS" start="2025-09-23T23:49:06.506662" elapsed="0.000251"/>
</kw>
<kw name="Run Keyword If" owner="BuiltIn">
<kw name="Append To List" owner="Collections">
<arg>${parts}</arg>
<arg>&lt;p style="text-align:center"&gt;&lt;b&gt;Tempo de resposta:&lt;/b&gt; ${tempo_ms} ms&lt;/p&gt;</arg>
<doc>Adds ``values`` to the end of ``list``.</doc>
<status status="PASS" start="2025-09-23T23:49:06.507101" elapsed="0.000085"/>
</kw>
<arg>$tempo_ms is not None</arg>
<arg>Append To List</arg>
<arg>${parts}</arg>
<arg>&lt;p style="text-align:center"&gt;&lt;b&gt;Tempo de resposta:&lt;/b&gt; ${tempo_ms} ms&lt;/p&gt;</arg>
<doc>Runs the given keyword with the given arguments, if ``condition`` is true.</doc>
<status status="PASS" start="2025-09-23T23:49:06.506997" elapsed="0.000247"/>
</kw>
<if>
<branch type="IF" condition="$headers is not None">
<kw name="Evaluate" owner="BuiltIn">
<msg time="2025-09-23T23:49:06.507544" level="INFO">${is_response} = False</msg>
<var>${is_response}</var>
<arg>hasattr($headers, "status_code") and hasattr($headers, "request")</arg>
<doc>Evaluates the given expression in Python and returns the result.</doc>
<status status="PASS" start="2025-09-23T23:49:06.507413" elapsed="0.000147"/>
</kw>
<if>
<branch type="IF" condition="${is_response}">
<kw name="Set Variable" owner="BuiltIn">
<var>${hdrs}</var>
<arg>${headers.request.headers}</arg>
<doc>Returns the given values which can then be assigned to a variables.</doc>
<status status="NOT RUN" start="2025-09-23T23:49:06.508034" elapsed="0.000024"/>
</kw>
<status status="NOT RUN" start="2025-09-23T23:49:06.507937" elapsed="0.000187"/>
</branch>
<branch type="ELSE">
<kw name="Set Variable" owner="BuiltIn">
<msg time="2025-09-23T23:49:06.508327" level="INFO">${hdrs} = {'User-Agent': 'python-requests/2.32.5', 'Accept-Encoding': 'gzip, deflate', 'Accept': '*/*', 'Connection': 'keep-alive'}</msg>
<var>${hdrs}</var>
<arg>${headers}</arg>
<doc>Returns the given values which can then be assigned to a variables.</doc>
<status status="PASS" start="2025-09-23T23:49:06.508237" elapsed="0.000105"/>
</kw>
<status status="PASS" start="2025-09-23T23:49:06.508176" elapsed="0.000503"/>
</branch>
<status status="PASS" start="2025-09-23T23:49:06.507924" elapsed="0.000826"/>
</if>
<kw name="Run Keyword And Ignore Error" owner="BuiltIn">
<kw name="Evaluate" owner="BuiltIn">
<arg>__import__("json").dumps(dict($hdrs), ensure_ascii=False, indent=2)</arg>
<doc>Evaluates the given expression in Python and returns the result.</doc>
<status status="PASS" start="2025-09-23T23:49:06.508906" elapsed="0.000158"/>
</kw>
<msg time="2025-09-23T23:49:06.509159" level="INFO">${ok} = PASS</msg>
<msg time="2025-09-23T23:49:06.509180" level="INFO">${pretty} = {
  "User-Agent": "python-requests/2.32.5",
  "Accept-Encoding": "gzip, deflate",
  "Accept": "*/*",
  "Connection": "keep-alive"
}</msg>
<var>${ok}</var>
<var>${pretty}</var>
<arg>Evaluate</arg>
<arg>__import__("json").dumps(dict($hdrs), ensure_ascii=False, indent=2)</arg>
<doc>Runs the given keyword with the given arguments and ignores possible error.</doc>
<status status="PASS" start="2025-09-23T23:49:06.508812" elapsed="0.000379"/>
</kw>
<kw name="Run Keyword If" owner="BuiltIn">
<kw name="Append To List" owner="Collections">
<arg>${parts}</arg>
<arg>&lt;h3&gt;Headers&lt;/h3&gt;&lt;pre style="background:#f5f5f5;padding:8px;border-radius:6px;white-space:pre-wrap;text-align:left"&gt;${pretty}&lt;/pre&gt;</arg>
<doc>Adds ``values`` to the end of ``list``.</doc>
<status status="PASS" start="2025-09-23T23:49:06.509692" elapsed="0.000094"/>
</kw>
<arg>'${ok}'=='PASS'</arg>
<arg>Append To List</arg>
<arg>${parts}</arg>
<arg>&lt;h3&gt;Headers&lt;/h3&gt;&lt;pre style="background:#f5f5f5;padding:8px;border-radius:6px;white-space:pre-wrap;text-align:left"&gt;${pretty}&lt;/pre&gt;</arg>
<doc>Runs the given keyword with the given arguments, if ``condition`` is true.</doc>
<status status="PASS" start="2025-09-23T23:49:06.509564" elapsed="0.000286"/>
</kw>
<kw name="Run Keyword If" owner="BuiltIn">
<arg>'${ok}'!='PASS'</arg>
<arg>Append To List</arg>
<arg>${parts}</arg>
<arg>&lt;h3&gt;Headers&lt;/h3&gt;&lt;pre style="background:#f5f5f5;padding:8px;border-radius:6px;white-space:pre-wrap;text-align:left"&gt;${hdrs}&lt;/pre&gt;</arg>
<doc>Runs the given keyword with the given arguments, if ``condition`` is true.</doc>
<status status="PASS" start="2025-09-23T23:49:06.509942" elapsed="0.000074"/>
</kw>
<status status="PASS" start="2025-09-23T23:49:06.507313" elapsed="0.002760"/>
</branch>
<status status="PASS" start="2025-09-23T23:49:06.507302" elapsed="0.002861"/>
</if>
<if>
<branch type="IF" condition="$response is not None">
<kw name="Evaluate" owner="BuiltIn">
<msg time="2025-09-23T23:49:06.510427" level="INFO">${has_text} = True</msg>
<var>${has_text}</var>
<arg>hasattr($response, "text")</arg>
<doc>Evaluates the given expression in Python and returns the result.</doc>
<status status="PASS" start="2025-09-23T23:49:06.510306" elapsed="0.000135"/>
</kw>
<kw name="Run Keyword If" owner="BuiltIn">
<kw name="Set Variable" owner="BuiltIn">
<arg>${response.text}</arg>
<doc>Returns the given values which can then be assigned to a variables.</doc>
<status status="PASS" start="2025-09-23T23:49:06.510939" elapsed="0.000251"/>
</kw>
<msg time="2025-09-23T23:49:06.511270" level="INFO">${text} = {
  "cep": "01001-000",
  "logradouro": "Praça da Sé",
  "complemento": "lado ímpar",
  "unidade": "",
  "bairro": "Sé",
  "localidade": "São Paulo",
  "uf": "SP",
  "estado": "São Paulo",
  "regiao":...</msg>
<var>${text}</var>
<arg>${has_text}</arg>
<arg>Set Variable</arg>
<arg>${response.text}</arg>
<arg>ELSE</arg>
<arg>Set Variable</arg>
<arg>${response}</arg>
<doc>Runs the given keyword with the given arguments, if ``condition`` is true.</doc>
<status status="PASS" start="2025-09-23T23:49:06.510825" elapsed="0.000460"/>
</kw>
<kw name="Run Keyword And Ignore Error" owner="BuiltIn">
<kw name="Evaluate" owner="BuiltIn">
<arg>__import__("json").loads($text)</arg>
<doc>Evaluates the given expression in Python and returns the result.</doc>
<status status="PASS" start="2025-09-23T23:49:06.511861" elapsed="0.000159"/>
</kw>
<msg time="2025-09-23T23:49:06.512140" level="INFO">${ok} = PASS</msg>
<msg time="2025-09-23T23:49:06.512179" level="INFO">${maybe_json} = {'cep': '01001-000', 'logradouro': 'Praça da Sé', 'complemento': 'lado ímpar', 'unidade': '', 'bairro': 'Sé', 'localidade': 'São Paulo', 'uf': 'SP', 'estado': 'São Paulo', 'regiao': 'Sudeste', 'ibge':...</msg>
<var>${ok}</var>
<var>${maybe_json}</var>
<arg>Evaluate</arg>
<arg>__import__("json").loads($text)</arg>
<doc>Runs the given keyword with the given arguments and ignores possible error.</doc>
<status status="PASS" start="2025-09-23T23:49:06.511742" elapsed="0.000454"/>
</kw>
<kw name="Run Keyword If" owner="BuiltIn">
<kw name="Evaluate" owner="BuiltIn">
<arg>__import__("json").dumps($maybe_json, ensure_ascii=False, indent=2)</arg>
<doc>Evaluates the given expression in Python and returns the result.</doc>
<status status="PASS" start="2025-09-23T23:49:06.512901" elapsed="0.000468"/>
</kw>
<msg time="2025-09-23T23:49:06.513468" level="INFO">${resp_txt} = {
  "cep": "01001-000",
  "logradouro": "Praça da Sé",
  "complemento": "lado ímpar",
  "unidade": "",
  "bairro": "Sé",
  "localidade": "São Paulo",
  "uf": "SP",
  "estado": "São Paulo",
  "regiao":...</msg>
<var>${resp_txt}</var>
<arg>'${ok}'=='PASS'</arg>
<arg>Evaluate</arg>
<arg>__import__("json").dumps($maybe_json, ensure_ascii=False, indent=2)</arg>
<arg>ELSE</arg>
<arg>Set Variable</arg>
<arg>${text}</arg>
<doc>Runs the given keyword with the given arguments, if ``condition`` is true.</doc>
<status status="PASS" start="2025-09-23T23:49:06.512730" elapsed="0.000755"/>
</kw>
<kw name="Append To List" owner="Collections">
<arg>${parts}</arg>
<arg>&lt;h3&gt;Response&lt;/h3&gt;&lt;pre style="background:#f5f5f5;padding:8px;border-radius:6px;white-space:pre-wrap;text-align:left"&gt;${resp_txt}&lt;/pre&gt;</arg>
<doc>Adds ``values`` to the end of ``list``.</doc>
<status status="PASS" start="2025-09-23T23:49:06.513949" elapsed="0.000121"/>
</kw>
<status status="PASS" start="2025-09-23T23:49:06.510199" elapsed="0.003935"/>
</branch>
<status status="PASS" start="2025-09-23T23:49:06.510190" elapsed="0.003999"/>
</if>
<kw name="Append To List" owner="Collections">
<arg>${parts}</arg>
<arg>&lt;p style="text-align:center"&gt;Fim do log&lt;/p&gt;</arg>
<doc>Adds ``values`` to the end of ``list``.</doc>
<status status="PASS" start="2025-09-23T23:49:06.514241" elapsed="0.000073"/>
</kw>
<kw name="Append To List" owner="Collections">
<arg>${parts}</arg>
<arg>&lt;/div&gt;</arg>
<doc>Adds ``values`` to the end of ``list``.</doc>
<status status="PASS" start="2025-09-23T23:49:06.514401" elapsed="0.000062"/>
</kw>
<kw name="Catenate" owner="BuiltIn">
<msg time="2025-09-23T23:49:06.514651" level="INFO">${html} = &lt;div style="max-width:820px;margin:0 auto;font-family:Arial,Helvetica,sans-serif;"&gt;
&lt;h2 style="text-align:center;color:#a00"&gt;==== Consulta: Tempo CEP válido ====&lt;/h2&gt;
&lt;p style="text-align:center"&gt;&lt;b&gt;S...</msg>
<var>${html}</var>
<arg>SEPARATOR=\n</arg>
<arg>@{parts}</arg>
<doc>Catenates the given items together and returns the resulted string.</doc>
<status status="PASS" start="2025-09-23T23:49:06.514555" elapsed="0.000113"/>
</kw>
<kw name="Html To Pdf" owner="RPA.PDF">
<msg time="2025-09-23T23:49:06.515574" level="INFO">Writing output to file C:\workspace\Projeto_via_cep\output\pdf\Tempo_CEP_Tempo-CEP-válido_01001000.pdf</msg>
<msg time="2025-09-23T23:49:06.551652" level="INFO">maxp pruned</msg>
<msg time="2025-09-23T23:49:06.551832" level="INFO">cmap pruned</msg>
<msg time="2025-09-23T23:49:06.553282" level="INFO">post pruned</msg>
<msg time="2025-09-23T23:49:06.554079" level="INFO">GDEF dropped</msg>
<msg time="2025-09-23T23:49:06.554128" level="INFO">GPOS dropped</msg>
<msg time="2025-09-23T23:49:06.554161" level="INFO">GSUB dropped</msg>
<msg time="2025-09-23T23:49:06.555140" level="INFO">glyf pruned</msg>
<msg time="2025-09-23T23:49:06.555410" level="INFO">Added gid0 to subset</msg>
<msg time="2025-09-23T23:49:06.555442" level="INFO">Added first four glyphs to subset</msg>
<msg time="2025-09-23T23:49:06.555509" level="INFO">Closing glyph list over 'glyf': 50 glyphs before</msg>
<msg time="2025-09-23T23:49:06.555544" level="INFO">Glyph names: ['.notdef', '.null', 'uni0020', 'uni002E', 'uni002F', 'uni0030', 'uni0031', 'uni0032', 'uni0033', 'uni0034', 'uni0035', 'uni0036', 'uni0037', 'uni0038', 'uni0039', 'uni003A', 'uni003D', 'uni0041', 'uni0043', 'uni0045', 'uni0046', 'uni0047', 'uni0048', 'uni0050', 'uni0052', 'uni0054', 'uni0061', 'uni0062', 'uni0063', 'uni0064', 'uni0065', 'uni0067', 'uni0068', 'uni0069', 'uni006A', 'uni006C', 'uni006D', 'uni006E', 'uni006F', 'uni0070', 'uni0072', 'uni0073', 'uni0074', 'uni0075', 'uni0076', 'uni0077', 'uni007B', 'uni007D', 'uni00C4', 'uni00E1']</msg>
<msg time="2025-09-23T23:49:06.555649" level="INFO">Glyph IDs:   [0, 1, 2, 3, 73, 95, 137, 141, 161, 374, 382, 409, 504, 505, 575, 582, 594, 612, 650, 660, 679, 707, 723, 752, 759, 775, 827, 837, 867, 884, 899, 932, 936, 1294, 1295, 1296, 1298, 1299, 1300, 1302, 1303, 1304, 1305, 1345, 1346, 1357, 1404, 1407, 1426, 1681]</msg>
<msg time="2025-09-23T23:49:06.555712" level="INFO">Closed glyph list over 'glyf': 51 glyphs after</msg>
<msg time="2025-09-23T23:49:06.555743" level="INFO">Glyph names: ['.notdef', '.null', 'uni0020', 'uni002E', 'uni002F', 'uni0030', 'uni0031', 'uni0032', 'uni0033', 'uni0034', 'uni0035', 'uni0036', 'uni0037', 'uni0038', 'uni0039', 'uni003A', 'uni003D', 'uni0041', 'uni0043', 'uni0045', 'uni0046', 'uni0047', 'uni0048', 'uni0050', 'uni0052', 'uni0054', 'uni0061', 'uni0062', 'uni0063', 'uni0064', 'uni0065', 'uni0067', 'uni0068', 'uni0069', 'uni006A', 'uni006C', 'uni006D', 'uni006E', 'uni006F', 'uni0070', 'uni0072', 'uni0073', 'uni0074', 'uni0075', 'uni0076', 'uni0077', 'uni007B', 'uni007D', 'uni00B4', 'uni00C4', 'uni00E1']</msg>
<msg time="2025-09-23T23:49:06.555818" level="INFO">Glyph IDs:   [0, 1, 2, 3, 73, 95, 137, 141, 161, 374, 382, 409, 504, 505, 575, 582, 594, 612, 650, 660, 679, 707, 723, 752, 759, 775, 827, 837, 867, 884, 899, 932, 936, 1294, 1295, 1296, 1298, 1299, 1300, 1302, 1303, 1304, 1305, 1345, 1346, 1357, 1404, 1407, 1426, 1636, 1681]</msg>
<msg time="2025-09-23T23:49:06.555922" level="INFO">Retaining 51 glyphs</msg>
<msg time="2025-09-23T23:49:06.556024" level="INFO">head subsetting not needed</msg>
<msg time="2025-09-23T23:49:06.556058" level="INFO">hhea subsetting not needed</msg>
<msg time="2025-09-23T23:49:06.556169" level="INFO">maxp subsetting not needed</msg>
<msg time="2025-09-23T23:49:06.556208" level="INFO">OS/2 subsetting not needed</msg>
<msg time="2025-09-23T23:49:06.556298" level="INFO">hmtx subsetted</msg>
<msg time="2025-09-23T23:49:06.556775" level="INFO">cmap subsetted</msg>
<msg time="2025-09-23T23:49:06.556811" level="INFO">prep subsetting not needed</msg>
<msg time="2025-09-23T23:49:06.556841" level="INFO">loca subsetting not needed</msg>
<msg time="2025-09-23T23:49:06.556880" level="INFO">post subsetted</msg>
<msg time="2025-09-23T23:49:06.556909" level="INFO">gasp subsetting not needed</msg>
<msg time="2025-09-23T23:49:06.556941" level="INFO">STAT subsetting not needed</msg>
<msg time="2025-09-23T23:49:06.556969" level="INFO">name subsetting not needed</msg>
<msg time="2025-09-23T23:49:06.557261" level="INFO">glyf subsetted</msg>
<msg time="2025-09-23T23:49:06.557360" level="INFO">head pruned</msg>
<msg time="2025-09-23T23:49:06.557501" level="INFO">OS/2 Unicode ranges pruned: [0, 1]</msg>
<msg time="2025-09-23T23:49:06.557567" level="INFO">OS/2 CodePage ranges pruned: [0]</msg>
<msg time="2025-09-23T23:49:06.557838" level="INFO">glyf pruned</msg>
<msg time="2025-09-23T23:49:06.558292" level="INFO">name pruned</msg>
<msg time="2025-09-23T23:49:06.565200" level="INFO">maxp pruned</msg>
<msg time="2025-09-23T23:49:06.565315" level="INFO">cmap pruned</msg>
<msg time="2025-09-23T23:49:06.565375" level="INFO">post pruned</msg>
<msg time="2025-09-23T23:49:06.565469" level="INFO">GDEF dropped</msg>
<msg time="2025-09-23T23:49:06.565501" level="INFO">GPOS dropped</msg>
<msg time="2025-09-23T23:49:06.565527" level="INFO">GSUB dropped</msg>
<msg time="2025-09-23T23:49:06.567821" level="INFO">glyf pruned</msg>
<msg time="2025-09-23T23:49:06.568110" level="INFO">Added gid0 to subset</msg>
<msg time="2025-09-23T23:49:06.568152" level="INFO">Added first four glyphs to subset</msg>
<msg time="2025-09-23T23:49:06.568192" level="INFO">Closing glyph list over 'glyf': 37 glyphs before</msg>
<msg time="2025-09-23T23:49:06.568223" level="INFO">Glyph names: ['.notdef', '.null', 'uni0020', 'uni0030', 'uni0031', 'uni0032', 'uni0033', 'uni0034', 'uni0035', 'uni0036', 'uni0037', 'uni0038', 'uni0039', 'uni003A', 'uni0041', 'uni004C', 'uni004D', 'uni0052', 'uni0053', 'uni0054', 'uni0055', 'uni0061', 'uni0062', 'uni0064', 'uni0065', 'uni006D', 'uni006E', 'uni006F', 'uni0070', 'uni0072', 'uni0073', 'uni0074', 'uni0075', 'uni007B', 'uni007D', 'uni00C4', 'uni00E9']</msg>
<msg time="2025-09-23T23:49:06.568341" level="INFO">Glyph IDs:   [0, 1, 2, 3, 280, 291, 382, 395, 409, 421, 504, 575, 594, 612, 616, 752, 759, 775, 827, 837, 867, 884, 899, 1294, 1295, 1296, 1298, 1299, 1300, 1302, 1303, 1304, 1305, 1345, 1346, 1407, 1681]</msg>
<msg time="2025-09-23T23:49:06.568389" level="INFO">Closed glyph list over 'glyf': 38 glyphs after</msg>
<msg time="2025-09-23T23:49:06.568414" level="INFO">Glyph names: ['.notdef', '.null', 'uni0020', 'uni0030', 'uni0031', 'uni0032', 'uni0033', 'uni0034', 'uni0035', 'uni0036', 'uni0037', 'uni0038', 'uni0039', 'uni003A', 'uni0041', 'uni004C', 'uni004D', 'uni0052', 'uni0053', 'uni0054', 'uni0055', 'uni0061', 'uni0062', 'uni0064', 'uni0065', 'uni006D', 'uni006E', 'uni006F', 'uni0070', 'uni0072', 'uni0073', 'uni0074', 'uni0075', 'uni007B', 'uni007D', 'uni00B4', 'uni00C4', 'uni00E9']</msg>
<msg time="2025-09-23T23:49:06.568483" level="INFO">Glyph IDs:   [0, 1, 2, 3, 280, 291, 382, 395, 409, 421, 504, 575, 594, 612, 616, 752, 759, 775, 827, 837, 867, 884, 899, 1294, 1295, 1296, 1298, 1299, 1300, 1302, 1303, 1304, 1305, 1345, 1346, 1407, 1636, 1681]</msg>
<msg time="2025-09-23T23:49:06.568575" level="INFO">Retaining 38 glyphs</msg>
<msg time="2025-09-23T23:49:06.568680" level="INFO">head subsetting not needed</msg>
<msg time="2025-09-23T23:49:06.568713" level="INFO">hhea subsetting not needed</msg>
<msg time="2025-09-23T23:49:06.568742" level="INFO">maxp subsetting not needed</msg>
<msg time="2025-09-23T23:49:06.568773" level="INFO">OS/2 subsetting not needed</msg>
<msg time="2025-09-23T23:49:06.568848" level="INFO">hmtx subsetted</msg>
<msg time="2025-09-23T23:49:06.569293" level="INFO">cmap subsetted</msg>
<msg time="2025-09-23T23:49:06.569326" level="INFO">prep subsetting not needed</msg>
<msg time="2025-09-23T23:49:06.569354" level="INFO">loca subsetting not needed</msg>
<msg time="2025-09-23T23:49:06.569388" level="INFO">post subsetted</msg>
<msg time="2025-09-23T23:49:06.569415" level="INFO">gasp subsetting not needed</msg>
<msg time="2025-09-23T23:49:06.569444" level="INFO">STAT subsetting not needed</msg>
<msg time="2025-09-23T23:49:06.569471" level="INFO">name subsetting not needed</msg>
<msg time="2025-09-23T23:49:06.569743" level="INFO">glyf subsetted</msg>
<msg time="2025-09-23T23:49:06.569847" level="INFO">head pruned</msg>
<msg time="2025-09-23T23:49:06.569928" level="INFO">OS/2 Unicode ranges pruned: [0, 1]</msg>
<msg time="2025-09-23T23:49:06.569991" level="INFO">OS/2 CodePage ranges pruned: [0]</msg>
<msg time="2025-09-23T23:49:06.570227" level="INFO">glyf pruned</msg>
<msg time="2025-09-23T23:49:06.570646" level="INFO">name pruned</msg>
<msg time="2025-09-23T23:49:06.575242" level="INFO">maxp pruned</msg>
<msg time="2025-09-23T23:49:06.575324" level="INFO">cmap pruned</msg>
<msg time="2025-09-23T23:49:06.575373" level="INFO">post pruned</msg>
<msg time="2025-09-23T23:49:06.575397" level="INFO">GDEF dropped</msg>
<msg time="2025-09-23T23:49:06.575422" level="INFO">GPOS dropped</msg>
<msg time="2025-09-23T23:49:06.575444" level="INFO">GSUB dropped</msg>
<msg time="2025-09-23T23:49:06.576289" level="INFO">glyf pruned</msg>
<msg time="2025-09-23T23:49:06.577417" level="INFO">Added gid0 to subset</msg>
<msg time="2025-09-23T23:49:06.577451" level="INFO">Added first four glyphs to subset</msg>
<msg time="2025-09-23T23:49:06.577486" level="INFO">Closing glyph list over 'glyf': 18 glyphs before</msg>
<msg time="2025-09-23T23:49:06.577512" level="INFO">Glyph names: ['.notdef', '.null', 'uni0020', 'uni0030', 'uni0031', 'uni0032', 'uni0033', 'uni0034', 'uni0035', 'uni0036', 'uni0037', 'uni0038', 'uni0039', 'uni0062', 'uni006E', 'uni007B', 'uni007D', 'uni00A0']</msg>
<msg time="2025-09-23T23:49:06.577569" level="INFO">Glyph IDs:   [0, 1, 2, 3, 544, 727, 1256, 1257, 1258, 1260, 1261, 1262, 1264, 1265, 1266, 1267, 1307, 1308]</msg>
<msg time="2025-09-23T23:49:06.577605" level="INFO">Closed glyph list over 'glyf': 18 glyphs after</msg>
<msg time="2025-09-23T23:49:06.577627" level="INFO">Glyph names: ['.notdef', '.null', 'uni0020', 'uni0030', 'uni0031', 'uni0032', 'uni0033', 'uni0034', 'uni0035', 'uni0036', 'uni0037', 'uni0038', 'uni0039', 'uni0062', 'uni006E', 'uni007B', 'uni007D', 'uni00A0']</msg>
<msg time="2025-09-23T23:49:06.577679" level="INFO">Glyph IDs:   [0, 1, 2, 3, 544, 727, 1256, 1257, 1258, 1260, 1261, 1262, 1264, 1265, 1266, 1267, 1307, 1308]</msg>
<msg time="2025-09-23T23:49:06.577758" level="INFO">Retaining 18 glyphs</msg>
<msg time="2025-09-23T23:49:06.577839" level="INFO">head subsetting not needed</msg>
<msg time="2025-09-23T23:49:06.577869" level="INFO">hhea subsetting not needed</msg>
<msg time="2025-09-23T23:49:06.577896" level="INFO">maxp subsetting not needed</msg>
<msg time="2025-09-23T23:49:06.577925" level="INFO">OS/2 subsetting not needed</msg>
<msg time="2025-09-23T23:49:06.577997" level="INFO">hmtx subsetted</msg>
<msg time="2025-09-23T23:49:06.578329" level="INFO">cmap subsetted</msg>
<msg time="2025-09-23T23:49:06.578385" level="INFO">loca subsetting not needed</msg>
<msg time="2025-09-23T23:49:06.578434" level="INFO">post subsetted</msg>
<msg time="2025-09-23T23:49:06.578469" level="INFO">name subsetting not needed</msg>
<msg time="2025-09-23T23:49:06.578737" level="INFO">glyf subsetted</msg>
<msg time="2025-09-23T23:49:06.578824" level="INFO">head pruned</msg>
<msg time="2025-09-23T23:49:06.578902" level="INFO">OS/2 Unicode ranges pruned: [0]</msg>
<msg time="2025-09-23T23:49:06.578948" level="INFO">OS/2 CodePage ranges pruned: [0]</msg>
<msg time="2025-09-23T23:49:06.579109" level="INFO">glyf pruned</msg>
<msg time="2025-09-23T23:49:06.579273" level="INFO">name pruned</msg>
<msg time="2025-09-23T23:49:06.582776" level="INFO">maxp pruned</msg>
<msg time="2025-09-23T23:49:06.582888" level="INFO">cmap pruned</msg>
<msg time="2025-09-23T23:49:06.582943" level="INFO">post pruned</msg>
<msg time="2025-09-23T23:49:06.582968" level="INFO">GDEF dropped</msg>
<msg time="2025-09-23T23:49:06.582995" level="INFO">GPOS dropped</msg>
<msg time="2025-09-23T23:49:06.583020" level="INFO">GSUB dropped</msg>
<msg time="2025-09-23T23:49:06.583988" level="INFO">glyf pruned</msg>
<msg time="2025-09-23T23:49:06.585179" level="INFO">Added gid0 to subset</msg>
<msg time="2025-09-23T23:49:06.585212" level="INFO">Added first four glyphs to subset</msg>
<msg time="2025-09-23T23:49:06.585248" level="INFO">Closing glyph list over 'glyf': 18 glyphs before</msg>
<msg time="2025-09-23T23:49:06.585275" level="INFO">Glyph names: ['.notdef', '.null', 'uni0020', 'uni0030', 'uni0031', 'uni0032', 'uni0033', 'uni0034', 'uni0035', 'uni0036', 'uni0037', 'uni0038', 'uni0039', 'uni0062', 'uni006E', 'uni007B', 'uni007D', 'uni00A0']</msg>
<msg time="2025-09-23T23:49:06.585331" level="INFO">Glyph IDs:   [0, 1, 2, 3, 544, 727, 1256, 1257, 1258, 1260, 1261, 1262, 1264, 1265, 1266, 1267, 1307, 1308]</msg>
<msg time="2025-09-23T23:49:06.585365" level="INFO">Closed glyph list over 'glyf': 18 glyphs after</msg>
<msg time="2025-09-23T23:49:06.585387" level="INFO">Glyph names: ['.notdef', '.null', 'uni0020', 'uni0030', 'uni0031', 'uni0032', 'uni0033', 'uni0034', 'uni0035', 'uni0036', 'uni0037', 'uni0038', 'uni0039', 'uni0062', 'uni006E', 'uni007B', 'uni007D', 'uni00A0']</msg>
<msg time="2025-09-23T23:49:06.585435" level="INFO">Glyph IDs:   [0, 1, 2, 3, 544, 727, 1256, 1257, 1258, 1260, 1261, 1262, 1264, 1265, 1266, 1267, 1307, 1308]</msg>
<msg time="2025-09-23T23:49:06.585513" level="INFO">Retaining 18 glyphs</msg>
<msg time="2025-09-23T23:49:06.585592" level="INFO">head subsetting not needed</msg>
<msg time="2025-09-23T23:49:06.585623" level="INFO">hhea subsetting not needed</msg>
<msg time="2025-09-23T23:49:06.585650" level="INFO">maxp subsetting not needed</msg>
<msg time="2025-09-23T23:49:06.585681" level="INFO">OS/2 subsetting not needed</msg>
<msg time="2025-09-23T23:49:06.585756" level="INFO">hmtx subsetted</msg>
<msg time="2025-09-23T23:49:06.586061" level="INFO">cmap subsetted</msg>
<msg time="2025-09-23T23:49:06.586092" level="INFO">loca subsetting not needed</msg>
<msg time="2025-09-23T23:49:06.586127" level="INFO">post subsetted</msg>
<msg time="2025-09-23T23:49:06.586153" level="INFO">name subsetting not needed</msg>
<msg time="2025-09-23T23:49:06.586398" level="INFO">glyf subsetted</msg>
<msg time="2025-09-23T23:49:06.586472" level="INFO">head pruned</msg>
<msg time="2025-09-23T23:49:06.586543" level="INFO">OS/2 Unicode ranges pruned: [0]</msg>
<msg time="2025-09-23T23:49:06.586587" level="INFO">OS/2 CodePage ranges pruned: [0]</msg>
<msg time="2025-09-23T23:49:06.586716" level="INFO">glyf pruned</msg>
<msg time="2025-09-23T23:49:06.586806" level="INFO">name pruned</msg>
<arg>${html}</arg>
<arg>${out}</arg>
<doc>Generate a PDF file from HTML content.</doc>
<status status="PASS" start="2025-09-23T23:49:06.515073" elapsed="0.076121"/>
</kw>
<return>
<value>${out}</value>
<status status="PASS" start="2025-09-23T23:49:06.591896" elapsed="0.000073"/>
</return>
<msg time="2025-09-23T23:49:06.592160" level="INFO">${out} = output/pdf/Tempo_CEP_Tempo-CEP-válido_01001000.pdf</msg>
<var>${out}</var>
<arg>nome_consulta=${nome}</arg>
<arg>response=${response}</arg>
<arg>status=${status}</arg>
<arg>url_utilizada=${url}</arg>
<arg>metodo=${metodo}</arg>
<arg>headers=${headers}</arg>
<arg>tempo_ms=${tempo_ms}</arg>
<arg>out=${pdf_path}</arg>
<status status="PASS" start="2025-09-23T23:49:06.503242" elapsed="0.088936"/>
</kw>
<kw name="Attach File" owner="AllureLibrary">
<arg>${pdf_path}</arg>
<arg>name=Relatório ${nome}</arg>
<arg>attachment_type=application/pdf</arg>
<status status="PASS" start="2025-09-23T23:49:06.592832" elapsed="0.001211"/>
</kw>
<kw name="Log" owner="BuiltIn">
<msg time="2025-09-23T23:49:06.594384" level="INFO">PDF gerado em: output/pdf/Tempo_CEP_Tempo-CEP-válido_01001000.pdf</msg>
<arg>PDF gerado em: ${pdf_path}</arg>
<doc>Logs the given message with the given level.</doc>
<status status="PASS" start="2025-09-23T23:49:06.594249" elapsed="0.000172"/>
</kw>
<return>
<value>${pdf_path}</value>
<status status="PASS" start="2025-09-23T23:49:06.594930" elapsed="0.000061"/>
</return>
<msg time="2025-09-23T23:49:06.595170" level="INFO">${pdf} = output/pdf/Tempo_CEP_Tempo-CEP-válido_01001000.pdf</msg>
<var>${pdf}</var>
<arg>Tempo CEP válido</arg>
<arg>${cep}</arg>
<arg>${response}</arg>
<arg>${status}</arg>
<arg>${url}</arg>
<arg>${metodo}</arg>
<arg>${headers}</arg>
<arg>${tempo_ms}</arg>
<status status="PASS" start="2025-09-23T23:49:06.500531" elapsed="0.094663"/>
</kw>
<kw name="Adicionar PDF ao Relatório" owner="keywords" type="TEARDOWN">
<kw name="Run Keyword If" owner="BuiltIn">
<arg>'${pdf_path}' == ''</arg>
<arg>Fail</arg>
<arg>PDF path is empty.</arg>
<doc>Runs the given keyword with the given arguments, if ``condition`` is true.</doc>
<status status="PASS" start="2025-09-23T23:49:06.596221" elapsed="0.000163"/>
</kw>
<kw name="File Should Exist" owner="OperatingSystem">
<msg time="2025-09-23T23:49:06.596734" level="INFO" html="true">File '&lt;a href="file://C:\workspace\Projeto_via_cep\output\pdf\Tempo_CEP_Tempo-CEP-válido_01001000.pdf"&gt;C:\workspace\Projeto_via_cep\output\pdf\Tempo_CEP_Tempo-CEP-válido_01001000.pdf&lt;/a&gt;' exists.</msg>
<arg>${pdf_path}</arg>
<doc>Fails unless the given ``path`` points to an existing file.</doc>
<status status="PASS" start="2025-09-23T23:49:06.596530" elapsed="0.000255"/>
</kw>
<kw name="Log" owner="BuiltIn">
<msg time="2025-09-23T23:49:06.597468" level="INFO">PDF adicionado ao relatório: output/pdf/Tempo_CEP_Tempo-CEP-válido_01001000.pdf</msg>
<arg>PDF adicionado ao relatório: ${pdf_path}</arg>
<doc>Logs the given message with the given level.</doc>
<status status="PASS" start="2025-09-23T23:49:06.597363" elapsed="0.000133"/>
</kw>
<kw name="Attach File" owner="AllureLibrary">
<arg>${pdf_path}</arg>
<arg>application/pdf</arg>
<status status="PASS" start="2025-09-23T23:49:06.597954" elapsed="0.000946"/>
</kw>
<arg>${pdf}</arg>
<status status="PASS" start="2025-09-23T23:49:06.595903" elapsed="0.003107"/>
</kw>
<arg>${cep}</arg>
<status status="PASS" start="2025-09-23T23:49:06.195713" elapsed="0.403371"/>
</kw>
<status status="PASS" start="2025-09-23T23:49:06.195434" elapsed="0.403704"/>
</branch>
<branch type="ELSE IF" condition="$situacao == 'invalido'">
<kw name="Teste CEP inexistente" owner="keywords">
<arg>${cep}</arg>
<status status="NOT RUN" start="2025-09-23T23:49:06.599314" elapsed="0.000028"/>
</kw>
<status status="NOT RUN" start="2025-09-23T23:49:06.599196" elapsed="0.000202"/>
</branch>
<branch type="ELSE IF" condition="$situacao == 'malformado'">
<kw name="Teste tempo CEP malformado" owner="keywords">
<arg>${cep}</arg>
<status status="NOT RUN" start="2025-09-23T23:49:06.599526" elapsed="0.000023"/>
</kw>
<status status="NOT RUN" start="2025-09-23T23:49:06.599446" elapsed="0.000151"/>
</branch>
<status status="PASS" start="2025-09-23T23:49:06.195409" elapsed="0.404230"/>
</if>
<arg>01001000</arg>
<arg>valido</arg>
<status status="PASS" start="2025-09-23T23:49:06.195144" elapsed="0.404526"/>
</kw>
<kw name="Testar CEP" owner="keywords">
<if>
<branch type="IF" condition="$situacao == 'valido'">
<kw name="Teste tempo CEP válido" owner="keywords">
<kw name="Get CEP" owner="request">
<kw name="Replace String" owner="String">
<msg time="2025-09-23T23:49:06.601118" level="INFO">${endpoint} = ws/30140071/json</msg>
<var>${endpoint}</var>
<arg>${ENDPOINT_CONSULTA_CEP}</arg>
<arg>:cep:</arg>
<arg>${cep}</arg>
<doc>Replaces ``search_for`` in the given ``string`` with ``replace_with``.</doc>
<status status="PASS" start="2025-09-23T23:49:06.600958" elapsed="0.000186"/>
</kw>
<kw name="GET" owner="RequestsLibrary">
<msg time="2025-09-23T23:49:06.864411" level="INFO">GET Request : url=http://viacep.com.br/ws/30140071/json 
 path_url=/ws/30140071/json 
 headers={'User-Agent': 'python-requests/2.32.5', 'Accept-Encoding': 'gzip, deflate', 'Accept': '*/*', 'Connection': 'keep-alive'} 
 body=None 
 </msg>
<msg time="2025-09-23T23:49:06.864506" level="INFO">GET Response : url=http://viacep.com.br/ws/30140071/json 
 status=200, reason=OK 
 headers={'Server': 'nginx/1.22.0', 'Date': 'Wed, 24 Sep 2025 02:49:06 GMT', 'Content-Type': 'application/json; charset=utf-8', 'Transfer-Encoding': 'chunked', 'Connection': 'keep-alive', 'Expires': 'Wed, 24 Sep 2025 03:49:06 GMT', 'Cache-Control': 'max-age=3600, public', 'Pragma': 'public', 'Access-Control-Allow-Origin': '*', 'Access-Control-Allow-Methods': 'GET', 'Access-Control-Allow-Headers': 'Content-Type, X-Request-With, X-Requested-By', 'Access-Control-Allow-Credentials': 'true', 'Access-Control-Max-Age': '86400'} 
 body={
  "cep": "30140-071",
  "logradouro": "Rua dos Aimorés",
  "complemento": "de 971/972 a 1399/1400",
  "unidade": "",
  "bairro": "Boa Viagem",
  "localidade": "Belo Horizonte",
  "uf": "MG",
  "estado": "Minas Gerais",
  "regiao": "Sudeste",
  "ibge": "3106200",
  "gia": "",
  "ddd": "31",
  "siafi": "4123"
} 
 </msg>
<msg time="2025-09-23T23:49:06.864607" level="INFO">${response} = &lt;Response [200]&gt;</msg>
<var>${response}</var>
<arg>url=${BASE_URL}/${endpoint}</arg>
<arg>expected_status=any</arg>
<doc>Sends a GET request.</doc>
<status status="PASS" start="2025-09-23T23:49:06.602073" elapsed="0.262552"/>
</kw>
<kw name="Set Variable" owner="BuiltIn">
<msg time="2025-09-23T23:49:06.865760" level="INFO">${status} = 200</msg>
<var>${status}</var>
<arg>${response.status_code}</arg>
<doc>Returns the given values which can then be assigned to a variables.</doc>
<status status="PASS" start="2025-09-23T23:49:06.865399" elapsed="0.000384"/>
</kw>
<kw name="Set Variable" owner="BuiltIn">
<msg time="2025-09-23T23:49:06.866647" level="INFO">${url_utilizada} = http://viacep.com.br/ws/30140071/json</msg>
<var>${url_utilizada}</var>
<arg>${response.url}</arg>
<doc>Returns the given values which can then be assigned to a variables.</doc>
<status status="PASS" start="2025-09-23T23:49:06.866336" elapsed="0.000330"/>
</kw>
<kw name="Set Variable" owner="BuiltIn">
<msg time="2025-09-23T23:49:06.867401" level="INFO">${metodo} = GET</msg>
<var>${metodo}</var>
<arg>${response.request.method}</arg>
<doc>Returns the given values which can then be assigned to a variables.</doc>
<status status="PASS" start="2025-09-23T23:49:06.867137" elapsed="0.000282"/>
</kw>
<kw name="Set Variable" owner="BuiltIn">
<msg time="2025-09-23T23:49:06.868191" level="INFO">${headers} = {'User-Agent': 'python-requests/2.32.5', 'Accept-Encoding': 'gzip, deflate', 'Accept': '*/*', 'Connection': 'keep-alive'}</msg>
<var>${headers}</var>
<arg>${response.request.headers}</arg>
<doc>Returns the given values which can then be assigned to a variables.</doc>
<status status="PASS" start="2025-09-23T23:49:06.867908" elapsed="0.000303"/>
</kw>
<return>
<value>${response}</value>
<value>${status}</value>
<value>${url_utilizada}</value>
<value>${metodo}</value>
<value>${headers}</value>
<status status="PASS" start="2025-09-23T23:49:06.868644" elapsed="0.000054"/>
</return>
<msg time="2025-09-23T23:49:06.868886" level="INFO">${response} = &lt;Response [200]&gt;</msg>
<msg time="2025-09-23T23:49:06.868908" level="INFO">${status} = 200</msg>
<msg time="2025-09-23T23:49:06.868926" level="INFO">${url} = http://viacep.com.br/ws/30140071/json</msg>
<msg time="2025-09-23T23:49:06.868941" level="INFO">${metodo} = GET</msg>
<msg time="2025-09-23T23:49:06.868963" level="INFO">${headers} = {'User-Agent': 'python-requests/2.32.5', 'Accept-Encoding': 'gzip, deflate', 'Accept': '*/*', 'Connection': 'keep-alive'}</msg>
<var>${response}</var>
<var>${status}</var>
<var>${url}</var>
<var>${metodo}</var>
<var>${headers}</var>
<arg>${cep}</arg>
<status status="PASS" start="2025-09-23T23:49:06.600743" elapsed="0.268230"/>
</kw>
<kw name="Evaluate" owner="BuiltIn">
<msg time="2025-09-23T23:49:06.869613" level="INFO">${secs} = 0.261654</msg>
<var>${secs}</var>
<arg>$response.elapsed.total_seconds()</arg>
<doc>Evaluates the given expression in Python and returns the result.</doc>
<status status="PASS" start="2025-09-23T23:49:06.869396" elapsed="0.000244"/>
</kw>
<kw name="Evaluate" owner="BuiltIn">
<msg time="2025-09-23T23:49:06.870282" level="INFO">${tempo_ms} = 262</msg>
<var>${tempo_ms}</var>
<arg>int(round($secs * 1000))</arg>
<doc>Evaluates the given expression in Python and returns the result.</doc>
<status status="PASS" start="2025-09-23T23:49:06.870104" elapsed="0.000197"/>
</kw>
<kw name="Should Be True" owner="BuiltIn">
<arg>$secs &lt; 2</arg>
<arg>msg=Tempo de resposta ${secs}s &gt;= 2s</arg>
<doc>Fails if the given condition is not true.</doc>
<status status="PASS" start="2025-09-23T23:49:06.870877" elapsed="0.000253"/>
</kw>
<kw name="Gerar PDF deste teste" owner="gerar_pdf">
<kw name="Create Directory" owner="OperatingSystem">
<msg time="2025-09-23T23:49:06.871927" level="INFO" html="true">Directory '&lt;a href="file://C:\workspace\Projeto_via_cep\output\pdf"&gt;C:\workspace\Projeto_via_cep\output\pdf&lt;/a&gt;' already exists.</msg>
<arg>output/pdf</arg>
<doc>Creates the specified directory.</doc>
<status status="PASS" start="2025-09-23T23:49:06.871793" elapsed="0.000176"/>
</kw>
<kw name="Replace String" owner="String">
<msg time="2025-09-23T23:49:06.872779" level="INFO">${safe_nome} = Tempo-CEP-válido</msg>
<var>${safe_nome}</var>
<arg>${nome}</arg>
<arg>${SPACE}</arg>
<arg>-</arg>
<doc>Replaces ``search_for`` in the given ``string`` with ``replace_with``.</doc>
<status status="PASS" start="2025-09-23T23:49:06.872626" elapsed="0.000173"/>
</kw>
<kw name="Set Variable" owner="BuiltIn">
<msg time="2025-09-23T23:49:06.873471" level="INFO">${pdf_nome} = Tempo_CEP_Tempo-CEP-válido_30140071.pdf</msg>
<var>${pdf_nome}</var>
<arg>Tempo_CEP_${safe_nome}_${cep}.pdf</arg>
<doc>Returns the given values which can then be assigned to a variables.</doc>
<status status="PASS" start="2025-09-23T23:49:06.873305" elapsed="0.000186"/>
</kw>
<kw name="Set Variable" owner="BuiltIn">
<msg time="2025-09-23T23:49:06.874130" level="INFO">${pdf_path} = output/pdf/Tempo_CEP_Tempo-CEP-válido_30140071.pdf</msg>
<var>${pdf_path}</var>
<arg>output/pdf/${pdf_nome}</arg>
<doc>Returns the given values which can then be assigned to a variables.</doc>
<status status="PASS" start="2025-09-23T23:49:06.873986" elapsed="0.000166"/>
</kw>
<kw name="Gerar PDF com log" owner="gerar_pdf">
<if>
<branch type="IF" condition="$out is None">
<kw name="Get Current Date" owner="DateTime">
<var>${ts}</var>
<arg>result_format=%Y%m%d-%H%M%S</arg>
<doc>Returns current local or UTC time with an optional increment.</doc>
<status status="NOT RUN" start="2025-09-23T23:49:06.875526" elapsed="0.000027"/>
</kw>
<kw name="Replace String" owner="String">
<var>${safe}</var>
<arg>${nome_consulta}</arg>
<arg>${SPACE}</arg>
<arg>-</arg>
<doc>Replaces ``search_for`` in the given ``string`` with ``replace_with``.</doc>
<status status="NOT RUN" start="2025-09-23T23:49:06.875667" elapsed="0.000026"/>
</kw>
<kw name="Set Variable" owner="BuiltIn">
<var>${out}</var>
<arg>output/pdf/${ts}_${safe}.pdf</arg>
<doc>Returns the given values which can then be assigned to a variables.</doc>
<status status="NOT RUN" start="2025-09-23T23:49:06.875812" elapsed="0.000030"/>
</kw>
<status status="NOT RUN" start="2025-09-23T23:49:06.875358" elapsed="0.000558"/>
</branch>
<status status="PASS" start="2025-09-23T23:49:06.875340" elapsed="0.000639"/>
</if>
<kw name="Create List" owner="BuiltIn">
<msg time="2025-09-23T23:49:06.876130" level="INFO">@{parts} = [ ]</msg>
<var>@{parts}</var>
<doc>Returns a list containing given items.</doc>
<status status="PASS" start="2025-09-23T23:49:06.876033" elapsed="0.000113"/>
</kw>
<kw name="Append To List" owner="Collections">
<arg>${parts}</arg>
<arg>&lt;div style="max-width:820px;margin:0 auto;font-family:Arial,Helvetica,sans-serif;"&gt;</arg>
<doc>Adds ``values`` to the end of ``list``.</doc>
<status status="PASS" start="2025-09-23T23:49:06.876645" elapsed="0.000152"/>
</kw>
<kw name="Append To List" owner="Collections">
<arg>${parts}</arg>
<arg>&lt;h2 style="text-align:center;color:#a00"&gt;==== Consulta: ${nome_consulta} ====&lt;/h2&gt;</arg>
<doc>Adds ``values`` to the end of ``list``.</doc>
<status status="PASS" start="2025-09-23T23:49:06.876907" elapsed="0.000102"/>
</kw>
<kw name="Run Keyword If" owner="BuiltIn">
<kw name="Append To List" owner="Collections">
<arg>${parts}</arg>
<arg>&lt;p style="text-align:center"&gt;&lt;b&gt;Status:&lt;/b&gt; ${status}&lt;/p&gt;</arg>
<doc>Adds ``values`` to the end of ``list``.</doc>
<status status="PASS" start="2025-09-23T23:49:06.877270" elapsed="0.000091"/>
</kw>
<arg>$status is not None</arg>
<arg>Append To List</arg>
<arg>${parts}</arg>
<arg>&lt;p style="text-align:center"&gt;&lt;b&gt;Status:&lt;/b&gt; ${status}&lt;/p&gt;</arg>
<doc>Runs the given keyword with the given arguments, if ``condition`` is true.</doc>
<status status="PASS" start="2025-09-23T23:49:06.877122" elapsed="0.000302"/>
</kw>
<kw name="Run Keyword If" owner="BuiltIn">
<kw name="Append To List" owner="Collections">
<arg>${parts}</arg>
<arg>&lt;p style="text-align:center"&gt;&lt;b&gt;URL:&lt;/b&gt; ${url_utilizada}&lt;/p&gt;</arg>
<doc>Adds ``values`` to the end of ``list``.</doc>
<status status="PASS" start="2025-09-23T23:49:06.877622" elapsed="0.000084"/>
</kw>
<arg>$url_utilizada is not None</arg>
<arg>Append To List</arg>
<arg>${parts}</arg>
<arg>&lt;p style="text-align:center"&gt;&lt;b&gt;URL:&lt;/b&gt; ${url_utilizada}&lt;/p&gt;</arg>
<doc>Runs the given keyword with the given arguments, if ``condition`` is true.</doc>
<status status="PASS" start="2025-09-23T23:49:06.877512" elapsed="0.000251"/>
</kw>
<kw name="Run Keyword If" owner="BuiltIn">
<kw name="Append To List" owner="Collections">
<arg>${parts}</arg>
<arg>&lt;p style="text-align:center"&gt;&lt;b&gt;Método:&lt;/b&gt; ${metodo}&lt;/p&gt;</arg>
<doc>Adds ``values`` to the end of ``list``.</doc>
<status status="PASS" start="2025-09-23T23:49:06.877944" elapsed="0.000081"/>
</kw>
<arg>$metodo is not None</arg>
<arg>Append To List</arg>
<arg>${parts}</arg>
<arg>&lt;p style="text-align:center"&gt;&lt;b&gt;Método:&lt;/b&gt; ${metodo}&lt;/p&gt;</arg>
<doc>Runs the given keyword with the given arguments, if ``condition`` is true.</doc>
<status status="PASS" start="2025-09-23T23:49:06.877844" elapsed="0.000241"/>
</kw>
<kw name="Run Keyword If" owner="BuiltIn">
<kw name="Append To List" owner="Collections">
<arg>${parts}</arg>
<arg>&lt;p style="text-align:center"&gt;&lt;b&gt;Tempo de resposta:&lt;/b&gt; ${tempo_ms} ms&lt;/p&gt;</arg>
<doc>Adds ``values`` to the end of ``list``.</doc>
<status status="PASS" start="2025-09-23T23:49:06.878330" elapsed="0.000096"/>
</kw>
<arg>$tempo_ms is not None</arg>
<arg>Append To List</arg>
<arg>${parts}</arg>
<arg>&lt;p style="text-align:center"&gt;&lt;b&gt;Tempo de resposta:&lt;/b&gt; ${tempo_ms} ms&lt;/p&gt;</arg>
<doc>Runs the given keyword with the given arguments, if ``condition`` is true.</doc>
<status status="PASS" start="2025-09-23T23:49:06.878191" elapsed="0.000301"/>
</kw>
<if>
<branch type="IF" condition="$headers is not None">
<kw name="Evaluate" owner="BuiltIn">
<msg time="2025-09-23T23:49:06.878865" level="INFO">${is_response} = False</msg>
<var>${is_response}</var>
<arg>hasattr($headers, "status_code") and hasattr($headers, "request")</arg>
<doc>Evaluates the given expression in Python and returns the result.</doc>
<status status="PASS" start="2025-09-23T23:49:06.878724" elapsed="0.000158"/>
</kw>
<if>
<branch type="IF" condition="${is_response}">
<kw name="Set Variable" owner="BuiltIn">
<var>${hdrs}</var>
<arg>${headers.request.headers}</arg>
<doc>Returns the given values which can then be assigned to a variables.</doc>
<status status="NOT RUN" start="2025-09-23T23:49:06.879619" elapsed="0.000046"/>
</kw>
<status status="NOT RUN" start="2025-09-23T23:49:06.879480" elapsed="0.000276"/>
</branch>
<branch type="ELSE">
<kw name="Set Variable" owner="BuiltIn">
<msg time="2025-09-23T23:49:06.880026" level="INFO">${hdrs} = {'User-Agent': 'python-requests/2.32.5', 'Accept-Encoding': 'gzip, deflate', 'Accept': '*/*', 'Connection': 'keep-alive'}</msg>
<var>${hdrs}</var>
<arg>${headers}</arg>
<doc>Returns the given values which can then be assigned to a variables.</doc>
<status status="PASS" start="2025-09-23T23:49:06.879901" elapsed="0.000145"/>
</kw>
<status status="PASS" start="2025-09-23T23:49:06.879824" elapsed="0.000632"/>
</branch>
<status status="PASS" start="2025-09-23T23:49:06.879459" elapsed="0.001074"/>
</if>
<kw name="Run Keyword And Ignore Error" owner="BuiltIn">
<kw name="Evaluate" owner="BuiltIn">
<arg>__import__("json").dumps(dict($hdrs), ensure_ascii=False, indent=2)</arg>
<doc>Evaluates the given expression in Python and returns the result.</doc>
<status status="PASS" start="2025-09-23T23:49:06.880739" elapsed="0.000218"/>
</kw>
<msg time="2025-09-23T23:49:06.881072" level="INFO">${ok} = PASS</msg>
<msg time="2025-09-23T23:49:06.881096" level="INFO">${pretty} = {
  "User-Agent": "python-requests/2.32.5",
  "Accept-Encoding": "gzip, deflate",
  "Accept": "*/*",
  "Connection": "keep-alive"
}</msg>
<var>${ok}</var>
<var>${pretty}</var>
<arg>Evaluate</arg>
<arg>__import__("json").dumps(dict($hdrs), ensure_ascii=False, indent=2)</arg>
<doc>Runs the given keyword with the given arguments and ignores possible error.</doc>
<status status="PASS" start="2025-09-23T23:49:06.880621" elapsed="0.000487"/>
</kw>
<kw name="Run Keyword If" owner="BuiltIn">
<kw name="Append To List" owner="Collections">
<arg>${parts}</arg>
<arg>&lt;h3&gt;Headers&lt;/h3&gt;&lt;pre style="background:#f5f5f5;padding:8px;border-radius:6px;white-space:pre-wrap;text-align:left"&gt;${pretty}&lt;/pre&gt;</arg>
<doc>Adds ``values`` to the end of ``list``.</doc>
<status status="PASS" start="2025-09-23T23:49:06.881928" elapsed="0.000135"/>
</kw>
<arg>'${ok}'=='PASS'</arg>
<arg>Append To List</arg>
<arg>${parts}</arg>
<arg>&lt;h3&gt;Headers&lt;/h3&gt;&lt;pre style="background:#f5f5f5;padding:8px;border-radius:6px;white-space:pre-wrap;text-align:left"&gt;${pretty}&lt;/pre&gt;</arg>
<doc>Runs the given keyword with the given arguments, if ``condition`` is true.</doc>
<status status="PASS" start="2025-09-23T23:49:06.881697" elapsed="0.000447"/>
</kw>
<kw name="Run Keyword If" owner="BuiltIn">
<arg>'${ok}'!='PASS'</arg>
<arg>Append To List</arg>
<arg>${parts}</arg>
<arg>&lt;h3&gt;Headers&lt;/h3&gt;&lt;pre style="background:#f5f5f5;padding:8px;border-radius:6px;white-space:pre-wrap;text-align:left"&gt;${hdrs}&lt;/pre&gt;</arg>
<doc>Runs the given keyword with the given arguments, if ``condition`` is true.</doc>
<status status="PASS" start="2025-09-23T23:49:06.882248" elapsed="0.000087"/>
</kw>
<status status="PASS" start="2025-09-23T23:49:06.878577" elapsed="0.003824"/>
</branch>
<status status="PASS" start="2025-09-23T23:49:06.878561" elapsed="0.003899"/>
</if>
<if>
<branch type="IF" condition="$response is not None">
<kw name="Evaluate" owner="BuiltIn">
<msg time="2025-09-23T23:49:06.882795" level="INFO">${has_text} = True</msg>
<var>${has_text}</var>
<arg>hasattr($response, "text")</arg>
<doc>Evaluates the given expression in Python and returns the result.</doc>
<status status="PASS" start="2025-09-23T23:49:06.882641" elapsed="0.000174"/>
</kw>
<kw name="Run Keyword If" owner="BuiltIn">
<kw name="Set Variable" owner="BuiltIn">
<arg>${response.text}</arg>
<doc>Returns the given values which can then be assigned to a variables.</doc>
<status status="PASS" start="2025-09-23T23:49:06.883833" elapsed="0.000350"/>
</kw>
<msg time="2025-09-23T23:49:06.884291" level="INFO">${text} = {
  "cep": "30140-071",
  "logradouro": "Rua dos Aimorés",
  "complemento": "de 971/972 a 1399/1400",
  "unidade": "",
  "bairro": "Boa Viagem",
  "localidade": "Belo Horizonte",
  "uf": "MG",
  "esta...</msg>
<var>${text}</var>
<arg>${has_text}</arg>
<arg>Set Variable</arg>
<arg>${response.text}</arg>
<arg>ELSE</arg>
<arg>Set Variable</arg>
<arg>${response}</arg>
<doc>Runs the given keyword with the given arguments, if ``condition`` is true.</doc>
<status status="PASS" start="2025-09-23T23:49:06.883630" elapsed="0.000717"/>
</kw>
<kw name="Run Keyword And Ignore Error" owner="BuiltIn">
<kw name="Evaluate" owner="BuiltIn">
<arg>__import__("json").loads($text)</arg>
<doc>Evaluates the given expression in Python and returns the result.</doc>
<status status="PASS" start="2025-09-23T23:49:06.885394" elapsed="0.000390"/>
</kw>
<msg time="2025-09-23T23:49:06.885915" level="INFO">${ok} = PASS</msg>
<msg time="2025-09-23T23:49:06.885947" level="INFO">${maybe_json} = {'cep': '30140-071', 'logradouro': 'Rua dos Aimorés', 'complemento': 'de 971/972 a 1399/1400', 'unidade': '', 'bairro': 'Boa Viagem', 'localidade': 'Belo Horizonte', 'uf': 'MG', 'estado': 'Minas Gerai...</msg>
<var>${ok}</var>
<var>${maybe_json}</var>
<arg>Evaluate</arg>
<arg>__import__("json").loads($text)</arg>
<doc>Runs the given keyword with the given arguments and ignores possible error.</doc>
<status status="PASS" start="2025-09-23T23:49:06.885177" elapsed="0.000785"/>
</kw>
<kw name="Run Keyword If" owner="BuiltIn">
<kw name="Evaluate" owner="BuiltIn">
<arg>__import__("json").dumps($maybe_json, ensure_ascii=False, indent=2)</arg>
<doc>Evaluates the given expression in Python and returns the result.</doc>
<status status="PASS" start="2025-09-23T23:49:06.886667" elapsed="0.000181"/>
</kw>
<msg time="2025-09-23T23:49:06.886941" level="INFO">${resp_txt} = {
  "cep": "30140-071",
  "logradouro": "Rua dos Aimorés",
  "complemento": "de 971/972 a 1399/1400",
  "unidade": "",
  "bairro": "Boa Viagem",
  "localidade": "Belo Horizonte",
  "uf": "MG",
  "esta...</msg>
<var>${resp_txt}</var>
<arg>'${ok}'=='PASS'</arg>
<arg>Evaluate</arg>
<arg>__import__("json").dumps($maybe_json, ensure_ascii=False, indent=2)</arg>
<arg>ELSE</arg>
<arg>Set Variable</arg>
<arg>${text}</arg>
<doc>Runs the given keyword with the given arguments, if ``condition`` is true.</doc>
<status status="PASS" start="2025-09-23T23:49:06.886503" elapsed="0.000455"/>
</kw>
<kw name="Append To List" owner="Collections">
<arg>${parts}</arg>
<arg>&lt;h3&gt;Response&lt;/h3&gt;&lt;pre style="background:#f5f5f5;padding:8px;border-radius:6px;white-space:pre-wrap;text-align:left"&gt;${resp_txt}&lt;/pre&gt;</arg>
<doc>Adds ``values`` to the end of ``list``.</doc>
<status status="PASS" start="2025-09-23T23:49:06.887363" elapsed="0.000140"/>
</kw>
<status status="PASS" start="2025-09-23T23:49:06.882507" elapsed="0.005061"/>
</branch>
<status status="PASS" start="2025-09-23T23:49:06.882494" elapsed="0.005134"/>
</if>
<kw name="Append To List" owner="Collections">
<arg>${parts}</arg>
<arg>&lt;p style="text-align:center"&gt;Fim do log&lt;/p&gt;</arg>
<doc>Adds ``values`` to the end of ``list``.</doc>
<status status="PASS" start="2025-09-23T23:49:06.887682" elapsed="0.000073"/>
</kw>
<kw name="Append To List" owner="Collections">
<arg>${parts}</arg>
<arg>&lt;/div&gt;</arg>
<doc>Adds ``values`` to the end of ``list``.</doc>
<status status="PASS" start="2025-09-23T23:49:06.887839" elapsed="0.000060"/>
</kw>
<kw name="Catenate" owner="BuiltIn">
<msg time="2025-09-23T23:49:06.888071" level="INFO">${html} = &lt;div style="max-width:820px;margin:0 auto;font-family:Arial,Helvetica,sans-serif;"&gt;
&lt;h2 style="text-align:center;color:#a00"&gt;==== Consulta: Tempo CEP válido ====&lt;/h2&gt;
&lt;p style="text-align:center"&gt;&lt;b&gt;S...</msg>
<var>${html}</var>
<arg>SEPARATOR=\n</arg>
<arg>@{parts}</arg>
<doc>Catenates the given items together and returns the resulted string.</doc>
<status status="PASS" start="2025-09-23T23:49:06.887983" elapsed="0.000105"/>
</kw>
<kw name="Html To Pdf" owner="RPA.PDF">
<msg time="2025-09-23T23:49:06.888934" level="INFO">Writing output to file C:\workspace\Projeto_via_cep\output\pdf\Tempo_CEP_Tempo-CEP-válido_30140071.pdf</msg>
<msg time="2025-09-23T23:49:06.922169" level="INFO">maxp pruned</msg>
<msg time="2025-09-23T23:49:06.922279" level="INFO">cmap pruned</msg>
<msg time="2025-09-23T23:49:06.922338" level="INFO">post pruned</msg>
<msg time="2025-09-23T23:49:06.922392" level="INFO">GDEF dropped</msg>
<msg time="2025-09-23T23:49:06.922420" level="INFO">GPOS dropped</msg>
<msg time="2025-09-23T23:49:06.922445" level="INFO">GSUB dropped</msg>
<msg time="2025-09-23T23:49:06.923355" level="INFO">glyf pruned</msg>
<msg time="2025-09-23T23:49:06.923641" level="INFO">Added gid0 to subset</msg>
<msg time="2025-09-23T23:49:06.923669" level="INFO">Added first four glyphs to subset</msg>
<msg time="2025-09-23T23:49:06.923706" level="INFO">Closing glyph list over 'glyf': 50 glyphs before</msg>
<msg time="2025-09-23T23:49:06.923739" level="INFO">Glyph names: ['.notdef', '.null', 'uni0020', 'uni002E', 'uni002F', 'uni0030', 'uni0031', 'uni0032', 'uni0033', 'uni0034', 'uni0035', 'uni0036', 'uni0037', 'uni0038', 'uni0039', 'uni003A', 'uni003D', 'uni0041', 'uni0043', 'uni0045', 'uni0046', 'uni0047', 'uni0048', 'uni0050', 'uni0052', 'uni0054', 'uni0061', 'uni0062', 'uni0063', 'uni0064', 'uni0065', 'uni0067', 'uni0068', 'uni0069', 'uni006A', 'uni006C', 'uni006D', 'uni006E', 'uni006F', 'uni0070', 'uni0072', 'uni0073', 'uni0074', 'uni0075', 'uni0076', 'uni0077', 'uni007B', 'uni007D', 'uni00C4', 'uni00E1']</msg>
<msg time="2025-09-23T23:49:06.923820" level="INFO">Glyph IDs:   [0, 1, 2, 3, 73, 95, 137, 141, 161, 374, 382, 409, 504, 505, 575, 582, 594, 612, 650, 660, 679, 707, 723, 752, 759, 775, 827, 837, 867, 884, 899, 932, 936, 1294, 1295, 1296, 1298, 1299, 1300, 1302, 1303, 1304, 1305, 1345, 1346, 1357, 1404, 1407, 1426, 1681]</msg>
<msg time="2025-09-23T23:49:06.923869" level="INFO">Closed glyph list over 'glyf': 51 glyphs after</msg>
<msg time="2025-09-23T23:49:06.923896" level="INFO">Glyph names: ['.notdef', '.null', 'uni0020', 'uni002E', 'uni002F', 'uni0030', 'uni0031', 'uni0032', 'uni0033', 'uni0034', 'uni0035', 'uni0036', 'uni0037', 'uni0038', 'uni0039', 'uni003A', 'uni003D', 'uni0041', 'uni0043', 'uni0045', 'uni0046', 'uni0047', 'uni0048', 'uni0050', 'uni0052', 'uni0054', 'uni0061', 'uni0062', 'uni0063', 'uni0064', 'uni0065', 'uni0067', 'uni0068', 'uni0069', 'uni006A', 'uni006C', 'uni006D', 'uni006E', 'uni006F', 'uni0070', 'uni0072', 'uni0073', 'uni0074', 'uni0075', 'uni0076', 'uni0077', 'uni007B', 'uni007D', 'uni00B4', 'uni00C4', 'uni00E1']</msg>
<msg time="2025-09-23T23:49:06.923967" level="INFO">Glyph IDs:   [0, 1, 2, 3, 73, 95, 137, 141, 161, 374, 382, 409, 504, 505, 575, 582, 594, 612, 650, 660, 679, 707, 723, 752, 759, 775, 827, 837, 867, 884, 899, 932, 936, 1294, 1295, 1296, 1298, 1299, 1300, 1302, 1303, 1304, 1305, 1345, 1346, 1357, 1404, 1407, 1426, 1636, 1681]</msg>
<msg time="2025-09-23T23:49:06.924063" level="INFO">Retaining 51 glyphs</msg>
<msg time="2025-09-23T23:49:06.924167" level="INFO">head subsetting not needed</msg>
<msg time="2025-09-23T23:49:06.924203" level="INFO">hhea subsetting not needed</msg>
<msg time="2025-09-23T23:49:06.924233" level="INFO">maxp subsetting not needed</msg>
<msg time="2025-09-23T23:49:06.924280" level="INFO">OS/2 subsetting not needed</msg>
<msg time="2025-09-23T23:49:06.924389" level="INFO">hmtx subsetted</msg>
<msg time="2025-09-23T23:49:06.924849" level="INFO">cmap subsetted</msg>
<msg time="2025-09-23T23:49:06.924880" level="INFO">prep subsetting not needed</msg>
<msg time="2025-09-23T23:49:06.924908" level="INFO">loca subsetting not needed</msg>
<msg time="2025-09-23T23:49:06.925062" level="INFO">post subsetted</msg>
<msg time="2025-09-23T23:49:06.925123" level="INFO">gasp subsetting not needed</msg>
<msg time="2025-09-23T23:49:06.925180" level="INFO">STAT subsetting not needed</msg>
<msg time="2025-09-23T23:49:06.925238" level="INFO">name subsetting not needed</msg>
<msg time="2025-09-23T23:49:06.925745" level="INFO">glyf subsetted</msg>
<msg time="2025-09-23T23:49:06.925934" level="INFO">head pruned</msg>
<msg time="2025-09-23T23:49:06.926079" level="INFO">OS/2 Unicode ranges pruned: [0, 1]</msg>
<msg time="2025-09-23T23:49:06.926304" level="INFO">OS/2 CodePage ranges pruned: [0]</msg>
<msg time="2025-09-23T23:49:06.926607" level="INFO">glyf pruned</msg>
<msg time="2025-09-23T23:49:06.927013" level="INFO">name pruned</msg>
<msg time="2025-09-23T23:49:06.932842" level="INFO">maxp pruned</msg>
<msg time="2025-09-23T23:49:06.932944" level="INFO">cmap pruned</msg>
<msg time="2025-09-23T23:49:06.933003" level="INFO">post pruned</msg>
<msg time="2025-09-23T23:49:06.933047" level="INFO">GDEF dropped</msg>
<msg time="2025-09-23T23:49:06.933073" level="INFO">GPOS dropped</msg>
<msg time="2025-09-23T23:49:06.933097" level="INFO">GSUB dropped</msg>
<msg time="2025-09-23T23:49:06.933971" level="INFO">glyf pruned</msg>
<msg time="2025-09-23T23:49:06.934226" level="INFO">Added gid0 to subset</msg>
<msg time="2025-09-23T23:49:06.934254" level="INFO">Added first four glyphs to subset</msg>
<msg time="2025-09-23T23:49:06.934288" level="INFO">Closing glyph list over 'glyf': 37 glyphs before</msg>
<msg time="2025-09-23T23:49:06.934316" level="INFO">Glyph names: ['.notdef', '.null', 'uni0020', 'uni0030', 'uni0031', 'uni0032', 'uni0033', 'uni0034', 'uni0035', 'uni0036', 'uni0037', 'uni0038', 'uni0039', 'uni003A', 'uni0041', 'uni004C', 'uni004D', 'uni0052', 'uni0053', 'uni0054', 'uni0055', 'uni0061', 'uni0062', 'uni0064', 'uni0065', 'uni006D', 'uni006E', 'uni006F', 'uni0070', 'uni0072', 'uni0073', 'uni0074', 'uni0075', 'uni007B', 'uni007D', 'uni00C4', 'uni00E9']</msg>
<msg time="2025-09-23T23:49:06.934392" level="INFO">Glyph IDs:   [0, 1, 2, 3, 280, 291, 382, 395, 409, 421, 504, 575, 594, 612, 616, 752, 759, 775, 827, 837, 867, 884, 899, 1294, 1295, 1296, 1298, 1299, 1300, 1302, 1303, 1304, 1305, 1345, 1346, 1407, 1681]</msg>
<msg time="2025-09-23T23:49:06.934437" level="INFO">Closed glyph list over 'glyf': 38 glyphs after</msg>
<msg time="2025-09-23T23:49:06.934462" level="INFO">Glyph names: ['.notdef', '.null', 'uni0020', 'uni0030', 'uni0031', 'uni0032', 'uni0033', 'uni0034', 'uni0035', 'uni0036', 'uni0037', 'uni0038', 'uni0039', 'uni003A', 'uni0041', 'uni004C', 'uni004D', 'uni0052', 'uni0053', 'uni0054', 'uni0055', 'uni0061', 'uni0062', 'uni0064', 'uni0065', 'uni006D', 'uni006E', 'uni006F', 'uni0070', 'uni0072', 'uni0073', 'uni0074', 'uni0075', 'uni007B', 'uni007D', 'uni00B4', 'uni00C4', 'uni00E9']</msg>
<msg time="2025-09-23T23:49:06.934529" level="INFO">Glyph IDs:   [0, 1, 2, 3, 280, 291, 382, 395, 409, 421, 504, 575, 594, 612, 616, 752, 759, 775, 827, 837, 867, 884, 899, 1294, 1295, 1296, 1298, 1299, 1300, 1302, 1303, 1304, 1305, 1345, 1346, 1407, 1636, 1681]</msg>
<msg time="2025-09-23T23:49:06.934618" level="INFO">Retaining 38 glyphs</msg>
<msg time="2025-09-23T23:49:06.934715" level="INFO">head subsetting not needed</msg>
<msg time="2025-09-23T23:49:06.934747" level="INFO">hhea subsetting not needed</msg>
<msg time="2025-09-23T23:49:06.934774" level="INFO">maxp subsetting not needed</msg>
<msg time="2025-09-23T23:49:06.934804" level="INFO">OS/2 subsetting not needed</msg>
<msg time="2025-09-23T23:49:06.934892" level="INFO">hmtx subsetted</msg>
<msg time="2025-09-23T23:49:06.935346" level="INFO">cmap subsetted</msg>
<msg time="2025-09-23T23:49:06.935379" level="INFO">prep subsetting not needed</msg>
<msg time="2025-09-23T23:49:06.935406" level="INFO">loca subsetting not needed</msg>
<msg time="2025-09-23T23:49:06.935440" level="INFO">post subsetted</msg>
<msg time="2025-09-23T23:49:06.935465" level="INFO">gasp subsetting not needed</msg>
<msg time="2025-09-23T23:49:06.935493" level="INFO">STAT subsetting not needed</msg>
<msg time="2025-09-23T23:49:06.935518" level="INFO">name subsetting not needed</msg>
<msg time="2025-09-23T23:49:06.935775" level="INFO">glyf subsetted</msg>
<msg time="2025-09-23T23:49:06.935863" level="INFO">head pruned</msg>
<msg time="2025-09-23T23:49:06.935943" level="INFO">OS/2 Unicode ranges pruned: [0, 1]</msg>
<msg time="2025-09-23T23:49:06.935996" level="INFO">OS/2 CodePage ranges pruned: [0]</msg>
<msg time="2025-09-23T23:49:06.936208" level="INFO">glyf pruned</msg>
<msg time="2025-09-23T23:49:06.936570" level="INFO">name pruned</msg>
<msg time="2025-09-23T23:49:06.941101" level="INFO">maxp pruned</msg>
<msg time="2025-09-23T23:49:06.941211" level="INFO">cmap pruned</msg>
<msg time="2025-09-23T23:49:06.941290" level="INFO">post pruned</msg>
<msg time="2025-09-23T23:49:06.941334" level="INFO">GDEF dropped</msg>
<msg time="2025-09-23T23:49:06.941363" level="INFO">GPOS dropped</msg>
<msg time="2025-09-23T23:49:06.941388" level="INFO">GSUB dropped</msg>
<msg time="2025-09-23T23:49:06.942259" level="INFO">glyf pruned</msg>
<msg time="2025-09-23T23:49:06.943479" level="INFO">Added gid0 to subset</msg>
<msg time="2025-09-23T23:49:06.943517" level="INFO">Added first four glyphs to subset</msg>
<msg time="2025-09-23T23:49:06.943554" level="INFO">Closing glyph list over 'glyf': 18 glyphs before</msg>
<msg time="2025-09-23T23:49:06.943582" level="INFO">Glyph names: ['.notdef', '.null', 'uni0020', 'uni0030', 'uni0031', 'uni0032', 'uni0033', 'uni0034', 'uni0035', 'uni0036', 'uni0037', 'uni0038', 'uni0039', 'uni0062', 'uni006E', 'uni007B', 'uni007D', 'uni00A0']</msg>
<msg time="2025-09-23T23:49:06.943640" level="INFO">Glyph IDs:   [0, 1, 2, 3, 544, 727, 1256, 1257, 1258, 1260, 1261, 1262, 1264, 1265, 1266, 1267, 1307, 1308]</msg>
<msg time="2025-09-23T23:49:06.943677" level="INFO">Closed glyph list over 'glyf': 18 glyphs after</msg>
<msg time="2025-09-23T23:49:06.943700" level="INFO">Glyph names: ['.notdef', '.null', 'uni0020', 'uni0030', 'uni0031', 'uni0032', 'uni0033', 'uni0034', 'uni0035', 'uni0036', 'uni0037', 'uni0038', 'uni0039', 'uni0062', 'uni006E', 'uni007B', 'uni007D', 'uni00A0']</msg>
<msg time="2025-09-23T23:49:06.943750" level="INFO">Glyph IDs:   [0, 1, 2, 3, 544, 727, 1256, 1257, 1258, 1260, 1261, 1262, 1264, 1265, 1266, 1267, 1307, 1308]</msg>
<msg time="2025-09-23T23:49:06.943831" level="INFO">Retaining 18 glyphs</msg>
<msg time="2025-09-23T23:49:06.943912" level="INFO">head subsetting not needed</msg>
<msg time="2025-09-23T23:49:06.943942" level="INFO">hhea subsetting not needed</msg>
<msg time="2025-09-23T23:49:06.943970" level="INFO">maxp subsetting not needed</msg>
<msg time="2025-09-23T23:49:06.944000" level="INFO">OS/2 subsetting not needed</msg>
<msg time="2025-09-23T23:49:06.944077" level="INFO">hmtx subsetted</msg>
<msg time="2025-09-23T23:49:06.944377" level="INFO">cmap subsetted</msg>
<msg time="2025-09-23T23:49:06.944408" level="INFO">loca subsetting not needed</msg>
<msg time="2025-09-23T23:49:06.944444" level="INFO">post subsetted</msg>
<msg time="2025-09-23T23:49:06.944471" level="INFO">name subsetting not needed</msg>
<msg time="2025-09-23T23:49:06.944717" level="INFO">glyf subsetted</msg>
<msg time="2025-09-23T23:49:06.944793" level="INFO">head pruned</msg>
<msg time="2025-09-23T23:49:06.944890" level="INFO">OS/2 Unicode ranges pruned: [0]</msg>
<msg time="2025-09-23T23:49:06.944962" level="INFO">OS/2 CodePage ranges pruned: [0]</msg>
<msg time="2025-09-23T23:49:06.945106" level="INFO">glyf pruned</msg>
<msg time="2025-09-23T23:49:06.945213" level="INFO">name pruned</msg>
<msg time="2025-09-23T23:49:06.948710" level="INFO">maxp pruned</msg>
<msg time="2025-09-23T23:49:06.948804" level="INFO">cmap pruned</msg>
<msg time="2025-09-23T23:49:06.948854" level="INFO">post pruned</msg>
<msg time="2025-09-23T23:49:06.948879" level="INFO">GDEF dropped</msg>
<msg time="2025-09-23T23:49:06.948904" level="INFO">GPOS dropped</msg>
<msg time="2025-09-23T23:49:06.948928" level="INFO">GSUB dropped</msg>
<msg time="2025-09-23T23:49:06.949840" level="INFO">glyf pruned</msg>
<msg time="2025-09-23T23:49:06.951047" level="INFO">Added gid0 to subset</msg>
<msg time="2025-09-23T23:49:06.951083" level="INFO">Added first four glyphs to subset</msg>
<msg time="2025-09-23T23:49:06.951119" level="INFO">Closing glyph list over 'glyf': 18 glyphs before</msg>
<msg time="2025-09-23T23:49:06.951145" level="INFO">Glyph names: ['.notdef', '.null', 'uni0020', 'uni0030', 'uni0031', 'uni0032', 'uni0033', 'uni0034', 'uni0035', 'uni0036', 'uni0037', 'uni0038', 'uni0039', 'uni0062', 'uni006E', 'uni007B', 'uni007D', 'uni00A0']</msg>
<msg time="2025-09-23T23:49:06.951239" level="INFO">Glyph IDs:   [0, 1, 2, 3, 544, 727, 1256, 1257, 1258, 1260, 1261, 1262, 1264, 1265, 1266, 1267, 1307, 1308]</msg>
<msg time="2025-09-23T23:49:06.951276" level="INFO">Closed glyph list over 'glyf': 18 glyphs after</msg>
<msg time="2025-09-23T23:49:06.951300" level="INFO">Glyph names: ['.notdef', '.null', 'uni0020', 'uni0030', 'uni0031', 'uni0032', 'uni0033', 'uni0034', 'uni0035', 'uni0036', 'uni0037', 'uni0038', 'uni0039', 'uni0062', 'uni006E', 'uni007B', 'uni007D', 'uni00A0']</msg>
<msg time="2025-09-23T23:49:06.951352" level="INFO">Glyph IDs:   [0, 1, 2, 3, 544, 727, 1256, 1257, 1258, 1260, 1261, 1262, 1264, 1265, 1266, 1267, 1307, 1308]</msg>
<msg time="2025-09-23T23:49:06.951431" level="INFO">Retaining 18 glyphs</msg>
<msg time="2025-09-23T23:49:06.951512" level="INFO">head subsetting not needed</msg>
<msg time="2025-09-23T23:49:06.951543" level="INFO">hhea subsetting not needed</msg>
<msg time="2025-09-23T23:49:06.951572" level="INFO">maxp subsetting not needed</msg>
<msg time="2025-09-23T23:49:06.951603" level="INFO">OS/2 subsetting not needed</msg>
<msg time="2025-09-23T23:49:06.951677" level="INFO">hmtx subsetted</msg>
<msg time="2025-09-23T23:49:06.951971" level="INFO">cmap subsetted</msg>
<msg time="2025-09-23T23:49:06.952002" level="INFO">loca subsetting not needed</msg>
<msg time="2025-09-23T23:49:06.952038" level="INFO">post subsetted</msg>
<msg time="2025-09-23T23:49:06.952065" level="INFO">name subsetting not needed</msg>
<msg time="2025-09-23T23:49:06.952315" level="INFO">glyf subsetted</msg>
<msg time="2025-09-23T23:49:06.952390" level="INFO">head pruned</msg>
<msg time="2025-09-23T23:49:06.952471" level="INFO">OS/2 Unicode ranges pruned: [0]</msg>
<msg time="2025-09-23T23:49:06.952519" level="INFO">OS/2 CodePage ranges pruned: [0]</msg>
<msg time="2025-09-23T23:49:06.952661" level="INFO">glyf pruned</msg>
<msg time="2025-09-23T23:49:06.952766" level="INFO">name pruned</msg>
<arg>${html}</arg>
<arg>${out}</arg>
<doc>Generate a PDF file from HTML content.</doc>
<status status="PASS" start="2025-09-23T23:49:06.888486" elapsed="0.069054"/>
</kw>
<return>
<value>${out}</value>
<status status="PASS" start="2025-09-23T23:49:06.958236" elapsed="0.000070"/>
</return>
<msg time="2025-09-23T23:49:06.958450" level="INFO">${out} = output/pdf/Tempo_CEP_Tempo-CEP-válido_30140071.pdf</msg>
<var>${out}</var>
<arg>nome_consulta=${nome}</arg>
<arg>response=${response}</arg>
<arg>status=${status}</arg>
<arg>url_utilizada=${url}</arg>
<arg>metodo=${metodo}</arg>
<arg>headers=${headers}</arg>
<arg>tempo_ms=${tempo_ms}</arg>
<arg>out=${pdf_path}</arg>
<status status="PASS" start="2025-09-23T23:49:06.874945" elapsed="0.083523"/>
</kw>
<kw name="Attach File" owner="AllureLibrary">
<arg>${pdf_path}</arg>
<arg>name=Relatório ${nome}</arg>
<arg>attachment_type=application/pdf</arg>
<status status="PASS" start="2025-09-23T23:49:06.958883" elapsed="0.000784"/>
</kw>
<kw name="Log" owner="BuiltIn">
<msg time="2025-09-23T23:49:06.959890" level="INFO">PDF gerado em: output/pdf/Tempo_CEP_Tempo-CEP-válido_30140071.pdf</msg>
<arg>PDF gerado em: ${pdf_path}</arg>
<doc>Logs the given message with the given level.</doc>
<status status="PASS" start="2025-09-23T23:49:06.959802" elapsed="0.000113"/>
</kw>
<return>
<value>${pdf_path}</value>
<status status="PASS" start="2025-09-23T23:49:06.960263" elapsed="0.000039"/>
</return>
<msg time="2025-09-23T23:49:06.960416" level="INFO">${pdf} = output/pdf/Tempo_CEP_Tempo-CEP-válido_30140071.pdf</msg>
<var>${pdf}</var>
<arg>Tempo CEP válido</arg>
<arg>${cep}</arg>
<arg>${response}</arg>
<arg>${status}</arg>
<arg>${url}</arg>
<arg>${metodo}</arg>
<arg>${headers}</arg>
<arg>${tempo_ms}</arg>
<status status="PASS" start="2025-09-23T23:49:06.871350" elapsed="0.089082"/>
</kw>
<kw name="Adicionar PDF ao Relatório" owner="keywords" type="TEARDOWN">
<kw name="Run Keyword If" owner="BuiltIn">
<arg>'${pdf_path}' == ''</arg>
<arg>Fail</arg>
<arg>PDF path is empty.</arg>
<doc>Runs the given keyword with the given arguments, if ``condition`` is true.</doc>
<status status="PASS" start="2025-09-23T23:49:06.961098" elapsed="0.000103"/>
</kw>
<kw name="File Should Exist" owner="OperatingSystem">
<msg time="2025-09-23T23:49:06.961445" level="INFO" html="true">File '&lt;a href="file://C:\workspace\Projeto_via_cep\output\pdf\Tempo_CEP_Tempo-CEP-válido_30140071.pdf"&gt;C:\workspace\Projeto_via_cep\output\pdf\Tempo_CEP_Tempo-CEP-válido_30140071.pdf&lt;/a&gt;' exists.</msg>
<arg>${pdf_path}</arg>
<doc>Fails unless the given ``path`` points to an existing file.</doc>
<status status="PASS" start="2025-09-23T23:49:06.961312" elapsed="0.000178"/>
</kw>
<kw name="Log" owner="BuiltIn">
<msg time="2025-09-23T23:49:06.962073" level="INFO">PDF adicionado ao relatório: output/pdf/Tempo_CEP_Tempo-CEP-válido_30140071.pdf</msg>
<arg>PDF adicionado ao relatório: ${pdf_path}</arg>
<doc>Logs the given message with the given level.</doc>
<status status="PASS" start="2025-09-23T23:49:06.961964" elapsed="0.000147"/>
</kw>
<kw name="Attach File" owner="AllureLibrary">
<arg>${pdf_path}</arg>
<arg>application/pdf</arg>
<status status="PASS" start="2025-09-23T23:49:06.962558" elapsed="0.000621"/>
</kw>
<arg>${pdf}</arg>
<status status="PASS" start="2025-09-23T23:49:06.960903" elapsed="0.002383"/>
</kw>
<arg>${cep}</arg>
<status status="PASS" start="2025-09-23T23:49:06.600481" elapsed="0.362879"/>
</kw>
<status status="PASS" start="2025-09-23T23:49:06.600233" elapsed="0.363181"/>
</branch>
<branch type="ELSE IF" condition="$situacao == 'invalido'">
<kw name="Teste CEP inexistente" owner="keywords">
<arg>${cep}</arg>
<status status="NOT RUN" start="2025-09-23T23:49:06.963588" elapsed="0.000035"/>
</kw>
<status status="NOT RUN" start="2025-09-23T23:49:06.963472" elapsed="0.000213"/>
</branch>
<branch type="ELSE IF" condition="$situacao == 'malformado'">
<kw name="Teste tempo CEP malformado" owner="keywords">
<arg>${cep}</arg>
<status status="NOT RUN" start="2025-09-23T23:49:06.963823" elapsed="0.000022"/>
</kw>
<status status="NOT RUN" start="2025-09-23T23:49:06.963738" elapsed="0.000161"/>
</branch>
<status status="PASS" start="2025-09-23T23:49:06.600214" elapsed="0.363732"/>
</if>
<arg>30140071</arg>
<arg>valido</arg>
<status status="PASS" start="2025-09-23T23:49:06.599984" elapsed="0.363995"/>
</kw>
<kw name="Testar CEP" owner="keywords">
<if>
<branch type="IF" condition="$situacao == 'valido'">
<kw name="Teste tempo CEP válido" owner="keywords">
<kw name="Get CEP" owner="request">
<kw name="Replace String" owner="String">
<msg time="2025-09-23T23:49:06.965221" level="INFO">${endpoint} = ws/70040900/json</msg>
<var>${endpoint}</var>
<arg>${ENDPOINT_CONSULTA_CEP}</arg>
<arg>:cep:</arg>
<arg>${cep}</arg>
<doc>Replaces ``search_for`` in the given ``string`` with ``replace_with``.</doc>
<status status="PASS" start="2025-09-23T23:49:06.965081" elapsed="0.000162"/>
</kw>
<kw name="GET" owner="RequestsLibrary">
<msg time="2025-09-23T23:49:07.236209" level="INFO">GET Request : url=http://viacep.com.br/ws/70040900/json 
 path_url=/ws/70040900/json 
 headers={'User-Agent': 'python-requests/2.32.5', 'Accept-Encoding': 'gzip, deflate', 'Accept': '*/*', 'Connection': 'keep-alive'} 
 body=None 
 </msg>
[...]
<msg time="2025-09-23T23:49:08.374393" level="INFO">GDEF dropped</msg>
<msg time="2025-09-23T23:49:08.374422" level="INFO">GPOS dropped</msg>
<msg time="2025-09-23T23:49:08.374448" level="INFO">GSUB dropped</msg>
<msg time="2025-09-23T23:49:08.375375" level="INFO">glyf pruned</msg>
<msg time="2025-09-23T23:49:08.375675" level="INFO">Added gid0 to subset</msg>
<msg time="2025-09-23T23:49:08.375704" level="INFO">Added first four glyphs to subset</msg>
<msg time="2025-09-23T23:49:08.375741" level="INFO">Closing glyph list over 'glyf': 50 glyphs before</msg>
<msg time="2025-09-23T23:49:08.375771" level="INFO">Glyph names: ['.notdef', '.null', 'uni0020', 'uni002E', 'uni002F', 'uni0030', 'uni0031', 'uni0032', 'uni0033', 'uni0034', 'uni0035', 'uni0036', 'uni0037', 'uni0038', 'uni0039', 'uni003A', 'uni003D', 'uni0041', 'uni0043', 'uni0045', 'uni0046', 'uni0047', 'uni0048', 'uni0050', 'uni0052', 'uni0054', 'uni0061', 'uni0062', 'uni0063', 'uni0064', 'uni0065', 'uni0066', 'uni0067', 'uni0068', 'uni0069', 'uni006A', 'uni006C', 'uni006D', 'uni006E', 'uni006F', 'uni0070', 'uni0072', 'uni0073', 'uni0074', 'uni0075', 'uni0076', 'uni0077', 'uni007B', 'uni007D', 'uni00C4']</msg>
<msg time="2025-09-23T23:49:08.375851" level="INFO">Glyph IDs:   [0, 1, 2, 3, 73, 95, 137, 141, 161, 374, 382, 409, 504, 575, 582, 594, 612, 645, 650, 660, 679, 707, 723, 752, 759, 775, 827, 837, 867, 884, 899, 932, 936, 1294, 1295, 1296, 1298, 1299, 1300, 1302, 1303, 1304, 1305, 1345, 1346, 1357, 1404, 1407, 1426, 1681]</msg>
<msg time="2025-09-23T23:49:08.375901" level="INFO">Closed glyph list over 'glyf': 50 glyphs after</msg>
<msg time="2025-09-23T23:49:08.375931" level="INFO">Glyph names: ['.notdef', '.null', 'uni0020', 'uni002E', 'uni002F', 'uni0030', 'uni0031', 'uni0032', 'uni0033', 'uni0034', 'uni0035', 'uni0036', 'uni0037', 'uni0038', 'uni0039', 'uni003A', 'uni003D', 'uni0041', 'uni0043', 'uni0045', 'uni0046', 'uni0047', 'uni0048', 'uni0050', 'uni0052', 'uni0054', 'uni0061', 'uni0062', 'uni0063', 'uni0064', 'uni0065', 'uni0066', 'uni0067', 'uni0068', 'uni0069', 'uni006A', 'uni006C', 'uni006D', 'uni006E', 'uni006F', 'uni0070', 'uni0072', 'uni0073', 'uni0074', 'uni0075', 'uni0076', 'uni0077', 'uni007B', 'uni007D', 'uni00C4']</msg>
<msg time="2025-09-23T23:49:08.375999" level="INFO">Glyph IDs:   [0, 1, 2, 3, 73, 95, 137, 141, 161, 374, 382, 409, 504, 575, 582, 594, 612, 645, 650, 660, 679, 707, 723, 752, 759, 775, 827, 837, 867, 884, 899, 932, 936, 1294, 1295, 1296, 1298, 1299, 1300, 1302, 1303, 1304, 1305, 1345, 1346, 1357, 1404, 1407, 1426, 1681]</msg>
<msg time="2025-09-23T23:49:08.376129" level="INFO">Retaining 50 glyphs</msg>
<msg time="2025-09-23T23:49:08.376317" level="INFO">head subsetting not needed</msg>
<msg time="2025-09-23T23:49:08.376379" level="INFO">hhea subsetting not needed</msg>
<msg time="2025-09-23T23:49:08.376425" level="INFO">maxp subsetting not needed</msg>
<msg time="2025-09-23T23:49:08.376462" level="INFO">OS/2 subsetting not needed</msg>
<msg time="2025-09-23T23:49:08.376590" level="INFO">hmtx subsetted</msg>
<msg time="2025-09-23T23:49:08.377070" level="INFO">cmap subsetted</msg>
<msg time="2025-09-23T23:49:08.377108" level="INFO">prep subsetting not needed</msg>
<msg time="2025-09-23T23:49:08.377137" level="INFO">loca subsetting not needed</msg>
<msg time="2025-09-23T23:49:08.377178" level="INFO">post subsetted</msg>
<msg time="2025-09-23T23:49:08.377208" level="INFO">gasp subsetting not needed</msg>
<msg time="2025-09-23T23:49:08.377240" level="INFO">STAT subsetting not needed</msg>
<msg time="2025-09-23T23:49:08.377266" level="INFO">name subsetting not needed</msg>
<msg time="2025-09-23T23:49:08.377571" level="INFO">glyf subsetted</msg>
<msg time="2025-09-23T23:49:08.377667" level="INFO">head pruned</msg>
<msg time="2025-09-23T23:49:08.377754" level="INFO">OS/2 Unicode ranges pruned: [0]</msg>
<msg time="2025-09-23T23:49:08.377830" level="INFO">OS/2 CodePage ranges pruned: [0]</msg>
<msg time="2025-09-23T23:49:08.378081" level="INFO">glyf pruned</msg>
<msg time="2025-09-23T23:49:08.378547" level="INFO">name pruned</msg>
<msg time="2025-09-23T23:49:08.383982" level="INFO">maxp pruned</msg>
<msg time="2025-09-23T23:49:08.384082" level="INFO">cmap pruned</msg>
<msg time="2025-09-23T23:49:08.384138" level="INFO">post pruned</msg>
<msg time="2025-09-23T23:49:08.384180" level="INFO">GDEF dropped</msg>
<msg time="2025-09-23T23:49:08.384206" level="INFO">GPOS dropped</msg>
<msg time="2025-09-23T23:49:08.384229" level="INFO">GSUB dropped</msg>
<msg time="2025-09-23T23:49:08.385132" level="INFO">glyf pruned</msg>
<msg time="2025-09-23T23:49:08.385393" level="INFO">Added gid0 to subset</msg>
<msg time="2025-09-23T23:49:08.385420" level="INFO">Added first four glyphs to subset</msg>
<msg time="2025-09-23T23:49:08.385455" level="INFO">Closing glyph list over 'glyf': 37 glyphs before</msg>
<msg time="2025-09-23T23:49:08.385484" level="INFO">Glyph names: ['.notdef', '.null', 'uni0020', 'uni0030', 'uni0031', 'uni0032', 'uni0033', 'uni0034', 'uni0035', 'uni0036', 'uni0037', 'uni0038', 'uni0039', 'uni003A', 'uni0041', 'uni004C', 'uni004D', 'uni0052', 'uni0053', 'uni0054', 'uni0055', 'uni0061', 'uni0062', 'uni0064', 'uni0065', 'uni006D', 'uni006E', 'uni006F', 'uni0070', 'uni0072', 'uni0073', 'uni0074', 'uni0075', 'uni007B', 'uni007D', 'uni00C4', 'uni00E9']</msg>
<msg time="2025-09-23T23:49:08.385558" level="INFO">Glyph IDs:   [0, 1, 2, 3, 280, 291, 382, 395, 409, 421, 504, 575, 594, 612, 616, 752, 759, 775, 827, 837, 867, 884, 899, 1294, 1295, 1296, 1298, 1299, 1300, 1302, 1303, 1304, 1305, 1345, 1346, 1407, 1681]</msg>
<msg time="2025-09-23T23:49:08.385600" level="INFO">Closed glyph list over 'glyf': 38 glyphs after</msg>
<msg time="2025-09-23T23:49:08.385624" level="INFO">Glyph names: ['.notdef', '.null', 'uni0020', 'uni0030', 'uni0031', 'uni0032', 'uni0033', 'uni0034', 'uni0035', 'uni0036', 'uni0037', 'uni0038', 'uni0039', 'uni003A', 'uni0041', 'uni004C', 'uni004D', 'uni0052', 'uni0053', 'uni0054', 'uni0055', 'uni0061', 'uni0062', 'uni0064', 'uni0065', 'uni006D', 'uni006E', 'uni006F', 'uni0070', 'uni0072', 'uni0073', 'uni0074', 'uni0075', 'uni007B', 'uni007D', 'uni00B4', 'uni00C4', 'uni00E9']</msg>
<msg time="2025-09-23T23:49:08.385726" level="INFO">Glyph IDs:   [0, 1, 2, 3, 280, 291, 382, 395, 409, 421, 504, 575, 594, 612, 616, 752, 759, 775, 827, 837, 867, 884, 899, 1294, 1295, 1296, 1298, 1299, 1300, 1302, 1303, 1304, 1305, 1345, 1346, 1407, 1636, 1681]</msg>
<msg time="2025-09-23T23:49:08.385815" level="INFO">Retaining 38 glyphs</msg>
<msg time="2025-09-23T23:49:08.385959" level="INFO">head subsetting not needed</msg>
<msg time="2025-09-23T23:49:08.386012" level="INFO">hhea subsetting not needed</msg>
<msg time="2025-09-23T23:49:08.386048" level="INFO">maxp subsetting not needed</msg>
<msg time="2025-09-23T23:49:08.386084" level="INFO">OS/2 subsetting not needed</msg>
<msg time="2025-09-23T23:49:08.386230" level="INFO">hmtx subsetted</msg>
<msg time="2025-09-23T23:49:08.386694" level="INFO">cmap subsetted</msg>
<msg time="2025-09-23T23:49:08.386741" level="INFO">prep subsetting not needed</msg>
<msg time="2025-09-23T23:49:08.386777" level="INFO">loca subsetting not needed</msg>
<msg time="2025-09-23T23:49:08.386818" level="INFO">post subsetted</msg>
<msg time="2025-09-23T23:49:08.386855" level="INFO">gasp subsetting not needed</msg>
<msg time="2025-09-23T23:49:08.386889" level="INFO">STAT subsetting not needed</msg>
<msg time="2025-09-23T23:49:08.386918" level="INFO">name subsetting not needed</msg>
<msg time="2025-09-23T23:49:08.387229" level="INFO">glyf subsetted</msg>
<msg time="2025-09-23T23:49:08.387333" level="INFO">head pruned</msg>
<msg time="2025-09-23T23:49:08.387425" level="INFO">OS/2 Unicode ranges pruned: [0, 1]</msg>
<msg time="2025-09-23T23:49:08.387480" level="INFO">OS/2 CodePage ranges pruned: [0]</msg>
<msg time="2025-09-23T23:49:08.387701" level="INFO">glyf pruned</msg>
<msg time="2025-09-23T23:49:08.388073" level="INFO">name pruned</msg>
<msg time="2025-09-23T23:49:08.392874" level="INFO">maxp pruned</msg>
<msg time="2025-09-23T23:49:08.392970" level="INFO">cmap pruned</msg>
<msg time="2025-09-23T23:49:08.393035" level="INFO">post pruned</msg>
<msg time="2025-09-23T23:49:08.393061" level="INFO">GDEF dropped</msg>
<msg time="2025-09-23T23:49:08.393089" level="INFO">GPOS dropped</msg>
<msg time="2025-09-23T23:49:08.393114" level="INFO">GSUB dropped</msg>
<msg time="2025-09-23T23:49:08.394065" level="INFO">glyf pruned</msg>
<msg time="2025-09-23T23:49:08.395360" level="INFO">Added gid0 to subset</msg>
<msg time="2025-09-23T23:49:08.395403" level="INFO">Added first four glyphs to subset</msg>
<msg time="2025-09-23T23:49:08.395443" level="INFO">Closing glyph list over 'glyf': 18 glyphs before</msg>
<msg time="2025-09-23T23:49:08.395472" level="INFO">Glyph names: ['.notdef', '.null', 'uni0020', 'uni0030', 'uni0031', 'uni0032', 'uni0033', 'uni0034', 'uni0035', 'uni0036', 'uni0037', 'uni0038', 'uni0039', 'uni0062', 'uni006E', 'uni007B', 'uni007D', 'uni00A0']</msg>
<msg time="2025-09-23T23:49:08.395533" level="INFO">Glyph IDs:   [0, 1, 2, 3, 544, 727, 1256, 1257, 1258, 1260, 1261, 1262, 1264, 1265, 1266, 1267, 1307, 1308]</msg>
<msg time="2025-09-23T23:49:08.395575" level="INFO">Closed glyph list over 'glyf': 18 glyphs after</msg>
<msg time="2025-09-23T23:49:08.395602" level="INFO">Glyph names: ['.notdef', '.null', 'uni0020', 'uni0030', 'uni0031', 'uni0032', 'uni0033', 'uni0034', 'uni0035', 'uni0036', 'uni0037', 'uni0038', 'uni0039', 'uni0062', 'uni006E', 'uni007B', 'uni007D', 'uni00A0']</msg>
<msg time="2025-09-23T23:49:08.395657" level="INFO">Glyph IDs:   [0, 1, 2, 3, 544, 727, 1256, 1257, 1258, 1260, 1261, 1262, 1264, 1265, 1266, 1267, 1307, 1308]</msg>
<msg time="2025-09-23T23:49:08.395740" level="INFO">Retaining 18 glyphs</msg>
<msg time="2025-09-23T23:49:08.395845" level="INFO">head subsetting not needed</msg>
<msg time="2025-09-23T23:49:08.395895" level="INFO">hhea subsetting not needed</msg>
<msg time="2025-09-23T23:49:08.395931" level="INFO">maxp subsetting not needed</msg>
<msg time="2025-09-23T23:49:08.395966" level="INFO">OS/2 subsetting not needed</msg>
<msg time="2025-09-23T23:49:08.396097" level="INFO">hmtx subsetted</msg>
<msg time="2025-09-23T23:49:08.396406" level="INFO">cmap subsetted</msg>
<msg time="2025-09-23T23:49:08.396442" level="INFO">loca subsetting not needed</msg>
<msg time="2025-09-23T23:49:08.396489" level="INFO">post subsetted</msg>
<msg time="2025-09-23T23:49:08.396520" level="INFO">name subsetting not needed</msg>
<msg time="2025-09-23T23:49:08.396848" level="INFO">glyf subsetted</msg>
<msg time="2025-09-23T23:49:08.396936" level="INFO">head pruned</msg>
<msg time="2025-09-23T23:49:08.397026" level="INFO">OS/2 Unicode ranges pruned: [0]</msg>
<msg time="2025-09-23T23:49:08.397078" level="INFO">OS/2 CodePage ranges pruned: [0]</msg>
<msg time="2025-09-23T23:49:08.397223" level="INFO">glyf pruned</msg>
<msg time="2025-09-23T23:49:08.397326" level="INFO">name pruned</msg>
<msg time="2025-09-23T23:49:08.400552" level="INFO">maxp pruned</msg>
<msg time="2025-09-23T23:49:08.400636" level="INFO">cmap pruned</msg>
<msg time="2025-09-23T23:49:08.400686" level="INFO">post pruned</msg>
<msg time="2025-09-23T23:49:08.400709" level="INFO">GDEF dropped</msg>
<msg time="2025-09-23T23:49:08.400734" level="INFO">GPOS dropped</msg>
<msg time="2025-09-23T23:49:08.400756" level="INFO">GSUB dropped</msg>
<msg time="2025-09-23T23:49:08.401679" level="INFO">glyf pruned</msg>
<msg time="2025-09-23T23:49:08.402853" level="INFO">Added gid0 to subset</msg>
<msg time="2025-09-23T23:49:08.402885" level="INFO">Added first four glyphs to subset</msg>
<msg time="2025-09-23T23:49:08.402920" level="INFO">Closing glyph list over 'glyf': 18 glyphs before</msg>
<msg time="2025-09-23T23:49:08.402946" level="INFO">Glyph names: ['.notdef', '.null', 'uni0020', 'uni0030', 'uni0031', 'uni0032', 'uni0033', 'uni0034', 'uni0035', 'uni0036', 'uni0037', 'uni0038', 'uni0039', 'uni0062', 'uni006E', 'uni007B', 'uni007D', 'uni00A0']</msg>
<msg time="2025-09-23T23:49:08.403007" level="INFO">Glyph IDs:   [0, 1, 2, 3, 544, 727, 1256, 1257, 1258, 1260, 1261, 1262, 1264, 1265, 1266, 1267, 1307, 1308]</msg>
<msg time="2025-09-23T23:49:08.403041" level="INFO">Closed glyph list over 'glyf': 18 glyphs after</msg>
<msg time="2025-09-23T23:49:08.403065" level="INFO">Glyph names: ['.notdef', '.null', 'uni0020', 'uni0030', 'uni0031', 'uni0032', 'uni0033', 'uni0034', 'uni0035', 'uni0036', 'uni0037', 'uni0038', 'uni0039', 'uni0062', 'uni006E', 'uni007B', 'uni007D', 'uni00A0']</msg>
<msg time="2025-09-23T23:49:08.403114" level="INFO">Glyph IDs:   [0, 1, 2, 3, 544, 727, 1256, 1257, 1258, 1260, 1261, 1262, 1264, 1265, 1266, 1267, 1307, 1308]</msg>
<msg time="2025-09-23T23:49:08.403192" level="INFO">Retaining 18 glyphs</msg>
<msg time="2025-09-23T23:49:08.403272" level="INFO">head subsetting not needed</msg>
<msg time="2025-09-23T23:49:08.403302" level="INFO">hhea subsetting not needed</msg>
<msg time="2025-09-23T23:49:08.403329" level="INFO">maxp subsetting not needed</msg>
<msg time="2025-09-23T23:49:08.403358" level="INFO">OS/2 subsetting not needed</msg>
<msg time="2025-09-23T23:49:08.403437" level="INFO">hmtx subsetted</msg>
<msg time="2025-09-23T23:49:08.403730" level="INFO">cmap subsetted</msg>
<msg time="2025-09-23T23:49:08.403760" level="INFO">loca subsetting not needed</msg>
<msg time="2025-09-23T23:49:08.403796" level="INFO">post subsetted</msg>
<msg time="2025-09-23T23:49:08.403822" level="INFO">name subsetting not needed</msg>
<msg time="2025-09-23T23:49:08.404083" level="INFO">glyf subsetted</msg>
<msg time="2025-09-23T23:49:08.404176" level="INFO">head pruned</msg>
<msg time="2025-09-23T23:49:08.404248" level="INFO">OS/2 Unicode ranges pruned: [0]</msg>
<msg time="2025-09-23T23:49:08.404291" level="INFO">OS/2 CodePage ranges pruned: [0]</msg>
<msg time="2025-09-23T23:49:08.404422" level="INFO">glyf pruned</msg>
<msg time="2025-09-23T23:49:08.404510" level="INFO">name pruned</msg>
<arg>${html}</arg>
<arg>${out}</arg>
<doc>Generate a PDF file from HTML content.</doc>
<status status="PASS" start="2025-09-23T23:49:08.341526" elapsed="0.067136"/>
</kw>
<return>
<value>${out}</value>
<status status="PASS" start="2025-09-23T23:49:08.409316" elapsed="0.000057"/>
</return>
<msg time="2025-09-23T23:49:08.409546" level="INFO">${out} = output/pdf/Tempo_CEP_Tempo-CEP-malformado_123.pdf</msg>
<var>${out}</var>
<arg>nome_consulta=${nome}</arg>
<arg>response=${response}</arg>
<arg>status=${status}</arg>
<arg>url_utilizada=${url}</arg>
<arg>metodo=${metodo}</arg>
<arg>headers=${headers}</arg>
<arg>tempo_ms=${tempo_ms}</arg>
<arg>out=${pdf_path}</arg>
<status status="PASS" start="2025-09-23T23:49:08.331460" elapsed="0.078104"/>
</kw>
<kw name="Attach File" owner="AllureLibrary">
<arg>${pdf_path}</arg>
<arg>name=Relatório ${nome}</arg>
<arg>attachment_type=application/pdf</arg>
<status status="PASS" start="2025-09-23T23:49:08.409971" elapsed="0.000661"/>
</kw>
<kw name="Log" owner="BuiltIn">
<msg time="2025-09-23T23:49:08.410853" level="INFO">PDF gerado em: output/pdf/Tempo_CEP_Tempo-CEP-malformado_123.pdf</msg>
<arg>PDF gerado em: ${pdf_path}</arg>
<doc>Logs the given message with the given level.</doc>
<status status="PASS" start="2025-09-23T23:49:08.410767" elapsed="0.000110"/>
</kw>
<return>
<value>${pdf_path}</value>
<status status="PASS" start="2025-09-23T23:49:08.411351" elapsed="0.000041"/>
</return>
<msg time="2025-09-23T23:49:08.411522" level="INFO">${pdf} = output/pdf/Tempo_CEP_Tempo-CEP-malformado_123.pdf</msg>
<var>${pdf}</var>
<arg>Tempo CEP malformado</arg>
<arg>${cep}</arg>
<arg>${response}</arg>
<arg>${status}</arg>
<arg>${url}</arg>
<arg>${metodo}</arg>
<arg>${headers}</arg>
<arg>${tempo_ms}</arg>
<status status="PASS" start="2025-09-23T23:49:08.328790" elapsed="0.082753"/>
</kw>
<kw name="Adicionar PDF ao Relatório" owner="keywords" type="TEARDOWN">
<kw name="Run Keyword If" owner="BuiltIn">
<arg>'${pdf_path}' == ''</arg>
<arg>Fail</arg>
<arg>PDF path is empty.</arg>
<doc>Runs the given keyword with the given arguments, if ``condition`` is true.</doc>
<status status="PASS" start="2025-09-23T23:49:08.412435" elapsed="0.000171"/>
</kw>
<kw name="File Should Exist" owner="OperatingSystem">
<msg time="2025-09-23T23:49:08.412934" level="INFO" html="true">File '&lt;a href="file://C:\workspace\Projeto_via_cep\output\pdf\Tempo_CEP_Tempo-CEP-malformado_123.pdf"&gt;C:\workspace\Projeto_via_cep\output\pdf\Tempo_CEP_Tempo-CEP-malformado_123.pdf&lt;/a&gt;' exists.</msg>
<arg>${pdf_path}</arg>
<doc>Fails unless the given ``path`` points to an existing file.</doc>
<status status="PASS" start="2025-09-23T23:49:08.412744" elapsed="0.000235"/>
</kw>
<kw name="Log" owner="BuiltIn">
<msg time="2025-09-23T23:49:08.413691" level="INFO">PDF adicionado ao relatório: output/pdf/Tempo_CEP_Tempo-CEP-malformado_123.pdf</msg>
<arg>PDF adicionado ao relatório: ${pdf_path}</arg>
<doc>Logs the given message with the given level.</doc>
<status status="PASS" start="2025-09-23T23:49:08.413563" elapsed="0.000160"/>
</kw>
<kw name="Attach File" owner="AllureLibrary">
<arg>${pdf_path}</arg>
<arg>application/pdf</arg>
<status status="PASS" start="2025-09-23T23:49:08.414186" elapsed="0.000639"/>
</kw>
<arg>${pdf}</arg>
<status status="PASS" start="2025-09-23T23:49:08.412154" elapsed="0.002773"/>
</kw>
<arg>${cep}</arg>
<status status="PASS" start="2025-09-23T23:49:08.065092" elapsed="0.349902"/>
</kw>
<status status="PASS" start="2025-09-23T23:49:08.064941" elapsed="0.350105"/>
</branch>
<status status="PASS" start="2025-09-23T23:49:08.064168" elapsed="0.350933"/>
</if>
<arg>123</arg>
<arg>malformado</arg>
<status status="PASS" start="2025-09-23T23:49:08.063947" elapsed="0.351185"/>
</kw>
<status status="PASS" start="2025-09-23T23:49:06.194389" elapsed="2.220973"/>
</test>
<test id="s1-s1-t2" name="Smoke Import Schema Keyword" line="16">
<kw name="Evaluate" owner="BuiltIn">
<msg time="2025-09-23T23:49:08.419051" level="INFO">${body} = {'cep': '01001-000', 'localidade': 'São Paulo', 'uf': 'SP'}</msg>
<var>${body}</var>
<arg>{"cep":"01001-000","localidade":"São Paulo","uf":"SP"}</arg>
<doc>Evaluates the given expression in Python and returns the result.</doc>
<status status="PASS" start="2025-09-23T23:49:08.418888" elapsed="0.000183"/>
</kw>
<kw name="Validar JSON Por Schema" owner="schema_keywords">
<arg>${body}</arg>
<arg>${EXECDIR}/resources/data/schemas/cep_schema.json</arg>
<doc>Valida um dicionário JSON `body` contra um schema em `schema_path`.</doc>
<status status="PASS" start="2025-09-23T23:49:08.419532" elapsed="0.001123"/>
</kw>
<status status="PASS" start="2025-09-23T23:49:08.418552" elapsed="0.002318"/>
</test>
<kw name="Mesclar PDFs Da Execução (Python)" owner="gerar_pdf" type="TEARDOWN">
<kw name="Merge Pdfs" owner="pdf_merge">
<msg time="2025-09-23T23:49:08.585682" level="INFO">${saida} = output/execucao.pdf</msg>
<var>${saida}</var>
<arg>input_dir=output/pdf</arg>
<arg>pattern=*.pdf</arg>
<arg>out=output/execucao.pdf</arg>
<status status="PASS" start="2025-09-23T23:49:08.423056" elapsed="0.162687"/>
</kw>
<kw name="Log" owner="BuiltIn">
<msg time="2025-09-23T23:49:08.586487" level="INFO">PDFs mesclados em: output/execucao.pdf</msg>
<arg>PDFs mesclados em: ${saida}</arg>
<doc>Logs the given message with the given level.</doc>
<status status="PASS" start="2025-09-23T23:49:08.586355" elapsed="0.000161"/>
</kw>
<status status="PASS" start="2025-09-23T23:49:08.422848" elapsed="0.164039"/>
</kw>
<status status="PASS" start="2025-09-23T23:49:05.825271" elapsed="2.761691"/>
</suite>
<status status="PASS" start="2025-09-23T23:49:05.815761" elapsed="2.783310"/>
</suite>
<statistics>
<total>
<stat pass="2" fail="0" skip="0">All Tests</stat>
</total>
<tag>
</tag>
<suite>
<stat name="Tests" id="s1" pass="2" fail="0" skip="0">Tests</stat>
<stat name="Test Cep" id="s1-s1" pass="2" fail="0" skip="0">Tests.Test Cep</stat>
</suite>
</statistics>
<errors>
</errors>
</robot>
